[2023-02-20 21:03:14,703] {taskinstance.py:1032} INFO - Dependencies all met for <TaskInstance: tutorial.say_id manual__2023-02-20T21:03:13.023449+00:00 [queued]>
[2023-02-20 21:03:14,727] {taskinstance.py:1032} INFO - Dependencies all met for <TaskInstance: tutorial.say_id manual__2023-02-20T21:03:13.023449+00:00 [queued]>
[2023-02-20 21:03:14,729] {taskinstance.py:1238} INFO - 
--------------------------------------------------------------------------------
[2023-02-20 21:03:14,731] {taskinstance.py:1239} INFO - Starting attempt 1 of 2
[2023-02-20 21:03:14,732] {taskinstance.py:1240} INFO - 
--------------------------------------------------------------------------------
[2023-02-20 21:03:14,755] {taskinstance.py:1259} INFO - Executing <Task(_PythonDecoratedOperator): say_id> on 2023-02-20 21:03:13.023449+00:00
[2023-02-20 21:03:14,767] {standard_task_runner.py:52} INFO - Started process 104 to run task
[2023-02-20 21:03:14,773] {standard_task_runner.py:76} INFO - Running: ['***', 'tasks', 'run', 'tutorial', 'say_id', 'manual__2023-02-20T21:03:13.023449+00:00', '--job-id', '115', '--raw', '--subdir', 'DAGS_FOLDER/reddit_ingestion_dag.py', '--cfg-path', '/tmp/tmpwsm55lp4', '--error-file', '/tmp/tmptx83kagm']
[2023-02-20 21:03:14,774] {standard_task_runner.py:77} INFO - Job 115: Subtask say_id
[2023-02-20 21:03:14,864] {logging_mixin.py:109} INFO - Running <TaskInstance: tutorial.say_id manual__2023-02-20T21:03:13.023449+00:00 [running]> on host 9c490ad5bf0f
[2023-02-20 21:03:14,931] {taskinstance.py:1426} INFO - Exporting the following env vars:
AIRFLOW_CTX_DAG_EMAIL=***@example.com
AIRFLOW_CTX_DAG_OWNER=***
AIRFLOW_CTX_DAG_ID=tutorial
AIRFLOW_CTX_TASK_ID=say_id
AIRFLOW_CTX_EXECUTION_DATE=2023-02-20T21:03:13.023449+00:00
AIRFLOW_CTX_DAG_RUN_ID=manual__2023-02-20T21:03:13.023449+00:00
[2023-02-20 21:03:14,933] {logging_mixin.py:109} INFO - Hi
[2023-02-20 21:03:14,934] {python.py:175} INFO - Done. Returned value was: None
[2023-02-20 21:03:14,949] {taskinstance.py:1277} INFO - Marking task as SUCCESS. dag_id=tutorial, task_id=say_id, execution_date=20230220T210313, start_date=20230220T210314, end_date=20230220T210314
[2023-02-20 21:03:15,028] {local_task_job.py:154} INFO - Task exited with return code 0
[2023-02-20 21:03:15,075] {local_task_job.py:264} INFO - 1 downstream tasks scheduled from follow-on schedule check
