[2023-02-20 21:53:49,659] {taskinstance.py:1032} INFO - Dependencies all met for <TaskInstance: tutorial.say_id manual__2023-02-20T21:53:48.811666+00:00 [queued]>
[2023-02-20 21:53:49,678] {taskinstance.py:1032} INFO - Dependencies all met for <TaskInstance: tutorial.say_id manual__2023-02-20T21:53:48.811666+00:00 [queued]>
[2023-02-20 21:53:49,680] {taskinstance.py:1238} INFO - 
--------------------------------------------------------------------------------
[2023-02-20 21:53:49,681] {taskinstance.py:1239} INFO - Starting attempt 1 of 2
[2023-02-20 21:53:49,682] {taskinstance.py:1240} INFO - 
--------------------------------------------------------------------------------
[2023-02-20 21:53:49,703] {taskinstance.py:1259} INFO - Executing <Task(_PythonDecoratedOperator): say_id> on 2023-02-20 21:53:48.811666+00:00
[2023-02-20 21:53:49,714] {standard_task_runner.py:52} INFO - Started process 1032 to run task
[2023-02-20 21:53:49,720] {standard_task_runner.py:76} INFO - Running: ['***', 'tasks', 'run', 'tutorial', 'say_id', 'manual__2023-02-20T21:53:48.811666+00:00', '--job-id', '140', '--raw', '--subdir', 'DAGS_FOLDER/reddit_ingestion_dag.py', '--cfg-path', '/tmp/tmp8d7cwkru', '--error-file', '/tmp/tmp3ifsnn24']
[2023-02-20 21:53:49,723] {standard_task_runner.py:77} INFO - Job 140: Subtask say_id
[2023-02-20 21:53:49,836] {logging_mixin.py:109} INFO - Running <TaskInstance: tutorial.say_id manual__2023-02-20T21:53:48.811666+00:00 [running]> on host 1b319cb4c67b
[2023-02-20 21:53:49,932] {taskinstance.py:1426} INFO - Exporting the following env vars:
AIRFLOW_CTX_DAG_EMAIL=***@example.com
AIRFLOW_CTX_DAG_OWNER=***
AIRFLOW_CTX_DAG_ID=tutorial
AIRFLOW_CTX_TASK_ID=say_id
AIRFLOW_CTX_EXECUTION_DATE=2023-02-20T21:53:48.811666+00:00
AIRFLOW_CTX_DAG_RUN_ID=manual__2023-02-20T21:53:48.811666+00:00
[2023-02-20 21:53:49,935] {logging_mixin.py:109} INFO - Hi
[2023-02-20 21:53:49,936] {python.py:175} INFO - Done. Returned value was: None
[2023-02-20 21:53:49,957] {taskinstance.py:1277} INFO - Marking task as SUCCESS. dag_id=tutorial, task_id=say_id, execution_date=20230220T215348, start_date=20230220T215349, end_date=20230220T215349
[2023-02-20 21:53:50,020] {local_task_job.py:154} INFO - Task exited with return code 0
[2023-02-20 21:53:50,088] {local_task_job.py:264} INFO - 1 downstream tasks scheduled from follow-on schedule check
