[2023-02-20 20:52:59,411] {taskinstance.py:1032} INFO - Dependencies all met for <TaskInstance: tutorial.say_id manual__2023-02-20T20:52:56.783964+00:00 [queued]>
[2023-02-20 20:52:59,432] {taskinstance.py:1032} INFO - Dependencies all met for <TaskInstance: tutorial.say_id manual__2023-02-20T20:52:56.783964+00:00 [queued]>
[2023-02-20 20:52:59,434] {taskinstance.py:1238} INFO - 
--------------------------------------------------------------------------------
[2023-02-20 20:52:59,436] {taskinstance.py:1239} INFO - Starting attempt 1 of 2
[2023-02-20 20:52:59,437] {taskinstance.py:1240} INFO - 
--------------------------------------------------------------------------------
[2023-02-20 20:52:59,460] {taskinstance.py:1259} INFO - Executing <Task(_PythonDecoratedOperator): say_id> on 2023-02-20 20:52:56.783964+00:00
[2023-02-20 20:52:59,470] {standard_task_runner.py:52} INFO - Started process 351 to run task
[2023-02-20 20:52:59,493] {standard_task_runner.py:76} INFO - Running: ['***', 'tasks', 'run', 'tutorial', 'say_id', 'manual__2023-02-20T20:52:56.783964+00:00', '--job-id', '109', '--raw', '--subdir', 'DAGS_FOLDER/reddit_ingestion_dag.py', '--cfg-path', '/tmp/tmpiq8hun8t', '--error-file', '/tmp/tmpbm_95plr']
[2023-02-20 20:52:59,495] {standard_task_runner.py:77} INFO - Job 109: Subtask say_id
[2023-02-20 20:52:59,605] {logging_mixin.py:109} INFO - Running <TaskInstance: tutorial.say_id manual__2023-02-20T20:52:56.783964+00:00 [running]> on host de4414e9a637
[2023-02-20 20:52:59,717] {taskinstance.py:1426} INFO - Exporting the following env vars:
AIRFLOW_CTX_DAG_EMAIL=***@example.com
AIRFLOW_CTX_DAG_OWNER=***
AIRFLOW_CTX_DAG_ID=tutorial
AIRFLOW_CTX_TASK_ID=say_id
AIRFLOW_CTX_EXECUTION_DATE=2023-02-20T20:52:56.783964+00:00
AIRFLOW_CTX_DAG_RUN_ID=manual__2023-02-20T20:52:56.783964+00:00
[2023-02-20 20:52:59,721] {logging_mixin.py:109} INFO - Hi
[2023-02-20 20:52:59,722] {python.py:175} INFO - Done. Returned value was: None
[2023-02-20 20:52:59,760] {taskinstance.py:1277} INFO - Marking task as SUCCESS. dag_id=tutorial, task_id=say_id, execution_date=20230220T205256, start_date=20230220T205259, end_date=20230220T205259
[2023-02-20 20:52:59,820] {local_task_job.py:154} INFO - Task exited with return code 0
[2023-02-20 20:52:59,895] {local_task_job.py:264} INFO - 1 downstream tasks scheduled from follow-on schedule check
