[2023-02-20 20:51:13,200] {taskinstance.py:1032} INFO - Dependencies all met for <TaskInstance: tutorial.say_id manual__2023-02-20T20:51:11.906654+00:00 [queued]>
[2023-02-20 20:51:13,221] {taskinstance.py:1032} INFO - Dependencies all met for <TaskInstance: tutorial.say_id manual__2023-02-20T20:51:11.906654+00:00 [queued]>
[2023-02-20 20:51:13,223] {taskinstance.py:1238} INFO - 
--------------------------------------------------------------------------------
[2023-02-20 20:51:13,229] {taskinstance.py:1239} INFO - Starting attempt 1 of 2
[2023-02-20 20:51:13,230] {taskinstance.py:1240} INFO - 
--------------------------------------------------------------------------------
[2023-02-20 20:51:13,250] {taskinstance.py:1259} INFO - Executing <Task(_PythonDecoratedOperator): say_id> on 2023-02-20 20:51:11.906654+00:00
[2023-02-20 20:51:13,257] {standard_task_runner.py:52} INFO - Started process 268 to run task
[2023-02-20 20:51:13,263] {standard_task_runner.py:76} INFO - Running: ['***', 'tasks', 'run', 'tutorial', 'say_id', 'manual__2023-02-20T20:51:11.906654+00:00', '--job-id', '107', '--raw', '--subdir', 'DAGS_FOLDER/reddit_ingestion_dag.py', '--cfg-path', '/tmp/tmp07ygbtmb', '--error-file', '/tmp/tmpaq9bkc3b']
[2023-02-20 20:51:13,273] {standard_task_runner.py:77} INFO - Job 107: Subtask say_id
[2023-02-20 20:51:13,400] {logging_mixin.py:109} INFO - Running <TaskInstance: tutorial.say_id manual__2023-02-20T20:51:11.906654+00:00 [running]> on host de4414e9a637
[2023-02-20 20:51:13,508] {taskinstance.py:1426} INFO - Exporting the following env vars:
AIRFLOW_CTX_DAG_EMAIL=***@example.com
AIRFLOW_CTX_DAG_OWNER=***
AIRFLOW_CTX_DAG_ID=tutorial
AIRFLOW_CTX_TASK_ID=say_id
AIRFLOW_CTX_EXECUTION_DATE=2023-02-20T20:51:11.906654+00:00
AIRFLOW_CTX_DAG_RUN_ID=manual__2023-02-20T20:51:11.906654+00:00
[2023-02-20 20:51:13,510] {logging_mixin.py:109} INFO - Hi
[2023-02-20 20:51:13,511] {python.py:175} INFO - Done. Returned value was: None
[2023-02-20 20:51:13,534] {taskinstance.py:1277} INFO - Marking task as SUCCESS. dag_id=tutorial, task_id=say_id, execution_date=20230220T205111, start_date=20230220T205113, end_date=20230220T205113
[2023-02-20 20:51:13,603] {local_task_job.py:154} INFO - Task exited with return code 0
[2023-02-20 20:51:13,653] {local_task_job.py:264} INFO - 1 downstream tasks scheduled from follow-on schedule check
