[2023-02-10 21:57:19,078] {taskinstance.py:1032} INFO - Dependencies all met for <TaskInstance: tutorial.say_id manual__2023-02-10T21:57:16.658609+00:00 [queued]>
[2023-02-10 21:57:19,100] {taskinstance.py:1032} INFO - Dependencies all met for <TaskInstance: tutorial.say_id manual__2023-02-10T21:57:16.658609+00:00 [queued]>
[2023-02-10 21:57:19,101] {taskinstance.py:1238} INFO - 
--------------------------------------------------------------------------------
[2023-02-10 21:57:19,103] {taskinstance.py:1239} INFO - Starting attempt 1 of 2
[2023-02-10 21:57:19,104] {taskinstance.py:1240} INFO - 
--------------------------------------------------------------------------------
[2023-02-10 21:57:19,126] {taskinstance.py:1259} INFO - Executing <Task(_PythonDecoratedOperator): say_id> on 2023-02-10 21:57:16.658609+00:00
[2023-02-10 21:57:19,137] {standard_task_runner.py:52} INFO - Started process 115 to run task
[2023-02-10 21:57:19,143] {standard_task_runner.py:76} INFO - Running: ['***', 'tasks', 'run', 'tutorial', 'say_id', 'manual__2023-02-10T21:57:16.658609+00:00', '--job-id', '87', '--raw', '--subdir', 'DAGS_FOLDER/reddit_ingestion_dag.py', '--cfg-path', '/tmp/tmpeck7rwyb', '--error-file', '/tmp/tmp73jk136u']
[2023-02-10 21:57:19,144] {standard_task_runner.py:77} INFO - Job 87: Subtask say_id
[2023-02-10 21:57:19,241] {logging_mixin.py:109} INFO - Running <TaskInstance: tutorial.say_id manual__2023-02-10T21:57:16.658609+00:00 [running]> on host 2212ae742bae
[2023-02-10 21:57:19,328] {taskinstance.py:1426} INFO - Exporting the following env vars:
AIRFLOW_CTX_DAG_EMAIL=***@example.com
AIRFLOW_CTX_DAG_OWNER=***
AIRFLOW_CTX_DAG_ID=tutorial
AIRFLOW_CTX_TASK_ID=say_id
AIRFLOW_CTX_EXECUTION_DATE=2023-02-10T21:57:16.658609+00:00
AIRFLOW_CTX_DAG_RUN_ID=manual__2023-02-10T21:57:16.658609+00:00
[2023-02-10 21:57:19,331] {logging_mixin.py:109} INFO - Hi
[2023-02-10 21:57:19,333] {python.py:175} INFO - Done. Returned value was: None
[2023-02-10 21:57:19,350] {taskinstance.py:1277} INFO - Marking task as SUCCESS. dag_id=tutorial, task_id=say_id, execution_date=20230210T215716, start_date=20230210T215719, end_date=20230210T215719
[2023-02-10 21:57:19,399] {local_task_job.py:154} INFO - Task exited with return code 0
[2023-02-10 21:57:19,460] {local_task_job.py:264} INFO - 1 downstream tasks scheduled from follow-on schedule check
