[2023-02-10 09:02:29,304] {taskinstance.py:1032} INFO - Dependencies all met for <TaskInstance: tutorial.say_id manual__2023-02-10T09:02:28.205015+00:00 [queued]>
[2023-02-10 09:02:29,325] {taskinstance.py:1032} INFO - Dependencies all met for <TaskInstance: tutorial.say_id manual__2023-02-10T09:02:28.205015+00:00 [queued]>
[2023-02-10 09:02:29,328] {taskinstance.py:1238} INFO - 
--------------------------------------------------------------------------------
[2023-02-10 09:02:29,331] {taskinstance.py:1239} INFO - Starting attempt 1 of 2
[2023-02-10 09:02:29,333] {taskinstance.py:1240} INFO - 
--------------------------------------------------------------------------------
[2023-02-10 09:02:29,367] {taskinstance.py:1259} INFO - Executing <Task(_PythonDecoratedOperator): say_id> on 2023-02-10 09:02:28.205015+00:00
[2023-02-10 09:02:29,375] {standard_task_runner.py:52} INFO - Started process 1126 to run task
[2023-02-10 09:02:29,387] {standard_task_runner.py:76} INFO - Running: ['***', 'tasks', 'run', 'tutorial', 'say_id', 'manual__2023-02-10T09:02:28.205015+00:00', '--job-id', '47', '--raw', '--subdir', 'DAGS_FOLDER/reddit_ingestion_dag.py', '--cfg-path', '/tmp/tmpmul458yz', '--error-file', '/tmp/tmpzjfph7z1']
[2023-02-10 09:02:29,389] {standard_task_runner.py:77} INFO - Job 47: Subtask say_id
[2023-02-10 09:02:29,505] {logging_mixin.py:109} INFO - Running <TaskInstance: tutorial.say_id manual__2023-02-10T09:02:28.205015+00:00 [running]> on host b700b67c38c5
[2023-02-10 09:02:29,591] {taskinstance.py:1426} INFO - Exporting the following env vars:
AIRFLOW_CTX_DAG_EMAIL=***@example.com
AIRFLOW_CTX_DAG_OWNER=***
AIRFLOW_CTX_DAG_ID=tutorial
AIRFLOW_CTX_TASK_ID=say_id
AIRFLOW_CTX_EXECUTION_DATE=2023-02-10T09:02:28.205015+00:00
AIRFLOW_CTX_DAG_RUN_ID=manual__2023-02-10T09:02:28.205015+00:00
[2023-02-10 09:02:29,593] {logging_mixin.py:109} INFO - Hi
[2023-02-10 09:02:29,594] {python.py:175} INFO - Done. Returned value was: None
[2023-02-10 09:02:29,612] {taskinstance.py:1277} INFO - Marking task as SUCCESS. dag_id=tutorial, task_id=say_id, execution_date=20230210T090228, start_date=20230210T090229, end_date=20230210T090229
[2023-02-10 09:02:29,677] {local_task_job.py:154} INFO - Task exited with return code 0
[2023-02-10 09:02:29,740] {local_task_job.py:264} INFO - 0 downstream tasks scheduled from follow-on schedule check
