[2023-02-10 21:31:36,604] {taskinstance.py:1032} INFO - Dependencies all met for <TaskInstance: tutorial.say_id manual__2023-02-10T21:31:35.317729+00:00 [queued]>
[2023-02-10 21:31:36,620] {taskinstance.py:1032} INFO - Dependencies all met for <TaskInstance: tutorial.say_id manual__2023-02-10T21:31:35.317729+00:00 [queued]>
[2023-02-10 21:31:36,622] {taskinstance.py:1238} INFO - 
--------------------------------------------------------------------------------
[2023-02-10 21:31:36,622] {taskinstance.py:1239} INFO - Starting attempt 1 of 2
[2023-02-10 21:31:36,624] {taskinstance.py:1240} INFO - 
--------------------------------------------------------------------------------
[2023-02-10 21:31:36,641] {taskinstance.py:1259} INFO - Executing <Task(_PythonDecoratedOperator): say_id> on 2023-02-10 21:31:35.317729+00:00
[2023-02-10 21:31:36,648] {standard_task_runner.py:52} INFO - Started process 134 to run task
[2023-02-10 21:31:36,656] {standard_task_runner.py:76} INFO - Running: ['***', 'tasks', 'run', 'tutorial', 'say_id', 'manual__2023-02-10T21:31:35.317729+00:00', '--job-id', '83', '--raw', '--subdir', 'DAGS_FOLDER/reddit_ingestion_dag.py', '--cfg-path', '/tmp/tmpp6r49wu4', '--error-file', '/tmp/tmpz_mvdz8k']
[2023-02-10 21:31:36,658] {standard_task_runner.py:77} INFO - Job 83: Subtask say_id
[2023-02-10 21:31:36,774] {logging_mixin.py:109} INFO - Running <TaskInstance: tutorial.say_id manual__2023-02-10T21:31:35.317729+00:00 [running]> on host b700b67c38c5
[2023-02-10 21:31:36,894] {taskinstance.py:1426} INFO - Exporting the following env vars:
AIRFLOW_CTX_DAG_EMAIL=***@example.com
AIRFLOW_CTX_DAG_OWNER=***
AIRFLOW_CTX_DAG_ID=tutorial
AIRFLOW_CTX_TASK_ID=say_id
AIRFLOW_CTX_EXECUTION_DATE=2023-02-10T21:31:35.317729+00:00
AIRFLOW_CTX_DAG_RUN_ID=manual__2023-02-10T21:31:35.317729+00:00
[2023-02-10 21:31:36,896] {logging_mixin.py:109} INFO - Hi
[2023-02-10 21:31:36,898] {python.py:175} INFO - Done. Returned value was: None
[2023-02-10 21:31:36,942] {taskinstance.py:1277} INFO - Marking task as SUCCESS. dag_id=tutorial, task_id=say_id, execution_date=20230210T213135, start_date=20230210T213136, end_date=20230210T213136
[2023-02-10 21:31:37,050] {local_task_job.py:154} INFO - Task exited with return code 0
[2023-02-10 21:31:37,114] {local_task_job.py:264} INFO - 1 downstream tasks scheduled from follow-on schedule check
