[2023-02-10 07:11:34,309] {taskinstance.py:1032} INFO - Dependencies all met for <TaskInstance: tutorial.say_id scheduled__2023-02-09T07:11:17.820238+00:00 [queued]>
[2023-02-10 07:11:34,331] {taskinstance.py:1032} INFO - Dependencies all met for <TaskInstance: tutorial.say_id scheduled__2023-02-09T07:11:17.820238+00:00 [queued]>
[2023-02-10 07:11:34,332] {taskinstance.py:1238} INFO - 
--------------------------------------------------------------------------------
[2023-02-10 07:11:34,333] {taskinstance.py:1239} INFO - Starting attempt 1 of 2
[2023-02-10 07:11:34,334] {taskinstance.py:1240} INFO - 
--------------------------------------------------------------------------------
[2023-02-10 07:11:34,358] {taskinstance.py:1259} INFO - Executing <Task(_PythonDecoratedOperator): say_id> on 2023-02-09 07:11:17.820238+00:00
[2023-02-10 07:11:34,368] {standard_task_runner.py:52} INFO - Started process 1475 to run task
[2023-02-10 07:11:34,377] {standard_task_runner.py:76} INFO - Running: ['***', 'tasks', 'run', 'tutorial', 'say_id', 'scheduled__2023-02-09T07:11:17.820238+00:00', '--job-id', '3', '--raw', '--subdir', 'DAGS_FOLDER/reddit_ingestion_dag.py', '--cfg-path', '/tmp/tmpy2en7x35', '--error-file', '/tmp/tmpqo95h2k1']
[2023-02-10 07:11:34,379] {standard_task_runner.py:77} INFO - Job 3: Subtask say_id
[2023-02-10 07:11:34,495] {logging_mixin.py:109} INFO - Running <TaskInstance: tutorial.say_id scheduled__2023-02-09T07:11:17.820238+00:00 [running]> on host e8bcd8791230
[2023-02-10 07:11:34,583] {taskinstance.py:1426} INFO - Exporting the following env vars:
AIRFLOW_CTX_DAG_EMAIL=***@example.com
AIRFLOW_CTX_DAG_OWNER=***
AIRFLOW_CTX_DAG_ID=tutorial
AIRFLOW_CTX_TASK_ID=say_id
AIRFLOW_CTX_EXECUTION_DATE=2023-02-09T07:11:17.820238+00:00
AIRFLOW_CTX_DAG_RUN_ID=scheduled__2023-02-09T07:11:17.820238+00:00
[2023-02-10 07:11:34,586] {logging_mixin.py:109} INFO - Hi
[2023-02-10 07:11:34,587] {python.py:175} INFO - Done. Returned value was: None
[2023-02-10 07:11:34,613] {taskinstance.py:1277} INFO - Marking task as SUCCESS. dag_id=tutorial, task_id=say_id, execution_date=20230209T071117, start_date=20230210T071134, end_date=20230210T071134
[2023-02-10 07:11:34,672] {local_task_job.py:154} INFO - Task exited with return code 0
[2023-02-10 07:11:34,730] {local_task_job.py:264} INFO - 0 downstream tasks scheduled from follow-on schedule check
