[2023-02-10 07:11:34,308] {taskinstance.py:1032} INFO - Dependencies all met for <TaskInstance: tutorial.say_id manual__2023-02-10T07:11:28.366851+00:00 [queued]>
[2023-02-10 07:11:34,331] {taskinstance.py:1032} INFO - Dependencies all met for <TaskInstance: tutorial.say_id manual__2023-02-10T07:11:28.366851+00:00 [queued]>
[2023-02-10 07:11:34,332] {taskinstance.py:1238} INFO - 
--------------------------------------------------------------------------------
[2023-02-10 07:11:34,334] {taskinstance.py:1239} INFO - Starting attempt 1 of 2
[2023-02-10 07:11:34,336] {taskinstance.py:1240} INFO - 
--------------------------------------------------------------------------------
[2023-02-10 07:11:34,361] {taskinstance.py:1259} INFO - Executing <Task(_PythonDecoratedOperator): say_id> on 2023-02-10 07:11:28.366851+00:00
[2023-02-10 07:11:34,369] {standard_task_runner.py:52} INFO - Started process 1476 to run task
[2023-02-10 07:11:34,380] {standard_task_runner.py:76} INFO - Running: ['***', 'tasks', 'run', 'tutorial', 'say_id', 'manual__2023-02-10T07:11:28.366851+00:00', '--job-id', '4', '--raw', '--subdir', 'DAGS_FOLDER/reddit_ingestion_dag.py', '--cfg-path', '/tmp/tmpms70vs9o', '--error-file', '/tmp/tmpk52gobux']
[2023-02-10 07:11:34,382] {standard_task_runner.py:77} INFO - Job 4: Subtask say_id
[2023-02-10 07:11:34,511] {logging_mixin.py:109} INFO - Running <TaskInstance: tutorial.say_id manual__2023-02-10T07:11:28.366851+00:00 [running]> on host e8bcd8791230
[2023-02-10 07:11:34,598] {taskinstance.py:1426} INFO - Exporting the following env vars:
AIRFLOW_CTX_DAG_EMAIL=***@example.com
AIRFLOW_CTX_DAG_OWNER=***
AIRFLOW_CTX_DAG_ID=tutorial
AIRFLOW_CTX_TASK_ID=say_id
AIRFLOW_CTX_EXECUTION_DATE=2023-02-10T07:11:28.366851+00:00
AIRFLOW_CTX_DAG_RUN_ID=manual__2023-02-10T07:11:28.366851+00:00
[2023-02-10 07:11:34,603] {logging_mixin.py:109} INFO - Hi
[2023-02-10 07:11:34,605] {python.py:175} INFO - Done. Returned value was: None
[2023-02-10 07:11:34,629] {taskinstance.py:1277} INFO - Marking task as SUCCESS. dag_id=tutorial, task_id=say_id, execution_date=20230210T071128, start_date=20230210T071134, end_date=20230210T071134
[2023-02-10 07:11:34,675] {local_task_job.py:154} INFO - Task exited with return code 0
[2023-02-10 07:11:34,732] {local_task_job.py:264} INFO - 0 downstream tasks scheduled from follow-on schedule check
