[2023-02-21 22:24:03,423] {taskinstance.py:1032} INFO - Dependencies all met for <TaskInstance: tutorial.say_id manual__2023-02-21T22:23:59.900589+00:00 [queued]>
[2023-02-21 22:24:03,446] {taskinstance.py:1032} INFO - Dependencies all met for <TaskInstance: tutorial.say_id manual__2023-02-21T22:23:59.900589+00:00 [queued]>
[2023-02-21 22:24:03,447] {taskinstance.py:1238} INFO - 
--------------------------------------------------------------------------------
[2023-02-21 22:24:03,448] {taskinstance.py:1239} INFO - Starting attempt 1 of 2
[2023-02-21 22:24:03,450] {taskinstance.py:1240} INFO - 
--------------------------------------------------------------------------------
[2023-02-21 22:24:03,527] {taskinstance.py:1259} INFO - Executing <Task(_PythonDecoratedOperator): say_id> on 2023-02-21 22:23:59.900589+00:00
[2023-02-21 22:24:03,540] {standard_task_runner.py:52} INFO - Started process 1488 to run task
[2023-02-21 22:24:03,554] {standard_task_runner.py:76} INFO - Running: ['***', 'tasks', 'run', 'tutorial', 'say_id', 'manual__2023-02-21T22:23:59.900589+00:00', '--job-id', '33', '--raw', '--subdir', 'DAGS_FOLDER/reddit_ingestion_dag.py', '--cfg-path', '/tmp/tmp_3gh0cv_', '--error-file', '/tmp/tmp3ow9sj23']
[2023-02-21 22:24:03,560] {standard_task_runner.py:77} INFO - Job 33: Subtask say_id
[2023-02-21 22:24:03,704] {logging_mixin.py:109} INFO - Running <TaskInstance: tutorial.say_id manual__2023-02-21T22:23:59.900589+00:00 [running]> on host 541881d0ad34
[2023-02-21 22:24:04,301] {taskinstance.py:1426} INFO - Exporting the following env vars:
AIRFLOW_CTX_DAG_EMAIL=***@example.com
AIRFLOW_CTX_DAG_OWNER=***
AIRFLOW_CTX_DAG_ID=tutorial
AIRFLOW_CTX_TASK_ID=say_id
AIRFLOW_CTX_EXECUTION_DATE=2023-02-21T22:23:59.900589+00:00
AIRFLOW_CTX_DAG_RUN_ID=manual__2023-02-21T22:23:59.900589+00:00
[2023-02-21 22:24:04,304] {logging_mixin.py:109} INFO - Hi
[2023-02-21 22:24:04,305] {python.py:175} INFO - Done. Returned value was: None
[2023-02-21 22:24:04,324] {taskinstance.py:1277} INFO - Marking task as SUCCESS. dag_id=tutorial, task_id=say_id, execution_date=20230221T222359, start_date=20230221T222403, end_date=20230221T222404
[2023-02-21 22:24:04,412] {local_task_job.py:154} INFO - Task exited with return code 0
[2023-02-21 22:24:04,610] {local_task_job.py:264} INFO - 0 downstream tasks scheduled from follow-on schedule check
