[2023-02-20 20:46:56,521] {taskinstance.py:1032} INFO - Dependencies all met for <TaskInstance: tutorial.say_id scheduled__2023-02-19T20:46:35.213913+00:00 [queued]>
[2023-02-20 20:46:56,597] {taskinstance.py:1032} INFO - Dependencies all met for <TaskInstance: tutorial.say_id scheduled__2023-02-19T20:46:35.213913+00:00 [queued]>
[2023-02-20 20:46:56,600] {taskinstance.py:1238} INFO - 
--------------------------------------------------------------------------------
[2023-02-20 20:46:56,601] {taskinstance.py:1239} INFO - Starting attempt 1 of 2
[2023-02-20 20:46:56,603] {taskinstance.py:1240} INFO - 
--------------------------------------------------------------------------------
[2023-02-20 20:46:56,668] {taskinstance.py:1259} INFO - Executing <Task(_PythonDecoratedOperator): say_id> on 2023-02-19 20:46:35.213913+00:00
[2023-02-20 20:46:56,698] {standard_task_runner.py:52} INFO - Started process 89 to run task
[2023-02-20 20:46:56,797] {standard_task_runner.py:76} INFO - Running: ['***', 'tasks', 'run', 'tutorial', 'say_id', 'scheduled__2023-02-19T20:46:35.213913+00:00', '--job-id', '100', '--raw', '--subdir', 'DAGS_FOLDER/reddit_ingestion_dag.py', '--cfg-path', '/tmp/tmpv001fwvp', '--error-file', '/tmp/tmpd8q1qwn1']
[2023-02-20 20:46:56,805] {standard_task_runner.py:77} INFO - Job 100: Subtask say_id
[2023-02-20 20:46:57,348] {logging_mixin.py:109} INFO - Running <TaskInstance: tutorial.say_id scheduled__2023-02-19T20:46:35.213913+00:00 [running]> on host de4414e9a637
[2023-02-20 20:46:57,629] {taskinstance.py:1426} INFO - Exporting the following env vars:
AIRFLOW_CTX_DAG_EMAIL=***@example.com
AIRFLOW_CTX_DAG_OWNER=***
AIRFLOW_CTX_DAG_ID=tutorial
AIRFLOW_CTX_TASK_ID=say_id
AIRFLOW_CTX_EXECUTION_DATE=2023-02-19T20:46:35.213913+00:00
AIRFLOW_CTX_DAG_RUN_ID=scheduled__2023-02-19T20:46:35.213913+00:00
[2023-02-20 20:46:57,632] {logging_mixin.py:109} INFO - Hi
[2023-02-20 20:46:57,633] {python.py:175} INFO - Done. Returned value was: None
[2023-02-20 20:46:57,709] {taskinstance.py:1277} INFO - Marking task as SUCCESS. dag_id=tutorial, task_id=say_id, execution_date=20230219T204635, start_date=20230220T204656, end_date=20230220T204657
[2023-02-20 20:46:57,860] {local_task_job.py:154} INFO - Task exited with return code 0
[2023-02-20 20:46:57,997] {local_task_job.py:264} INFO - 0 downstream tasks scheduled from follow-on schedule check
