[2023-02-23 01:13:36,777] {taskinstance.py:1032} INFO - Dependencies all met for <TaskInstance: tutorial.say_id manual__2023-02-23T01:13:34.262172+00:00 [queued]>
[2023-02-23 01:13:36,792] {taskinstance.py:1032} INFO - Dependencies all met for <TaskInstance: tutorial.say_id manual__2023-02-23T01:13:34.262172+00:00 [queued]>
[2023-02-23 01:13:36,794] {taskinstance.py:1238} INFO - 
--------------------------------------------------------------------------------
[2023-02-23 01:13:36,795] {taskinstance.py:1239} INFO - Starting attempt 1 of 2
[2023-02-23 01:13:36,796] {taskinstance.py:1240} INFO - 
--------------------------------------------------------------------------------
[2023-02-23 01:13:37,059] {taskinstance.py:1259} INFO - Executing <Task(_PythonDecoratedOperator): say_id> on 2023-02-23 01:13:34.262172+00:00
[2023-02-23 01:13:37,080] {standard_task_runner.py:52} INFO - Started process 68520 to run task
[2023-02-23 01:13:37,087] {standard_task_runner.py:76} INFO - Running: ['***', 'tasks', 'run', 'tutorial', 'say_id', 'manual__2023-02-23T01:13:34.262172+00:00', '--job-id', '50', '--raw', '--subdir', 'DAGS_FOLDER/reddit_ingestion_dag.py', '--cfg-path', '/tmp/tmphcv7c7yx', '--error-file', '/tmp/tmpx9tacqfu']
[2023-02-23 01:13:37,090] {standard_task_runner.py:77} INFO - Job 50: Subtask say_id
[2023-02-23 01:13:37,189] {logging_mixin.py:109} INFO - Running <TaskInstance: tutorial.say_id manual__2023-02-23T01:13:34.262172+00:00 [running]> on host 541881d0ad34
[2023-02-23 01:13:37,256] {taskinstance.py:1426} INFO - Exporting the following env vars:
AIRFLOW_CTX_DAG_EMAIL=***@example.com
AIRFLOW_CTX_DAG_OWNER=***
AIRFLOW_CTX_DAG_ID=tutorial
AIRFLOW_CTX_TASK_ID=say_id
AIRFLOW_CTX_EXECUTION_DATE=2023-02-23T01:13:34.262172+00:00
AIRFLOW_CTX_DAG_RUN_ID=manual__2023-02-23T01:13:34.262172+00:00
[2023-02-23 01:13:37,258] {logging_mixin.py:109} INFO - Hi
[2023-02-23 01:13:37,259] {python.py:175} INFO - Done. Returned value was: None
[2023-02-23 01:13:37,277] {taskinstance.py:1277} INFO - Marking task as SUCCESS. dag_id=tutorial, task_id=say_id, execution_date=20230223T011334, start_date=20230223T011336, end_date=20230223T011337
[2023-02-23 01:13:37,342] {local_task_job.py:154} INFO - Task exited with return code 0
[2023-02-23 01:13:37,393] {local_task_job.py:264} INFO - 1 downstream tasks scheduled from follow-on schedule check
