[2023-02-22 02:03:28,014] {taskinstance.py:1032} INFO - Dependencies all met for <TaskInstance: tutorial.say_id manual__2023-02-22T02:03:24.024924+00:00 [queued]>
[2023-02-22 02:03:28,048] {taskinstance.py:1032} INFO - Dependencies all met for <TaskInstance: tutorial.say_id manual__2023-02-22T02:03:24.024924+00:00 [queued]>
[2023-02-22 02:03:28,049] {taskinstance.py:1238} INFO - 
--------------------------------------------------------------------------------
[2023-02-22 02:03:28,051] {taskinstance.py:1239} INFO - Starting attempt 1 of 2
[2023-02-22 02:03:28,053] {taskinstance.py:1240} INFO - 
--------------------------------------------------------------------------------
[2023-02-22 02:03:28,089] {taskinstance.py:1259} INFO - Executing <Task(_PythonDecoratedOperator): say_id> on 2023-02-22 02:03:24.024924+00:00
[2023-02-22 02:03:28,107] {standard_task_runner.py:52} INFO - Started process 11210 to run task
[2023-02-22 02:03:28,126] {standard_task_runner.py:76} INFO - Running: ['***', 'tasks', 'run', 'tutorial', 'say_id', 'manual__2023-02-22T02:03:24.024924+00:00', '--job-id', '36', '--raw', '--subdir', 'DAGS_FOLDER/reddit_ingestion_dag.py', '--cfg-path', '/tmp/tmpl08_k2m5', '--error-file', '/tmp/tmp4al2d8am']
[2023-02-22 02:03:28,131] {standard_task_runner.py:77} INFO - Job 36: Subtask say_id
[2023-02-22 02:03:29,038] {logging_mixin.py:109} INFO - Running <TaskInstance: tutorial.say_id manual__2023-02-22T02:03:24.024924+00:00 [running]> on host 541881d0ad34
[2023-02-22 02:03:29,198] {taskinstance.py:1426} INFO - Exporting the following env vars:
AIRFLOW_CTX_DAG_EMAIL=***@example.com
AIRFLOW_CTX_DAG_OWNER=***
AIRFLOW_CTX_DAG_ID=tutorial
AIRFLOW_CTX_TASK_ID=say_id
AIRFLOW_CTX_EXECUTION_DATE=2023-02-22T02:03:24.024924+00:00
AIRFLOW_CTX_DAG_RUN_ID=manual__2023-02-22T02:03:24.024924+00:00
[2023-02-22 02:03:29,202] {logging_mixin.py:109} INFO - Hi
[2023-02-22 02:03:29,203] {python.py:175} INFO - Done. Returned value was: None
[2023-02-22 02:03:29,233] {taskinstance.py:1277} INFO - Marking task as SUCCESS. dag_id=tutorial, task_id=say_id, execution_date=20230222T020324, start_date=20230222T020328, end_date=20230222T020329
[2023-02-22 02:03:29,352] {local_task_job.py:154} INFO - Task exited with return code 0
[2023-02-22 02:03:29,670] {local_task_job.py:264} INFO - 1 downstream tasks scheduled from follow-on schedule check
