[2023-02-22 20:48:31,813] {taskinstance.py:1032} INFO - Dependencies all met for <TaskInstance: tutorial.say_id scheduled__2023-02-21T20:48:30.663472+00:00 [queued]>
[2023-02-22 20:48:32,236] {taskinstance.py:1032} INFO - Dependencies all met for <TaskInstance: tutorial.say_id scheduled__2023-02-21T20:48:30.663472+00:00 [queued]>
[2023-02-22 20:48:32,239] {taskinstance.py:1238} INFO - 
--------------------------------------------------------------------------------
[2023-02-22 20:48:32,241] {taskinstance.py:1239} INFO - Starting attempt 1 of 2
[2023-02-22 20:48:32,244] {taskinstance.py:1240} INFO - 
--------------------------------------------------------------------------------
[2023-02-22 20:48:32,279] {taskinstance.py:1259} INFO - Executing <Task(_PythonDecoratedOperator): say_id> on 2023-02-21 20:48:30.663472+00:00
[2023-02-22 20:48:32,290] {standard_task_runner.py:52} INFO - Started process 57148 to run task
[2023-02-22 20:48:32,299] {standard_task_runner.py:76} INFO - Running: ['***', 'tasks', 'run', 'tutorial', 'say_id', 'scheduled__2023-02-21T20:48:30.663472+00:00', '--job-id', '47', '--raw', '--subdir', 'DAGS_FOLDER/reddit_ingestion_dag.py', '--cfg-path', '/tmp/tmpzhv3xrlh', '--error-file', '/tmp/tmpcb3zq1x1']
[2023-02-22 20:48:32,304] {standard_task_runner.py:77} INFO - Job 47: Subtask say_id
[2023-02-22 20:48:32,397] {logging_mixin.py:109} INFO - Running <TaskInstance: tutorial.say_id scheduled__2023-02-21T20:48:30.663472+00:00 [running]> on host 541881d0ad34
[2023-02-22 20:48:32,477] {taskinstance.py:1426} INFO - Exporting the following env vars:
AIRFLOW_CTX_DAG_EMAIL=***@example.com
AIRFLOW_CTX_DAG_OWNER=***
AIRFLOW_CTX_DAG_ID=tutorial
AIRFLOW_CTX_TASK_ID=say_id
AIRFLOW_CTX_EXECUTION_DATE=2023-02-21T20:48:30.663472+00:00
AIRFLOW_CTX_DAG_RUN_ID=scheduled__2023-02-21T20:48:30.663472+00:00
[2023-02-22 20:48:32,480] {logging_mixin.py:109} INFO - Hi
[2023-02-22 20:48:32,482] {python.py:175} INFO - Done. Returned value was: None
[2023-02-22 20:48:32,503] {taskinstance.py:1277} INFO - Marking task as SUCCESS. dag_id=tutorial, task_id=say_id, execution_date=20230221T204830, start_date=20230222T204831, end_date=20230222T204832
[2023-02-22 20:48:32,551] {local_task_job.py:154} INFO - Task exited with return code 0
[2023-02-22 20:48:32,615] {local_task_job.py:264} INFO - 1 downstream tasks scheduled from follow-on schedule check
