[2023-02-10 08:04:42,588] {taskinstance.py:1032} INFO - Dependencies all met for <TaskInstance: tutorial.say_id manual__2023-02-10T08:04:40.427370+00:00 [queued]>
[2023-02-10 08:04:42,606] {taskinstance.py:1032} INFO - Dependencies all met for <TaskInstance: tutorial.say_id manual__2023-02-10T08:04:40.427370+00:00 [queued]>
[2023-02-10 08:04:42,607] {taskinstance.py:1238} INFO - 
--------------------------------------------------------------------------------
[2023-02-10 08:04:42,608] {taskinstance.py:1239} INFO - Starting attempt 1 of 2
[2023-02-10 08:04:42,610] {taskinstance.py:1240} INFO - 
--------------------------------------------------------------------------------
[2023-02-10 08:04:42,631] {taskinstance.py:1259} INFO - Executing <Task(_PythonDecoratedOperator): say_id> on 2023-02-10 08:04:40.427370+00:00
[2023-02-10 08:04:42,639] {standard_task_runner.py:52} INFO - Started process 113 to run task
[2023-02-10 08:04:42,652] {standard_task_runner.py:76} INFO - Running: ['***', 'tasks', 'run', 'tutorial', 'say_id', 'manual__2023-02-10T08:04:40.427370+00:00', '--job-id', '28', '--raw', '--subdir', 'DAGS_FOLDER/reddit_ingestion_dag.py', '--cfg-path', '/tmp/tmp09_z044f', '--error-file', '/tmp/tmpnjexdrsh']
[2023-02-10 08:04:42,654] {standard_task_runner.py:77} INFO - Job 28: Subtask say_id
[2023-02-10 08:04:42,785] {logging_mixin.py:109} INFO - Running <TaskInstance: tutorial.say_id manual__2023-02-10T08:04:40.427370+00:00 [running]> on host 0d4e6ddbf377
[2023-02-10 08:04:42,903] {taskinstance.py:1426} INFO - Exporting the following env vars:
AIRFLOW_CTX_DAG_EMAIL=***@example.com
AIRFLOW_CTX_DAG_OWNER=***
AIRFLOW_CTX_DAG_ID=tutorial
AIRFLOW_CTX_TASK_ID=say_id
AIRFLOW_CTX_EXECUTION_DATE=2023-02-10T08:04:40.427370+00:00
AIRFLOW_CTX_DAG_RUN_ID=manual__2023-02-10T08:04:40.427370+00:00
[2023-02-10 08:04:42,906] {logging_mixin.py:109} INFO - Hi
[2023-02-10 08:04:42,914] {python.py:175} INFO - Done. Returned value was: None
[2023-02-10 08:04:42,938] {taskinstance.py:1277} INFO - Marking task as SUCCESS. dag_id=tutorial, task_id=say_id, execution_date=20230210T080440, start_date=20230210T080442, end_date=20230210T080442
[2023-02-10 08:04:43,024] {local_task_job.py:154} INFO - Task exited with return code 0
[2023-02-10 08:04:43,099] {local_task_job.py:264} INFO - 1 downstream tasks scheduled from follow-on schedule check
