[2023-02-10 07:54:55,258] {taskinstance.py:1032} INFO - Dependencies all met for <TaskInstance: tutorial.say_id manual__2023-02-10T07:54:53.491946+00:00 [queued]>
[2023-02-10 07:54:55,275] {taskinstance.py:1032} INFO - Dependencies all met for <TaskInstance: tutorial.say_id manual__2023-02-10T07:54:53.491946+00:00 [queued]>
[2023-02-10 07:54:55,276] {taskinstance.py:1238} INFO - 
--------------------------------------------------------------------------------
[2023-02-10 07:54:55,277] {taskinstance.py:1239} INFO - Starting attempt 1 of 2
[2023-02-10 07:54:55,278] {taskinstance.py:1240} INFO - 
--------------------------------------------------------------------------------
[2023-02-10 07:54:55,296] {taskinstance.py:1259} INFO - Executing <Task(_PythonDecoratedOperator): say_id> on 2023-02-10 07:54:53.491946+00:00
[2023-02-10 07:54:55,302] {standard_task_runner.py:52} INFO - Started process 114 to run task
[2023-02-10 07:54:55,307] {standard_task_runner.py:76} INFO - Running: ['***', 'tasks', 'run', 'tutorial', 'say_id', 'manual__2023-02-10T07:54:53.491946+00:00', '--job-id', '23', '--raw', '--subdir', 'DAGS_FOLDER/reddit_ingestion_dag.py', '--cfg-path', '/tmp/tmp790hk1_m', '--error-file', '/tmp/tmpyliu3n92']
[2023-02-10 07:54:55,309] {standard_task_runner.py:77} INFO - Job 23: Subtask say_id
[2023-02-10 07:54:55,392] {logging_mixin.py:109} INFO - Running <TaskInstance: tutorial.say_id manual__2023-02-10T07:54:53.491946+00:00 [running]> on host bec80116a165
[2023-02-10 07:54:55,471] {taskinstance.py:1426} INFO - Exporting the following env vars:
AIRFLOW_CTX_DAG_EMAIL=***@example.com
AIRFLOW_CTX_DAG_OWNER=***
AIRFLOW_CTX_DAG_ID=tutorial
AIRFLOW_CTX_TASK_ID=say_id
AIRFLOW_CTX_EXECUTION_DATE=2023-02-10T07:54:53.491946+00:00
AIRFLOW_CTX_DAG_RUN_ID=manual__2023-02-10T07:54:53.491946+00:00
[2023-02-10 07:54:55,473] {logging_mixin.py:109} INFO - Hi
[2023-02-10 07:54:55,474] {python.py:175} INFO - Done. Returned value was: None
[2023-02-10 07:54:55,491] {taskinstance.py:1277} INFO - Marking task as SUCCESS. dag_id=tutorial, task_id=say_id, execution_date=20230210T075453, start_date=20230210T075455, end_date=20230210T075455
[2023-02-10 07:54:55,522] {local_task_job.py:154} INFO - Task exited with return code 0
[2023-02-10 07:54:55,565] {local_task_job.py:264} INFO - 1 downstream tasks scheduled from follow-on schedule check
