[2023-02-20 21:46:15,015] {taskinstance.py:1032} INFO - Dependencies all met for <TaskInstance: tutorial.launching_chrome manual__2023-02-20T21:46:11.850921+00:00 [queued]>
[2023-02-20 21:46:15,041] {taskinstance.py:1032} INFO - Dependencies all met for <TaskInstance: tutorial.launching_chrome manual__2023-02-20T21:46:11.850921+00:00 [queued]>
[2023-02-20 21:46:15,042] {taskinstance.py:1238} INFO - 
--------------------------------------------------------------------------------
[2023-02-20 21:46:15,043] {taskinstance.py:1239} INFO - Starting attempt 1 of 2
[2023-02-20 21:46:15,044] {taskinstance.py:1240} INFO - 
--------------------------------------------------------------------------------
[2023-02-20 21:46:15,089] {taskinstance.py:1259} INFO - Executing <Task(_PythonDecoratedOperator): launching_chrome> on 2023-02-20 21:46:11.850921+00:00
[2023-02-20 21:46:15,097] {standard_task_runner.py:52} INFO - Started process 389 to run task
[2023-02-20 21:46:15,104] {standard_task_runner.py:76} INFO - Running: ['***', 'tasks', 'run', 'tutorial', 'launching_chrome', 'manual__2023-02-20T21:46:11.850921+00:00', '--job-id', '135', '--raw', '--subdir', 'DAGS_FOLDER/reddit_ingestion_dag.py', '--cfg-path', '/tmp/tmp996_xmai', '--error-file', '/tmp/tmppd_hrr56']
[2023-02-20 21:46:15,106] {standard_task_runner.py:77} INFO - Job 135: Subtask launching_chrome
[2023-02-20 21:46:15,190] {logging_mixin.py:109} INFO - Running <TaskInstance: tutorial.launching_chrome manual__2023-02-20T21:46:11.850921+00:00 [running]> on host 1b319cb4c67b
[2023-02-20 21:46:15,276] {taskinstance.py:1426} INFO - Exporting the following env vars:
AIRFLOW_CTX_DAG_EMAIL=***@example.com
AIRFLOW_CTX_DAG_OWNER=***
AIRFLOW_CTX_DAG_ID=tutorial
AIRFLOW_CTX_TASK_ID=launching_chrome
AIRFLOW_CTX_EXECUTION_DATE=2023-02-20T21:46:11.850921+00:00
AIRFLOW_CTX_DAG_RUN_ID=manual__2023-02-20T21:46:11.850921+00:00
[2023-02-20 21:46:15,281] {logger.py:11} INFO - ====== WebDriver manager ======
[2023-02-20 21:46:15,524] {logger.py:11} INFO - Get LATEST chromedriver version for google-chrome 110.0.5481
[2023-02-20 21:46:15,948] {logger.py:11} INFO - There is no [linux64] chromedriver for browser 110.0.5481 in cache
[2023-02-20 21:46:15,952] {logger.py:11} INFO - About to download new driver from https://chromedriver.storage.googleapis.com/110.0.5481.77/chromedriver_linux64.zip
[2023-02-20 21:46:16,083] {logging_mixin.py:109} WARNING - [WDM] - Downloading:   0%|          | 0.00/7.05M [00:00<?, ?B/s]
[2023-02-20 21:46:16,187] {logging_mixin.py:109} WARNING - [WDM] - Downloading:  15%|#4        | 1.05M/7.05M [00:00<00:00, 10.9MB/s]
[2023-02-20 21:46:16,296] {logging_mixin.py:109} WARNING - [WDM] - Downloading:  53%|#####2    | 3.71M/7.05M [00:00<00:00, 19.7MB/s]
[2023-02-20 21:46:16,368] {logging_mixin.py:109} WARNING - [WDM] - Downloading: 100%|##########| 7.05M/7.05M [00:00<00:00, 26.2MB/s]
[2023-02-20 21:46:16,369] {logging_mixin.py:109} WARNING - 
[2023-02-20 21:46:16,721] {logger.py:11} INFO - Driver has been saved in cache [/home/***/.wdm/drivers/chromedriver/linux64/110.0.5481]
[2023-02-20 21:46:43,157] {python.py:175} INFO - Done. Returned value was: None
[2023-02-20 21:46:43,291] {taskinstance.py:1277} INFO - Marking task as SUCCESS. dag_id=tutorial, task_id=launching_chrome, execution_date=20230220T214611, start_date=20230220T214615, end_date=20230220T214643
[2023-02-20 21:46:43,437] {local_task_job.py:154} INFO - Task exited with return code 0
[2023-02-20 21:46:43,559] {local_task_job.py:264} INFO - 0 downstream tasks scheduled from follow-on schedule check
