[2023-02-20 21:52:10,547] {taskinstance.py:1032} INFO - Dependencies all met for <TaskInstance: tutorial.say_id manual__2023-02-20T21:52:09.356859+00:00 [queued]>
[2023-02-20 21:52:10,567] {taskinstance.py:1032} INFO - Dependencies all met for <TaskInstance: tutorial.say_id manual__2023-02-20T21:52:09.356859+00:00 [queued]>
[2023-02-20 21:52:10,569] {taskinstance.py:1238} INFO - 
--------------------------------------------------------------------------------
[2023-02-20 21:52:10,571] {taskinstance.py:1239} INFO - Starting attempt 1 of 2
[2023-02-20 21:52:10,572] {taskinstance.py:1240} INFO - 
--------------------------------------------------------------------------------
[2023-02-20 21:52:10,608] {taskinstance.py:1259} INFO - Executing <Task(_PythonDecoratedOperator): say_id> on 2023-02-20 21:52:09.356859+00:00
[2023-02-20 21:52:10,619] {standard_task_runner.py:52} INFO - Started process 840 to run task
[2023-02-20 21:52:10,625] {standard_task_runner.py:76} INFO - Running: ['***', 'tasks', 'run', 'tutorial', 'say_id', 'manual__2023-02-20T21:52:09.356859+00:00', '--job-id', '138', '--raw', '--subdir', 'DAGS_FOLDER/reddit_ingestion_dag.py', '--cfg-path', '/tmp/tmpbq52rv8u', '--error-file', '/tmp/tmp2icxoa3_']
[2023-02-20 21:52:10,626] {standard_task_runner.py:77} INFO - Job 138: Subtask say_id
[2023-02-20 21:52:10,741] {logging_mixin.py:109} INFO - Running <TaskInstance: tutorial.say_id manual__2023-02-20T21:52:09.356859+00:00 [running]> on host 1b319cb4c67b
[2023-02-20 21:52:10,862] {taskinstance.py:1426} INFO - Exporting the following env vars:
AIRFLOW_CTX_DAG_EMAIL=***@example.com
AIRFLOW_CTX_DAG_OWNER=***
AIRFLOW_CTX_DAG_ID=tutorial
AIRFLOW_CTX_TASK_ID=say_id
AIRFLOW_CTX_EXECUTION_DATE=2023-02-20T21:52:09.356859+00:00
AIRFLOW_CTX_DAG_RUN_ID=manual__2023-02-20T21:52:09.356859+00:00
[2023-02-20 21:52:10,865] {logging_mixin.py:109} INFO - Hi
[2023-02-20 21:52:10,867] {python.py:175} INFO - Done. Returned value was: None
[2023-02-20 21:52:10,899] {taskinstance.py:1277} INFO - Marking task as SUCCESS. dag_id=tutorial, task_id=say_id, execution_date=20230220T215209, start_date=20230220T215210, end_date=20230220T215210
[2023-02-20 21:52:10,966] {local_task_job.py:154} INFO - Task exited with return code 0
[2023-02-20 21:52:11,024] {local_task_job.py:264} INFO - 1 downstream tasks scheduled from follow-on schedule check
