[2023-02-10 09:28:10,075] {taskinstance.py:1032} INFO - Dependencies all met for <TaskInstance: tutorial.say_id manual__2023-02-10T09:28:08.541855+00:00 [queued]>
[2023-02-10 09:28:10,097] {taskinstance.py:1032} INFO - Dependencies all met for <TaskInstance: tutorial.say_id manual__2023-02-10T09:28:08.541855+00:00 [queued]>
[2023-02-10 09:28:10,098] {taskinstance.py:1238} INFO - 
--------------------------------------------------------------------------------
[2023-02-10 09:28:10,099] {taskinstance.py:1239} INFO - Starting attempt 1 of 2
[2023-02-10 09:28:10,101] {taskinstance.py:1240} INFO - 
--------------------------------------------------------------------------------
[2023-02-10 09:28:10,120] {taskinstance.py:1259} INFO - Executing <Task(_PythonDecoratedOperator): say_id> on 2023-02-10 09:28:08.541855+00:00
[2023-02-10 09:28:10,127] {standard_task_runner.py:52} INFO - Started process 2209 to run task
[2023-02-10 09:28:10,133] {standard_task_runner.py:76} INFO - Running: ['***', 'tasks', 'run', 'tutorial', 'say_id', 'manual__2023-02-10T09:28:08.541855+00:00', '--job-id', '71', '--raw', '--subdir', 'DAGS_FOLDER/reddit_ingestion_dag.py', '--cfg-path', '/tmp/tmphbm_0bge', '--error-file', '/tmp/tmp65_3i9sh']
[2023-02-10 09:28:10,135] {standard_task_runner.py:77} INFO - Job 71: Subtask say_id
[2023-02-10 09:28:10,246] {logging_mixin.py:109} INFO - Running <TaskInstance: tutorial.say_id manual__2023-02-10T09:28:08.541855+00:00 [running]> on host b700b67c38c5
[2023-02-10 09:28:10,351] {taskinstance.py:1426} INFO - Exporting the following env vars:
AIRFLOW_CTX_DAG_EMAIL=***@example.com
AIRFLOW_CTX_DAG_OWNER=***
AIRFLOW_CTX_DAG_ID=tutorial
AIRFLOW_CTX_TASK_ID=say_id
AIRFLOW_CTX_EXECUTION_DATE=2023-02-10T09:28:08.541855+00:00
AIRFLOW_CTX_DAG_RUN_ID=manual__2023-02-10T09:28:08.541855+00:00
[2023-02-10 09:28:10,356] {logging_mixin.py:109} INFO - Hi
[2023-02-10 09:28:10,357] {python.py:175} INFO - Done. Returned value was: None
[2023-02-10 09:28:10,378] {taskinstance.py:1277} INFO - Marking task as SUCCESS. dag_id=tutorial, task_id=say_id, execution_date=20230210T092808, start_date=20230210T092810, end_date=20230210T092810
[2023-02-10 09:28:10,429] {local_task_job.py:154} INFO - Task exited with return code 0
[2023-02-10 09:28:10,488] {local_task_job.py:264} INFO - 1 downstream tasks scheduled from follow-on schedule check
