[2023-02-10 23:50:00,822] {taskinstance.py:1032} INFO - Dependencies all met for <TaskInstance: tutorial.say_id manual__2023-02-10T23:49:49.808930+00:00 [queued]>
[2023-02-10 23:50:00,862] {taskinstance.py:1032} INFO - Dependencies all met for <TaskInstance: tutorial.say_id manual__2023-02-10T23:49:49.808930+00:00 [queued]>
[2023-02-10 23:50:00,865] {taskinstance.py:1238} INFO - 
--------------------------------------------------------------------------------
[2023-02-10 23:50:00,867] {taskinstance.py:1239} INFO - Starting attempt 1 of 2
[2023-02-10 23:50:00,869] {taskinstance.py:1240} INFO - 
--------------------------------------------------------------------------------
[2023-02-10 23:50:00,913] {taskinstance.py:1259} INFO - Executing <Task(_PythonDecoratedOperator): say_id> on 2023-02-10 23:49:49.808930+00:00
[2023-02-10 23:50:00,927] {standard_task_runner.py:52} INFO - Started process 2987 to run task
[2023-02-10 23:50:00,942] {standard_task_runner.py:76} INFO - Running: ['***', 'tasks', 'run', 'tutorial', 'say_id', 'manual__2023-02-10T23:49:49.808930+00:00', '--job-id', '91', '--raw', '--subdir', 'DAGS_FOLDER/reddit_ingestion_dag.py', '--cfg-path', '/tmp/tmpnedzd39i', '--error-file', '/tmp/tmpaf0o286g']
[2023-02-10 23:50:00,953] {standard_task_runner.py:77} INFO - Job 91: Subtask say_id
[2023-02-10 23:50:01,092] {logging_mixin.py:109} INFO - Running <TaskInstance: tutorial.say_id manual__2023-02-10T23:49:49.808930+00:00 [running]> on host 2212ae742bae
[2023-02-10 23:50:01,244] {taskinstance.py:1426} INFO - Exporting the following env vars:
AIRFLOW_CTX_DAG_EMAIL=***@example.com
AIRFLOW_CTX_DAG_OWNER=***
AIRFLOW_CTX_DAG_ID=tutorial
AIRFLOW_CTX_TASK_ID=say_id
AIRFLOW_CTX_EXECUTION_DATE=2023-02-10T23:49:49.808930+00:00
AIRFLOW_CTX_DAG_RUN_ID=manual__2023-02-10T23:49:49.808930+00:00
[2023-02-10 23:50:01,248] {logging_mixin.py:109} INFO - Hi
[2023-02-10 23:50:01,250] {python.py:175} INFO - Done. Returned value was: None
[2023-02-10 23:50:01,273] {taskinstance.py:1277} INFO - Marking task as SUCCESS. dag_id=tutorial, task_id=say_id, execution_date=20230210T234949, start_date=20230210T235000, end_date=20230210T235001
[2023-02-10 23:50:01,315] {local_task_job.py:154} INFO - Task exited with return code 0
[2023-02-10 23:50:01,406] {local_task_job.py:264} INFO - 1 downstream tasks scheduled from follow-on schedule check
