[2023-02-10 08:44:24,461] {taskinstance.py:1032} INFO - Dependencies all met for <TaskInstance: tutorial.say_id manual__2023-02-10T08:44:22.619701+00:00 [queued]>
[2023-02-10 08:44:24,504] {taskinstance.py:1032} INFO - Dependencies all met for <TaskInstance: tutorial.say_id manual__2023-02-10T08:44:22.619701+00:00 [queued]>
[2023-02-10 08:44:24,508] {taskinstance.py:1238} INFO - 
--------------------------------------------------------------------------------
[2023-02-10 08:44:24,510] {taskinstance.py:1239} INFO - Starting attempt 1 of 2
[2023-02-10 08:44:24,514] {taskinstance.py:1240} INFO - 
--------------------------------------------------------------------------------
[2023-02-10 08:44:24,538] {taskinstance.py:1259} INFO - Executing <Task(_PythonDecoratedOperator): say_id> on 2023-02-10 08:44:22.619701+00:00
[2023-02-10 08:44:24,546] {standard_task_runner.py:52} INFO - Started process 380 to run task
[2023-02-10 08:44:24,558] {standard_task_runner.py:76} INFO - Running: ['***', 'tasks', 'run', 'tutorial', 'say_id', 'manual__2023-02-10T08:44:22.619701+00:00', '--job-id', '36', '--raw', '--subdir', 'DAGS_FOLDER/reddit_ingestion_dag.py', '--cfg-path', '/tmp/tmp4v5uezlu', '--error-file', '/tmp/tmpwxr1j5dx']
[2023-02-10 08:44:24,561] {standard_task_runner.py:77} INFO - Job 36: Subtask say_id
[2023-02-10 08:44:24,713] {logging_mixin.py:109} INFO - Running <TaskInstance: tutorial.say_id manual__2023-02-10T08:44:22.619701+00:00 [running]> on host b700b67c38c5
[2023-02-10 08:44:24,815] {taskinstance.py:1426} INFO - Exporting the following env vars:
AIRFLOW_CTX_DAG_EMAIL=***@example.com
AIRFLOW_CTX_DAG_OWNER=***
AIRFLOW_CTX_DAG_ID=tutorial
AIRFLOW_CTX_TASK_ID=say_id
AIRFLOW_CTX_EXECUTION_DATE=2023-02-10T08:44:22.619701+00:00
AIRFLOW_CTX_DAG_RUN_ID=manual__2023-02-10T08:44:22.619701+00:00
[2023-02-10 08:44:24,818] {logging_mixin.py:109} INFO - Hi
[2023-02-10 08:44:24,820] {python.py:175} INFO - Done. Returned value was: None
[2023-02-10 08:44:24,845] {taskinstance.py:1277} INFO - Marking task as SUCCESS. dag_id=tutorial, task_id=say_id, execution_date=20230210T084422, start_date=20230210T084424, end_date=20230210T084424
[2023-02-10 08:44:24,889] {local_task_job.py:154} INFO - Task exited with return code 0
[2023-02-10 08:44:24,941] {local_task_job.py:264} INFO - 1 downstream tasks scheduled from follow-on schedule check
