[2023-02-21 21:38:44,896] {taskinstance.py:1032} INFO - Dependencies all met for <TaskInstance: tutorial.say_id manual__2023-02-21T21:38:43.392731+00:00 [queued]>
[2023-02-21 21:38:44,919] {taskinstance.py:1032} INFO - Dependencies all met for <TaskInstance: tutorial.say_id manual__2023-02-21T21:38:43.392731+00:00 [queued]>
[2023-02-21 21:38:44,922] {taskinstance.py:1238} INFO - 
--------------------------------------------------------------------------------
[2023-02-21 21:38:44,924] {taskinstance.py:1239} INFO - Starting attempt 1 of 2
[2023-02-21 21:38:44,925] {taskinstance.py:1240} INFO - 
--------------------------------------------------------------------------------
[2023-02-21 21:38:45,008] {taskinstance.py:1259} INFO - Executing <Task(_PythonDecoratedOperator): say_id> on 2023-02-21 21:38:43.392731+00:00
[2023-02-21 21:38:45,050] {standard_task_runner.py:52} INFO - Started process 2131 to run task
[2023-02-21 21:38:45,060] {standard_task_runner.py:76} INFO - Running: ['***', 'tasks', 'run', 'tutorial', 'say_id', 'manual__2023-02-21T21:38:43.392731+00:00', '--job-id', '16', '--raw', '--subdir', 'DAGS_FOLDER/reddit_ingestion_dag.py', '--cfg-path', '/tmp/tmpg7v9xkcw', '--error-file', '/tmp/tmp613sxpiv']
[2023-02-21 21:38:45,063] {standard_task_runner.py:77} INFO - Job 16: Subtask say_id
[2023-02-21 21:38:45,198] {logging_mixin.py:109} INFO - Running <TaskInstance: tutorial.say_id manual__2023-02-21T21:38:43.392731+00:00 [running]> on host b46f753f04a9
[2023-02-21 21:38:45,642] {taskinstance.py:1426} INFO - Exporting the following env vars:
AIRFLOW_CTX_DAG_EMAIL=***@example.com
AIRFLOW_CTX_DAG_OWNER=***
AIRFLOW_CTX_DAG_ID=tutorial
AIRFLOW_CTX_TASK_ID=say_id
AIRFLOW_CTX_EXECUTION_DATE=2023-02-21T21:38:43.392731+00:00
AIRFLOW_CTX_DAG_RUN_ID=manual__2023-02-21T21:38:43.392731+00:00
[2023-02-21 21:38:45,645] {logging_mixin.py:109} INFO - Hi
[2023-02-21 21:38:45,646] {python.py:175} INFO - Done. Returned value was: None
[2023-02-21 21:38:45,671] {taskinstance.py:1277} INFO - Marking task as SUCCESS. dag_id=tutorial, task_id=say_id, execution_date=20230221T213843, start_date=20230221T213844, end_date=20230221T213845
[2023-02-21 21:38:45,764] {local_task_job.py:154} INFO - Task exited with return code 0
[2023-02-21 21:38:45,834] {local_task_job.py:264} INFO - 1 downstream tasks scheduled from follow-on schedule check
