[2023-02-10 09:12:04,663] {taskinstance.py:1032} INFO - Dependencies all met for <TaskInstance: tutorial.say_id manual__2023-02-10T09:12:03.030712+00:00 [queued]>
[2023-02-10 09:12:04,826] {taskinstance.py:1032} INFO - Dependencies all met for <TaskInstance: tutorial.say_id manual__2023-02-10T09:12:03.030712+00:00 [queued]>
[2023-02-10 09:12:04,827] {taskinstance.py:1238} INFO - 
--------------------------------------------------------------------------------
[2023-02-10 09:12:04,833] {taskinstance.py:1239} INFO - Starting attempt 1 of 2
[2023-02-10 09:12:04,835] {taskinstance.py:1240} INFO - 
--------------------------------------------------------------------------------
[2023-02-10 09:12:04,890] {taskinstance.py:1259} INFO - Executing <Task(_PythonDecoratedOperator): say_id> on 2023-02-10 09:12:03.030712+00:00
[2023-02-10 09:12:04,913] {standard_task_runner.py:52} INFO - Started process 1524 to run task
[2023-02-10 09:12:04,957] {standard_task_runner.py:76} INFO - Running: ['***', 'tasks', 'run', 'tutorial', 'say_id', 'manual__2023-02-10T09:12:03.030712+00:00', '--job-id', '59', '--raw', '--subdir', 'DAGS_FOLDER/reddit_ingestion_dag.py', '--cfg-path', '/tmp/tmpceqvxf26', '--error-file', '/tmp/tmpnhy043g5']
[2023-02-10 09:12:04,977] {standard_task_runner.py:77} INFO - Job 59: Subtask say_id
[2023-02-10 09:12:05,242] {logging_mixin.py:109} INFO - Running <TaskInstance: tutorial.say_id manual__2023-02-10T09:12:03.030712+00:00 [running]> on host b700b67c38c5
[2023-02-10 09:12:05,387] {taskinstance.py:1426} INFO - Exporting the following env vars:
AIRFLOW_CTX_DAG_EMAIL=***@example.com
AIRFLOW_CTX_DAG_OWNER=***
AIRFLOW_CTX_DAG_ID=tutorial
AIRFLOW_CTX_TASK_ID=say_id
AIRFLOW_CTX_EXECUTION_DATE=2023-02-10T09:12:03.030712+00:00
AIRFLOW_CTX_DAG_RUN_ID=manual__2023-02-10T09:12:03.030712+00:00
[2023-02-10 09:12:05,390] {logging_mixin.py:109} INFO - Hi
[2023-02-10 09:12:05,392] {python.py:175} INFO - Done. Returned value was: None
[2023-02-10 09:12:05,420] {taskinstance.py:1277} INFO - Marking task as SUCCESS. dag_id=tutorial, task_id=say_id, execution_date=20230210T091203, start_date=20230210T091204, end_date=20230210T091205
[2023-02-10 09:12:05,475] {local_task_job.py:154} INFO - Task exited with return code 0
[2023-02-10 09:12:05,551] {local_task_job.py:264} INFO - 1 downstream tasks scheduled from follow-on schedule check
