[2023-02-10 23:56:57,184] {taskinstance.py:1032} INFO - Dependencies all met for <TaskInstance: tutorial.say_id manual__2023-02-10T23:56:55.569045+00:00 [queued]>
[2023-02-10 23:56:57,204] {taskinstance.py:1032} INFO - Dependencies all met for <TaskInstance: tutorial.say_id manual__2023-02-10T23:56:55.569045+00:00 [queued]>
[2023-02-10 23:56:57,206] {taskinstance.py:1238} INFO - 
--------------------------------------------------------------------------------
[2023-02-10 23:56:57,207] {taskinstance.py:1239} INFO - Starting attempt 1 of 2
[2023-02-10 23:56:57,208] {taskinstance.py:1240} INFO - 
--------------------------------------------------------------------------------
[2023-02-10 23:56:57,231] {taskinstance.py:1259} INFO - Executing <Task(_PythonDecoratedOperator): say_id> on 2023-02-10 23:56:55.569045+00:00
[2023-02-10 23:56:57,240] {standard_task_runner.py:52} INFO - Started process 3226 to run task
[2023-02-10 23:56:57,249] {standard_task_runner.py:76} INFO - Running: ['***', 'tasks', 'run', 'tutorial', 'say_id', 'manual__2023-02-10T23:56:55.569045+00:00', '--job-id', '94', '--raw', '--subdir', 'DAGS_FOLDER/reddit_ingestion_dag.py', '--cfg-path', '/tmp/tmpt7_kqg0n', '--error-file', '/tmp/tmpcc1w894f']
[2023-02-10 23:56:57,250] {standard_task_runner.py:77} INFO - Job 94: Subtask say_id
[2023-02-10 23:56:57,353] {logging_mixin.py:109} INFO - Running <TaskInstance: tutorial.say_id manual__2023-02-10T23:56:55.569045+00:00 [running]> on host 2212ae742bae
[2023-02-10 23:56:57,462] {taskinstance.py:1426} INFO - Exporting the following env vars:
AIRFLOW_CTX_DAG_EMAIL=***@example.com
AIRFLOW_CTX_DAG_OWNER=***
AIRFLOW_CTX_DAG_ID=tutorial
AIRFLOW_CTX_TASK_ID=say_id
AIRFLOW_CTX_EXECUTION_DATE=2023-02-10T23:56:55.569045+00:00
AIRFLOW_CTX_DAG_RUN_ID=manual__2023-02-10T23:56:55.569045+00:00
[2023-02-10 23:56:57,472] {logging_mixin.py:109} INFO - Hi
[2023-02-10 23:56:57,476] {python.py:175} INFO - Done. Returned value was: None
[2023-02-10 23:56:57,500] {taskinstance.py:1277} INFO - Marking task as SUCCESS. dag_id=tutorial, task_id=say_id, execution_date=20230210T235655, start_date=20230210T235657, end_date=20230210T235657
[2023-02-10 23:56:57,545] {local_task_job.py:154} INFO - Task exited with return code 0
[2023-02-10 23:56:57,596] {local_task_job.py:264} INFO - 1 downstream tasks scheduled from follow-on schedule check
