[2023-02-20 21:41:09,161] {taskinstance.py:1032} INFO - Dependencies all met for <TaskInstance: tutorial.say_id manual__2023-02-20T21:41:08.082485+00:00 [queued]>
[2023-02-20 21:41:09,179] {taskinstance.py:1032} INFO - Dependencies all met for <TaskInstance: tutorial.say_id manual__2023-02-20T21:41:08.082485+00:00 [queued]>
[2023-02-20 21:41:09,181] {taskinstance.py:1238} INFO - 
--------------------------------------------------------------------------------
[2023-02-20 21:41:09,182] {taskinstance.py:1239} INFO - Starting attempt 1 of 2
[2023-02-20 21:41:09,184] {taskinstance.py:1240} INFO - 
--------------------------------------------------------------------------------
[2023-02-20 21:41:09,203] {taskinstance.py:1259} INFO - Executing <Task(_PythonDecoratedOperator): say_id> on 2023-02-20 21:41:08.082485+00:00
[2023-02-20 21:41:09,209] {standard_task_runner.py:52} INFO - Started process 183 to run task
[2023-02-20 21:41:09,214] {standard_task_runner.py:76} INFO - Running: ['***', 'tasks', 'run', 'tutorial', 'say_id', 'manual__2023-02-20T21:41:08.082485+00:00', '--job-id', '132', '--raw', '--subdir', 'DAGS_FOLDER/reddit_ingestion_dag.py', '--cfg-path', '/tmp/tmp8849rq8a', '--error-file', '/tmp/tmptcmlyx99']
[2023-02-20 21:41:09,215] {standard_task_runner.py:77} INFO - Job 132: Subtask say_id
[2023-02-20 21:41:09,292] {logging_mixin.py:109} INFO - Running <TaskInstance: tutorial.say_id manual__2023-02-20T21:41:08.082485+00:00 [running]> on host 1b319cb4c67b
[2023-02-20 21:41:09,356] {taskinstance.py:1426} INFO - Exporting the following env vars:
AIRFLOW_CTX_DAG_EMAIL=***@example.com
AIRFLOW_CTX_DAG_OWNER=***
AIRFLOW_CTX_DAG_ID=tutorial
AIRFLOW_CTX_TASK_ID=say_id
AIRFLOW_CTX_EXECUTION_DATE=2023-02-20T21:41:08.082485+00:00
AIRFLOW_CTX_DAG_RUN_ID=manual__2023-02-20T21:41:08.082485+00:00
[2023-02-20 21:41:09,358] {logging_mixin.py:109} INFO - Hi
[2023-02-20 21:41:09,359] {python.py:175} INFO - Done. Returned value was: None
[2023-02-20 21:41:09,375] {taskinstance.py:1277} INFO - Marking task as SUCCESS. dag_id=tutorial, task_id=say_id, execution_date=20230220T214108, start_date=20230220T214109, end_date=20230220T214109
[2023-02-20 21:41:09,433] {local_task_job.py:154} INFO - Task exited with return code 0
[2023-02-20 21:41:09,474] {local_task_job.py:264} INFO - 1 downstream tasks scheduled from follow-on schedule check
