[2023-02-20 21:19:30,426] {taskinstance.py:1032} INFO - Dependencies all met for <TaskInstance: tutorial.say_id manual__2023-02-20T21:19:28.854453+00:00 [queued]>
[2023-02-20 21:19:30,441] {taskinstance.py:1032} INFO - Dependencies all met for <TaskInstance: tutorial.say_id manual__2023-02-20T21:19:28.854453+00:00 [queued]>
[2023-02-20 21:19:30,443] {taskinstance.py:1238} INFO - 
--------------------------------------------------------------------------------
[2023-02-20 21:19:30,443] {taskinstance.py:1239} INFO - Starting attempt 1 of 2
[2023-02-20 21:19:30,444] {taskinstance.py:1240} INFO - 
--------------------------------------------------------------------------------
[2023-02-20 21:19:30,459] {taskinstance.py:1259} INFO - Executing <Task(_PythonDecoratedOperator): say_id> on 2023-02-20 21:19:28.854453+00:00
[2023-02-20 21:19:30,466] {standard_task_runner.py:52} INFO - Started process 86 to run task
[2023-02-20 21:19:30,471] {standard_task_runner.py:76} INFO - Running: ['***', 'tasks', 'run', 'tutorial', 'say_id', 'manual__2023-02-20T21:19:28.854453+00:00', '--job-id', '125', '--raw', '--subdir', 'DAGS_FOLDER/reddit_ingestion_dag.py', '--cfg-path', '/tmp/tmpfducg3bx', '--error-file', '/tmp/tmpupwca94h']
[2023-02-20 21:19:30,472] {standard_task_runner.py:77} INFO - Job 125: Subtask say_id
[2023-02-20 21:19:30,551] {logging_mixin.py:109} INFO - Running <TaskInstance: tutorial.say_id manual__2023-02-20T21:19:28.854453+00:00 [running]> on host 475cb38abdc2
[2023-02-20 21:19:30,619] {taskinstance.py:1426} INFO - Exporting the following env vars:
AIRFLOW_CTX_DAG_EMAIL=***@example.com
AIRFLOW_CTX_DAG_OWNER=***
AIRFLOW_CTX_DAG_ID=tutorial
AIRFLOW_CTX_TASK_ID=say_id
AIRFLOW_CTX_EXECUTION_DATE=2023-02-20T21:19:28.854453+00:00
AIRFLOW_CTX_DAG_RUN_ID=manual__2023-02-20T21:19:28.854453+00:00
[2023-02-20 21:19:30,620] {logging_mixin.py:109} INFO - Hi
[2023-02-20 21:19:30,621] {python.py:175} INFO - Done. Returned value was: None
[2023-02-20 21:19:30,637] {taskinstance.py:1277} INFO - Marking task as SUCCESS. dag_id=tutorial, task_id=say_id, execution_date=20230220T211928, start_date=20230220T211930, end_date=20230220T211930
[2023-02-20 21:19:30,685] {local_task_job.py:154} INFO - Task exited with return code 0
[2023-02-20 21:19:30,735] {local_task_job.py:264} INFO - 1 downstream tasks scheduled from follow-on schedule check
