[2023-02-22 14:01:28,979] {taskinstance.py:1032} INFO - Dependencies all met for <TaskInstance: tutorial.say_id manual__2023-02-22T14:01:26.042768+00:00 [queued]>
[2023-02-22 14:01:28,996] {taskinstance.py:1032} INFO - Dependencies all met for <TaskInstance: tutorial.say_id manual__2023-02-22T14:01:26.042768+00:00 [queued]>
[2023-02-22 14:01:28,997] {taskinstance.py:1238} INFO - 
--------------------------------------------------------------------------------
[2023-02-22 14:01:28,998] {taskinstance.py:1239} INFO - Starting attempt 1 of 2
[2023-02-22 14:01:28,999] {taskinstance.py:1240} INFO - 
--------------------------------------------------------------------------------
[2023-02-22 14:01:29,313] {taskinstance.py:1259} INFO - Executing <Task(_PythonDecoratedOperator): say_id> on 2023-02-22 14:01:26.042768+00:00
[2023-02-22 14:01:29,323] {standard_task_runner.py:52} INFO - Started process 40036 to run task
[2023-02-22 14:01:29,328] {standard_task_runner.py:76} INFO - Running: ['***', 'tasks', 'run', 'tutorial', 'say_id', 'manual__2023-02-22T14:01:26.042768+00:00', '--job-id', '44', '--raw', '--subdir', 'DAGS_FOLDER/reddit_ingestion_dag.py', '--cfg-path', '/tmp/tmp99gy9ykh', '--error-file', '/tmp/tmpea6mls5x']
[2023-02-22 14:01:29,330] {standard_task_runner.py:77} INFO - Job 44: Subtask say_id
[2023-02-22 14:01:29,409] {logging_mixin.py:109} INFO - Running <TaskInstance: tutorial.say_id manual__2023-02-22T14:01:26.042768+00:00 [running]> on host 541881d0ad34
[2023-02-22 14:01:29,539] {taskinstance.py:1426} INFO - Exporting the following env vars:
AIRFLOW_CTX_DAG_EMAIL=***@example.com
AIRFLOW_CTX_DAG_OWNER=***
AIRFLOW_CTX_DAG_ID=tutorial
AIRFLOW_CTX_TASK_ID=say_id
AIRFLOW_CTX_EXECUTION_DATE=2023-02-22T14:01:26.042768+00:00
AIRFLOW_CTX_DAG_RUN_ID=manual__2023-02-22T14:01:26.042768+00:00
[2023-02-22 14:01:29,543] {logging_mixin.py:109} INFO - Hi
[2023-02-22 14:01:29,545] {python.py:175} INFO - Done. Returned value was: None
[2023-02-22 14:01:29,584] {taskinstance.py:1277} INFO - Marking task as SUCCESS. dag_id=tutorial, task_id=say_id, execution_date=20230222T140126, start_date=20230222T140128, end_date=20230222T140129
[2023-02-22 14:01:29,670] {local_task_job.py:154} INFO - Task exited with return code 0
[2023-02-22 14:01:29,723] {local_task_job.py:264} INFO - 1 downstream tasks scheduled from follow-on schedule check
