[2023-02-20 21:40:07,746] {taskinstance.py:1032} INFO - Dependencies all met for <TaskInstance: tutorial.say_id manual__2023-02-20T21:40:06.654947+00:00 [queued]>
[2023-02-20 21:40:07,769] {taskinstance.py:1032} INFO - Dependencies all met for <TaskInstance: tutorial.say_id manual__2023-02-20T21:40:06.654947+00:00 [queued]>
[2023-02-20 21:40:07,771] {taskinstance.py:1238} INFO - 
--------------------------------------------------------------------------------
[2023-02-20 21:40:07,772] {taskinstance.py:1239} INFO - Starting attempt 1 of 2
[2023-02-20 21:40:07,773] {taskinstance.py:1240} INFO - 
--------------------------------------------------------------------------------
[2023-02-20 21:40:07,796] {taskinstance.py:1259} INFO - Executing <Task(_PythonDecoratedOperator): say_id> on 2023-02-20 21:40:06.654947+00:00
[2023-02-20 21:40:07,807] {standard_task_runner.py:52} INFO - Started process 143 to run task
[2023-02-20 21:40:07,820] {standard_task_runner.py:76} INFO - Running: ['***', 'tasks', 'run', 'tutorial', 'say_id', 'manual__2023-02-20T21:40:06.654947+00:00', '--job-id', '130', '--raw', '--subdir', 'DAGS_FOLDER/reddit_ingestion_dag.py', '--cfg-path', '/tmp/tmppgzstkcs', '--error-file', '/tmp/tmpm0o4in72']
[2023-02-20 21:40:07,823] {standard_task_runner.py:77} INFO - Job 130: Subtask say_id
[2023-02-20 21:40:07,979] {logging_mixin.py:109} INFO - Running <TaskInstance: tutorial.say_id manual__2023-02-20T21:40:06.654947+00:00 [running]> on host 1b319cb4c67b
[2023-02-20 21:40:08,114] {taskinstance.py:1426} INFO - Exporting the following env vars:
AIRFLOW_CTX_DAG_EMAIL=***@example.com
AIRFLOW_CTX_DAG_OWNER=***
AIRFLOW_CTX_DAG_ID=tutorial
AIRFLOW_CTX_TASK_ID=say_id
AIRFLOW_CTX_EXECUTION_DATE=2023-02-20T21:40:06.654947+00:00
AIRFLOW_CTX_DAG_RUN_ID=manual__2023-02-20T21:40:06.654947+00:00
[2023-02-20 21:40:08,117] {logging_mixin.py:109} INFO - Hi
[2023-02-20 21:40:08,118] {python.py:175} INFO - Done. Returned value was: None
[2023-02-20 21:40:08,138] {taskinstance.py:1277} INFO - Marking task as SUCCESS. dag_id=tutorial, task_id=say_id, execution_date=20230220T214006, start_date=20230220T214007, end_date=20230220T214008
[2023-02-20 21:40:08,192] {local_task_job.py:154} INFO - Task exited with return code 0
[2023-02-20 21:40:08,237] {local_task_job.py:264} INFO - 1 downstream tasks scheduled from follow-on schedule check
