[2023-02-23 22:46:10,845] {taskinstance.py:1032} INFO - Dependencies all met for <TaskInstance: tutorial.say_id scheduled__2023-02-22T20:48:30.663472+00:00 [queued]>
[2023-02-23 22:46:10,880] {taskinstance.py:1032} INFO - Dependencies all met for <TaskInstance: tutorial.say_id scheduled__2023-02-22T20:48:30.663472+00:00 [queued]>
[2023-02-23 22:46:10,882] {taskinstance.py:1238} INFO - 
--------------------------------------------------------------------------------
[2023-02-23 22:46:10,884] {taskinstance.py:1239} INFO - Starting attempt 1 of 2
[2023-02-23 22:46:10,885] {taskinstance.py:1240} INFO - 
--------------------------------------------------------------------------------
[2023-02-23 22:46:10,933] {taskinstance.py:1259} INFO - Executing <Task(_PythonDecoratedOperator): say_id> on 2023-02-22 20:48:30.663472+00:00
[2023-02-23 22:46:10,955] {standard_task_runner.py:52} INFO - Started process 81406 to run task
[2023-02-23 22:46:10,974] {standard_task_runner.py:76} INFO - Running: ['***', 'tasks', 'run', 'tutorial', 'say_id', 'scheduled__2023-02-22T20:48:30.663472+00:00', '--job-id', '53', '--raw', '--subdir', 'DAGS_FOLDER/reddit_ingestion_dag.py', '--cfg-path', '/tmp/tmpqg6lka5l', '--error-file', '/tmp/tmpl8ne8zm6']
[2023-02-23 22:46:10,979] {standard_task_runner.py:77} INFO - Job 53: Subtask say_id
[2023-02-23 22:46:11,171] {logging_mixin.py:109} INFO - Running <TaskInstance: tutorial.say_id scheduled__2023-02-22T20:48:30.663472+00:00 [running]> on host 541881d0ad34
[2023-02-23 22:46:11,347] {taskinstance.py:1426} INFO - Exporting the following env vars:
AIRFLOW_CTX_DAG_EMAIL=***@example.com
AIRFLOW_CTX_DAG_OWNER=***
AIRFLOW_CTX_DAG_ID=tutorial
AIRFLOW_CTX_TASK_ID=say_id
AIRFLOW_CTX_EXECUTION_DATE=2023-02-22T20:48:30.663472+00:00
AIRFLOW_CTX_DAG_RUN_ID=scheduled__2023-02-22T20:48:30.663472+00:00
[2023-02-23 22:46:11,352] {logging_mixin.py:109} INFO - Hi
[2023-02-23 22:46:11,354] {python.py:175} INFO - Done. Returned value was: None
[2023-02-23 22:46:11,382] {taskinstance.py:1277} INFO - Marking task as SUCCESS. dag_id=tutorial, task_id=say_id, execution_date=20230222T204830, start_date=20230223T224610, end_date=20230223T224611
[2023-02-23 22:46:11,476] {local_task_job.py:154} INFO - Task exited with return code 0
[2023-02-23 22:46:11,570] {local_task_job.py:264} INFO - 1 downstream tasks scheduled from follow-on schedule check
