[2023-02-21 22:02:31,210] {taskinstance.py:1032} INFO - Dependencies all met for <TaskInstance: tutorial.say_id manual__2023-02-21T22:02:29.410758+00:00 [queued]>
[2023-02-21 22:02:31,226] {taskinstance.py:1032} INFO - Dependencies all met for <TaskInstance: tutorial.say_id manual__2023-02-21T22:02:29.410758+00:00 [queued]>
[2023-02-21 22:02:31,227] {taskinstance.py:1238} INFO - 
--------------------------------------------------------------------------------
[2023-02-21 22:02:31,228] {taskinstance.py:1239} INFO - Starting attempt 1 of 2
[2023-02-21 22:02:31,229] {taskinstance.py:1240} INFO - 
--------------------------------------------------------------------------------
[2023-02-21 22:02:31,247] {taskinstance.py:1259} INFO - Executing <Task(_PythonDecoratedOperator): say_id> on 2023-02-21 22:02:29.410758+00:00
[2023-02-21 22:02:31,254] {standard_task_runner.py:52} INFO - Started process 456 to run task
[2023-02-21 22:02:31,261] {standard_task_runner.py:76} INFO - Running: ['***', 'tasks', 'run', 'tutorial', 'say_id', 'manual__2023-02-21T22:02:29.410758+00:00', '--job-id', '29', '--raw', '--subdir', 'DAGS_FOLDER/reddit_ingestion_dag.py', '--cfg-path', '/tmp/tmpeay36yxr', '--error-file', '/tmp/tmpxxkxjdom']
[2023-02-21 22:02:31,263] {standard_task_runner.py:77} INFO - Job 29: Subtask say_id
[2023-02-21 22:02:31,350] {logging_mixin.py:109} INFO - Running <TaskInstance: tutorial.say_id manual__2023-02-21T22:02:29.410758+00:00 [running]> on host 541881d0ad34
[2023-02-21 22:02:31,601] {taskinstance.py:1426} INFO - Exporting the following env vars:
AIRFLOW_CTX_DAG_EMAIL=***@example.com
AIRFLOW_CTX_DAG_OWNER=***
AIRFLOW_CTX_DAG_ID=tutorial
AIRFLOW_CTX_TASK_ID=say_id
AIRFLOW_CTX_EXECUTION_DATE=2023-02-21T22:02:29.410758+00:00
AIRFLOW_CTX_DAG_RUN_ID=manual__2023-02-21T22:02:29.410758+00:00
[2023-02-21 22:02:31,603] {logging_mixin.py:109} INFO - Hi
[2023-02-21 22:02:31,605] {python.py:175} INFO - Done. Returned value was: None
[2023-02-21 22:02:31,626] {taskinstance.py:1277} INFO - Marking task as SUCCESS. dag_id=tutorial, task_id=say_id, execution_date=20230221T220229, start_date=20230221T220231, end_date=20230221T220231
[2023-02-21 22:02:31,676] {local_task_job.py:154} INFO - Task exited with return code 0
[2023-02-21 22:02:31,735] {local_task_job.py:264} INFO - 1 downstream tasks scheduled from follow-on schedule check
