[2023-02-20 20:53:50,514] {taskinstance.py:1032} INFO - Dependencies all met for <TaskInstance: tutorial.say_id manual__2023-02-20T20:53:48.817787+00:00 [queued]>
[2023-02-20 20:53:50,540] {taskinstance.py:1032} INFO - Dependencies all met for <TaskInstance: tutorial.say_id manual__2023-02-20T20:53:48.817787+00:00 [queued]>
[2023-02-20 20:53:50,542] {taskinstance.py:1238} INFO - 
--------------------------------------------------------------------------------
[2023-02-20 20:53:50,544] {taskinstance.py:1239} INFO - Starting attempt 1 of 2
[2023-02-20 20:53:50,545] {taskinstance.py:1240} INFO - 
--------------------------------------------------------------------------------
[2023-02-20 20:53:50,578] {taskinstance.py:1259} INFO - Executing <Task(_PythonDecoratedOperator): say_id> on 2023-02-20 20:53:48.817787+00:00
[2023-02-20 20:53:50,591] {standard_task_runner.py:52} INFO - Started process 386 to run task
[2023-02-20 20:53:50,612] {standard_task_runner.py:76} INFO - Running: ['***', 'tasks', 'run', 'tutorial', 'say_id', 'manual__2023-02-20T20:53:48.817787+00:00', '--job-id', '111', '--raw', '--subdir', 'DAGS_FOLDER/reddit_ingestion_dag.py', '--cfg-path', '/tmp/tmp1is34les', '--error-file', '/tmp/tmprxakpupi']
[2023-02-20 20:53:50,614] {standard_task_runner.py:77} INFO - Job 111: Subtask say_id
[2023-02-20 20:53:50,761] {logging_mixin.py:109} INFO - Running <TaskInstance: tutorial.say_id manual__2023-02-20T20:53:48.817787+00:00 [running]> on host de4414e9a637
[2023-02-20 20:53:50,911] {taskinstance.py:1426} INFO - Exporting the following env vars:
AIRFLOW_CTX_DAG_EMAIL=***@example.com
AIRFLOW_CTX_DAG_OWNER=***
AIRFLOW_CTX_DAG_ID=tutorial
AIRFLOW_CTX_TASK_ID=say_id
AIRFLOW_CTX_EXECUTION_DATE=2023-02-20T20:53:48.817787+00:00
AIRFLOW_CTX_DAG_RUN_ID=manual__2023-02-20T20:53:48.817787+00:00
[2023-02-20 20:53:50,922] {logging_mixin.py:109} INFO - Hi
[2023-02-20 20:53:50,924] {python.py:175} INFO - Done. Returned value was: None
[2023-02-20 20:53:50,960] {taskinstance.py:1277} INFO - Marking task as SUCCESS. dag_id=tutorial, task_id=say_id, execution_date=20230220T205348, start_date=20230220T205350, end_date=20230220T205350
[2023-02-20 20:53:51,023] {local_task_job.py:154} INFO - Task exited with return code 0
[2023-02-20 20:53:51,099] {local_task_job.py:264} INFO - 1 downstream tasks scheduled from follow-on schedule check
