[2023-02-11 00:00:13,888] {processor.py:163} INFO - Started process (PID=3662) to work on /opt/airflow/dags/reddit_ingestion_dag.py
[2023-02-11 00:00:13,891] {processor.py:642} INFO - Processing file /opt/airflow/dags/reddit_ingestion_dag.py for tasks to queue
[2023-02-11 00:00:13,894] {logging_mixin.py:109} INFO - [2023-02-11 00:00:13,894] {dagbag.py:500} INFO - Filling up the DagBag from /opt/airflow/dags/reddit_ingestion_dag.py
[2023-02-11 00:00:14,132] {processor.py:654} INFO - DAG(s) dict_keys(['tutorial']) retrieved from /opt/airflow/dags/reddit_ingestion_dag.py
[2023-02-11 00:00:14,146] {logging_mixin.py:109} INFO - [2023-02-11 00:00:14,146] {dag.py:2396} INFO - Sync 1 DAGs
[2023-02-11 00:00:14,181] {logging_mixin.py:109} INFO - [2023-02-11 00:00:14,181] {dag.py:2935} INFO - Setting next_dagrun for tutorial to 2023-02-10T07:11:17.820238+00:00
[2023-02-11 00:00:14,198] {processor.py:171} INFO - Processing /opt/airflow/dags/reddit_ingestion_dag.py took 0.317 seconds
[2023-02-11 00:00:44,276] {processor.py:163} INFO - Started process (PID=3682) to work on /opt/airflow/dags/reddit_ingestion_dag.py
[2023-02-11 00:00:44,280] {processor.py:642} INFO - Processing file /opt/airflow/dags/reddit_ingestion_dag.py for tasks to queue
[2023-02-11 00:00:44,284] {logging_mixin.py:109} INFO - [2023-02-11 00:00:44,284] {dagbag.py:500} INFO - Filling up the DagBag from /opt/airflow/dags/reddit_ingestion_dag.py
[2023-02-11 00:00:44,454] {processor.py:654} INFO - DAG(s) dict_keys(['tutorial']) retrieved from /opt/airflow/dags/reddit_ingestion_dag.py
[2023-02-11 00:00:44,486] {logging_mixin.py:109} INFO - [2023-02-11 00:00:44,485] {dag.py:2396} INFO - Sync 1 DAGs
[2023-02-11 00:00:44,510] {logging_mixin.py:109} INFO - [2023-02-11 00:00:44,510] {dag.py:2935} INFO - Setting next_dagrun for tutorial to 2023-02-10T07:11:17.820238+00:00
[2023-02-11 00:00:44,534] {processor.py:171} INFO - Processing /opt/airflow/dags/reddit_ingestion_dag.py took 0.268 seconds
[2023-02-11 00:01:14,613] {processor.py:163} INFO - Started process (PID=3702) to work on /opt/airflow/dags/reddit_ingestion_dag.py
[2023-02-11 00:01:14,616] {processor.py:642} INFO - Processing file /opt/airflow/dags/reddit_ingestion_dag.py for tasks to queue
[2023-02-11 00:01:14,618] {logging_mixin.py:109} INFO - [2023-02-11 00:01:14,618] {dagbag.py:500} INFO - Filling up the DagBag from /opt/airflow/dags/reddit_ingestion_dag.py
[2023-02-11 00:01:14,794] {processor.py:654} INFO - DAG(s) dict_keys(['tutorial']) retrieved from /opt/airflow/dags/reddit_ingestion_dag.py
[2023-02-11 00:01:14,815] {logging_mixin.py:109} INFO - [2023-02-11 00:01:14,815] {dag.py:2396} INFO - Sync 1 DAGs
[2023-02-11 00:01:14,853] {logging_mixin.py:109} INFO - [2023-02-11 00:01:14,852] {dag.py:2935} INFO - Setting next_dagrun for tutorial to 2023-02-10T07:11:17.820238+00:00
[2023-02-11 00:01:14,885] {processor.py:171} INFO - Processing /opt/airflow/dags/reddit_ingestion_dag.py took 0.277 seconds
[2023-02-11 00:01:44,979] {processor.py:163} INFO - Started process (PID=3721) to work on /opt/airflow/dags/reddit_ingestion_dag.py
[2023-02-11 00:01:44,982] {processor.py:642} INFO - Processing file /opt/airflow/dags/reddit_ingestion_dag.py for tasks to queue
[2023-02-11 00:01:44,984] {logging_mixin.py:109} INFO - [2023-02-11 00:01:44,984] {dagbag.py:500} INFO - Filling up the DagBag from /opt/airflow/dags/reddit_ingestion_dag.py
[2023-02-11 00:01:45,134] {processor.py:654} INFO - DAG(s) dict_keys(['tutorial']) retrieved from /opt/airflow/dags/reddit_ingestion_dag.py
[2023-02-11 00:01:45,150] {logging_mixin.py:109} INFO - [2023-02-11 00:01:45,150] {dag.py:2396} INFO - Sync 1 DAGs
[2023-02-11 00:01:45,174] {logging_mixin.py:109} INFO - [2023-02-11 00:01:45,174] {dag.py:2935} INFO - Setting next_dagrun for tutorial to 2023-02-10T07:11:17.820238+00:00
[2023-02-11 00:01:45,193] {processor.py:171} INFO - Processing /opt/airflow/dags/reddit_ingestion_dag.py took 0.219 seconds
[2023-02-11 00:02:15,286] {processor.py:163} INFO - Started process (PID=3747) to work on /opt/airflow/dags/reddit_ingestion_dag.py
[2023-02-11 00:02:15,289] {processor.py:642} INFO - Processing file /opt/airflow/dags/reddit_ingestion_dag.py for tasks to queue
[2023-02-11 00:02:15,296] {logging_mixin.py:109} INFO - [2023-02-11 00:02:15,296] {dagbag.py:500} INFO - Filling up the DagBag from /opt/airflow/dags/reddit_ingestion_dag.py
[2023-02-11 00:02:15,504] {processor.py:654} INFO - DAG(s) dict_keys(['tutorial']) retrieved from /opt/airflow/dags/reddit_ingestion_dag.py
[2023-02-11 00:02:15,524] {logging_mixin.py:109} INFO - [2023-02-11 00:02:15,524] {dag.py:2396} INFO - Sync 1 DAGs
[2023-02-11 00:02:15,559] {logging_mixin.py:109} INFO - [2023-02-11 00:02:15,559] {dag.py:2935} INFO - Setting next_dagrun for tutorial to 2023-02-10T07:11:17.820238+00:00
[2023-02-11 00:02:15,580] {processor.py:171} INFO - Processing /opt/airflow/dags/reddit_ingestion_dag.py took 0.301 seconds
[2023-02-11 00:02:45,705] {processor.py:163} INFO - Started process (PID=3768) to work on /opt/airflow/dags/reddit_ingestion_dag.py
[2023-02-11 00:02:45,711] {processor.py:642} INFO - Processing file /opt/airflow/dags/reddit_ingestion_dag.py for tasks to queue
[2023-02-11 00:02:45,715] {logging_mixin.py:109} INFO - [2023-02-11 00:02:45,715] {dagbag.py:500} INFO - Filling up the DagBag from /opt/airflow/dags/reddit_ingestion_dag.py
[2023-02-11 00:02:45,979] {processor.py:654} INFO - DAG(s) dict_keys(['tutorial']) retrieved from /opt/airflow/dags/reddit_ingestion_dag.py
[2023-02-11 00:02:46,031] {logging_mixin.py:109} INFO - [2023-02-11 00:02:46,031] {dag.py:2396} INFO - Sync 1 DAGs
[2023-02-11 00:02:46,099] {logging_mixin.py:109} INFO - [2023-02-11 00:02:46,093] {dag.py:2935} INFO - Setting next_dagrun for tutorial to 2023-02-10T07:11:17.820238+00:00
[2023-02-11 00:02:46,157] {processor.py:171} INFO - Processing /opt/airflow/dags/reddit_ingestion_dag.py took 0.464 seconds
[2023-02-11 00:03:16,297] {processor.py:163} INFO - Started process (PID=3787) to work on /opt/airflow/dags/reddit_ingestion_dag.py
[2023-02-11 00:03:16,300] {processor.py:642} INFO - Processing file /opt/airflow/dags/reddit_ingestion_dag.py for tasks to queue
[2023-02-11 00:03:16,302] {logging_mixin.py:109} INFO - [2023-02-11 00:03:16,302] {dagbag.py:500} INFO - Filling up the DagBag from /opt/airflow/dags/reddit_ingestion_dag.py
[2023-02-11 00:03:16,497] {processor.py:654} INFO - DAG(s) dict_keys(['tutorial']) retrieved from /opt/airflow/dags/reddit_ingestion_dag.py
[2023-02-11 00:03:16,524] {logging_mixin.py:109} INFO - [2023-02-11 00:03:16,523] {dag.py:2396} INFO - Sync 1 DAGs
[2023-02-11 00:03:16,574] {logging_mixin.py:109} INFO - [2023-02-11 00:03:16,573] {dag.py:2935} INFO - Setting next_dagrun for tutorial to 2023-02-10T07:11:17.820238+00:00
[2023-02-11 00:03:16,606] {processor.py:171} INFO - Processing /opt/airflow/dags/reddit_ingestion_dag.py took 0.317 seconds
[2023-02-11 00:03:46,816] {processor.py:163} INFO - Started process (PID=3806) to work on /opt/airflow/dags/reddit_ingestion_dag.py
[2023-02-11 00:03:46,821] {processor.py:642} INFO - Processing file /opt/airflow/dags/reddit_ingestion_dag.py for tasks to queue
[2023-02-11 00:03:46,824] {logging_mixin.py:109} INFO - [2023-02-11 00:03:46,824] {dagbag.py:500} INFO - Filling up the DagBag from /opt/airflow/dags/reddit_ingestion_dag.py
[2023-02-11 00:03:47,018] {processor.py:654} INFO - DAG(s) dict_keys(['tutorial']) retrieved from /opt/airflow/dags/reddit_ingestion_dag.py
[2023-02-11 00:03:47,047] {logging_mixin.py:109} INFO - [2023-02-11 00:03:47,047] {dag.py:2396} INFO - Sync 1 DAGs
[2023-02-11 00:03:47,073] {logging_mixin.py:109} INFO - [2023-02-11 00:03:47,072] {dag.py:2935} INFO - Setting next_dagrun for tutorial to 2023-02-10T07:11:17.820238+00:00
[2023-02-11 00:03:47,089] {processor.py:171} INFO - Processing /opt/airflow/dags/reddit_ingestion_dag.py took 0.280 seconds
[2023-02-11 00:04:17,328] {processor.py:163} INFO - Started process (PID=3825) to work on /opt/airflow/dags/reddit_ingestion_dag.py
[2023-02-11 00:04:17,330] {processor.py:642} INFO - Processing file /opt/airflow/dags/reddit_ingestion_dag.py for tasks to queue
[2023-02-11 00:04:17,332] {logging_mixin.py:109} INFO - [2023-02-11 00:04:17,332] {dagbag.py:500} INFO - Filling up the DagBag from /opt/airflow/dags/reddit_ingestion_dag.py
[2023-02-11 00:04:17,490] {processor.py:654} INFO - DAG(s) dict_keys(['tutorial']) retrieved from /opt/airflow/dags/reddit_ingestion_dag.py
[2023-02-11 00:04:17,506] {logging_mixin.py:109} INFO - [2023-02-11 00:04:17,506] {dag.py:2396} INFO - Sync 1 DAGs
[2023-02-11 00:04:17,529] {logging_mixin.py:109} INFO - [2023-02-11 00:04:17,529] {dag.py:2935} INFO - Setting next_dagrun for tutorial to 2023-02-10T07:11:17.820238+00:00
[2023-02-11 00:04:17,543] {processor.py:171} INFO - Processing /opt/airflow/dags/reddit_ingestion_dag.py took 0.224 seconds
[2023-02-11 00:04:47,630] {processor.py:163} INFO - Started process (PID=3844) to work on /opt/airflow/dags/reddit_ingestion_dag.py
[2023-02-11 00:04:47,636] {processor.py:642} INFO - Processing file /opt/airflow/dags/reddit_ingestion_dag.py for tasks to queue
[2023-02-11 00:04:47,639] {logging_mixin.py:109} INFO - [2023-02-11 00:04:47,639] {dagbag.py:500} INFO - Filling up the DagBag from /opt/airflow/dags/reddit_ingestion_dag.py
[2023-02-11 00:04:47,859] {processor.py:654} INFO - DAG(s) dict_keys(['tutorial']) retrieved from /opt/airflow/dags/reddit_ingestion_dag.py
[2023-02-11 00:04:47,874] {logging_mixin.py:109} INFO - [2023-02-11 00:04:47,874] {dag.py:2396} INFO - Sync 1 DAGs
[2023-02-11 00:04:47,901] {logging_mixin.py:109} INFO - [2023-02-11 00:04:47,900] {dag.py:2935} INFO - Setting next_dagrun for tutorial to 2023-02-10T07:11:17.820238+00:00
[2023-02-11 00:04:47,915] {processor.py:171} INFO - Processing /opt/airflow/dags/reddit_ingestion_dag.py took 0.291 seconds
[2023-02-11 00:05:18,011] {processor.py:163} INFO - Started process (PID=3873) to work on /opt/airflow/dags/reddit_ingestion_dag.py
[2023-02-11 00:05:18,023] {processor.py:642} INFO - Processing file /opt/airflow/dags/reddit_ingestion_dag.py for tasks to queue
[2023-02-11 00:05:18,026] {logging_mixin.py:109} INFO - [2023-02-11 00:05:18,026] {dagbag.py:500} INFO - Filling up the DagBag from /opt/airflow/dags/reddit_ingestion_dag.py
[2023-02-11 00:05:18,243] {processor.py:654} INFO - DAG(s) dict_keys(['tutorial']) retrieved from /opt/airflow/dags/reddit_ingestion_dag.py
[2023-02-11 00:05:18,260] {logging_mixin.py:109} INFO - [2023-02-11 00:05:18,260] {dag.py:2396} INFO - Sync 1 DAGs
[2023-02-11 00:05:18,287] {logging_mixin.py:109} INFO - [2023-02-11 00:05:18,287] {dag.py:2935} INFO - Setting next_dagrun for tutorial to 2023-02-10T07:11:17.820238+00:00
[2023-02-11 00:05:18,304] {processor.py:171} INFO - Processing /opt/airflow/dags/reddit_ingestion_dag.py took 0.304 seconds
[2023-02-11 00:05:48,434] {processor.py:163} INFO - Started process (PID=3892) to work on /opt/airflow/dags/reddit_ingestion_dag.py
[2023-02-11 00:05:48,437] {processor.py:642} INFO - Processing file /opt/airflow/dags/reddit_ingestion_dag.py for tasks to queue
[2023-02-11 00:05:48,439] {logging_mixin.py:109} INFO - [2023-02-11 00:05:48,439] {dagbag.py:500} INFO - Filling up the DagBag from /opt/airflow/dags/reddit_ingestion_dag.py
[2023-02-11 00:05:48,779] {processor.py:654} INFO - DAG(s) dict_keys(['tutorial']) retrieved from /opt/airflow/dags/reddit_ingestion_dag.py
[2023-02-11 00:05:48,801] {logging_mixin.py:109} INFO - [2023-02-11 00:05:48,801] {dag.py:2396} INFO - Sync 1 DAGs
[2023-02-11 00:05:48,831] {logging_mixin.py:109} INFO - [2023-02-11 00:05:48,831] {dag.py:2935} INFO - Setting next_dagrun for tutorial to 2023-02-10T07:11:17.820238+00:00
[2023-02-11 00:05:48,850] {processor.py:171} INFO - Processing /opt/airflow/dags/reddit_ingestion_dag.py took 0.421 seconds
[2023-02-11 00:06:18,954] {processor.py:163} INFO - Started process (PID=3911) to work on /opt/airflow/dags/reddit_ingestion_dag.py
[2023-02-11 00:06:18,957] {processor.py:642} INFO - Processing file /opt/airflow/dags/reddit_ingestion_dag.py for tasks to queue
[2023-02-11 00:06:18,959] {logging_mixin.py:109} INFO - [2023-02-11 00:06:18,959] {dagbag.py:500} INFO - Filling up the DagBag from /opt/airflow/dags/reddit_ingestion_dag.py
[2023-02-11 00:06:19,126] {processor.py:654} INFO - DAG(s) dict_keys(['tutorial']) retrieved from /opt/airflow/dags/reddit_ingestion_dag.py
[2023-02-11 00:06:19,143] {logging_mixin.py:109} INFO - [2023-02-11 00:06:19,142] {dag.py:2396} INFO - Sync 1 DAGs
[2023-02-11 00:06:19,165] {logging_mixin.py:109} INFO - [2023-02-11 00:06:19,165] {dag.py:2935} INFO - Setting next_dagrun for tutorial to 2023-02-10T07:11:17.820238+00:00
[2023-02-11 00:06:19,179] {processor.py:171} INFO - Processing /opt/airflow/dags/reddit_ingestion_dag.py took 0.230 seconds
[2023-02-11 00:06:49,263] {processor.py:163} INFO - Started process (PID=3930) to work on /opt/airflow/dags/reddit_ingestion_dag.py
[2023-02-11 00:06:49,273] {processor.py:642} INFO - Processing file /opt/airflow/dags/reddit_ingestion_dag.py for tasks to queue
[2023-02-11 00:06:49,278] {logging_mixin.py:109} INFO - [2023-02-11 00:06:49,278] {dagbag.py:500} INFO - Filling up the DagBag from /opt/airflow/dags/reddit_ingestion_dag.py
[2023-02-11 00:06:49,451] {processor.py:654} INFO - DAG(s) dict_keys(['tutorial']) retrieved from /opt/airflow/dags/reddit_ingestion_dag.py
[2023-02-11 00:06:49,465] {logging_mixin.py:109} INFO - [2023-02-11 00:06:49,465] {dag.py:2396} INFO - Sync 1 DAGs
[2023-02-11 00:06:49,488] {logging_mixin.py:109} INFO - [2023-02-11 00:06:49,488] {dag.py:2935} INFO - Setting next_dagrun for tutorial to 2023-02-10T07:11:17.820238+00:00
[2023-02-11 00:06:49,504] {processor.py:171} INFO - Processing /opt/airflow/dags/reddit_ingestion_dag.py took 0.246 seconds
[2023-02-11 00:07:19,591] {processor.py:163} INFO - Started process (PID=3950) to work on /opt/airflow/dags/reddit_ingestion_dag.py
[2023-02-11 00:07:19,593] {processor.py:642} INFO - Processing file /opt/airflow/dags/reddit_ingestion_dag.py for tasks to queue
[2023-02-11 00:07:19,595] {logging_mixin.py:109} INFO - [2023-02-11 00:07:19,595] {dagbag.py:500} INFO - Filling up the DagBag from /opt/airflow/dags/reddit_ingestion_dag.py
[2023-02-11 00:07:19,784] {processor.py:654} INFO - DAG(s) dict_keys(['tutorial']) retrieved from /opt/airflow/dags/reddit_ingestion_dag.py
[2023-02-11 00:07:19,823] {logging_mixin.py:109} INFO - [2023-02-11 00:07:19,821] {dag.py:2396} INFO - Sync 1 DAGs
[2023-02-11 00:07:19,850] {logging_mixin.py:109} INFO - [2023-02-11 00:07:19,850] {dag.py:2935} INFO - Setting next_dagrun for tutorial to 2023-02-10T07:11:17.820238+00:00
[2023-02-11 00:07:19,864] {processor.py:171} INFO - Processing /opt/airflow/dags/reddit_ingestion_dag.py took 0.280 seconds
[2023-02-11 00:07:49,959] {processor.py:163} INFO - Started process (PID=3969) to work on /opt/airflow/dags/reddit_ingestion_dag.py
[2023-02-11 00:07:49,965] {processor.py:642} INFO - Processing file /opt/airflow/dags/reddit_ingestion_dag.py for tasks to queue
[2023-02-11 00:07:49,968] {logging_mixin.py:109} INFO - [2023-02-11 00:07:49,968] {dagbag.py:500} INFO - Filling up the DagBag from /opt/airflow/dags/reddit_ingestion_dag.py
[2023-02-11 00:07:50,175] {processor.py:654} INFO - DAG(s) dict_keys(['tutorial']) retrieved from /opt/airflow/dags/reddit_ingestion_dag.py
[2023-02-11 00:07:50,195] {logging_mixin.py:109} INFO - [2023-02-11 00:07:50,195] {dag.py:2396} INFO - Sync 1 DAGs
[2023-02-11 00:07:50,244] {logging_mixin.py:109} INFO - [2023-02-11 00:07:50,244] {dag.py:2935} INFO - Setting next_dagrun for tutorial to 2023-02-10T07:11:17.820238+00:00
[2023-02-11 00:07:50,261] {processor.py:171} INFO - Processing /opt/airflow/dags/reddit_ingestion_dag.py took 0.313 seconds
[2023-02-11 00:08:20,388] {processor.py:163} INFO - Started process (PID=3997) to work on /opt/airflow/dags/reddit_ingestion_dag.py
[2023-02-11 00:08:20,391] {processor.py:642} INFO - Processing file /opt/airflow/dags/reddit_ingestion_dag.py for tasks to queue
[2023-02-11 00:08:20,394] {logging_mixin.py:109} INFO - [2023-02-11 00:08:20,394] {dagbag.py:500} INFO - Filling up the DagBag from /opt/airflow/dags/reddit_ingestion_dag.py
[2023-02-11 00:08:20,592] {processor.py:654} INFO - DAG(s) dict_keys(['tutorial']) retrieved from /opt/airflow/dags/reddit_ingestion_dag.py
[2023-02-11 00:08:20,621] {logging_mixin.py:109} INFO - [2023-02-11 00:08:20,621] {dag.py:2396} INFO - Sync 1 DAGs
[2023-02-11 00:08:20,684] {logging_mixin.py:109} INFO - [2023-02-11 00:08:20,684] {dag.py:2935} INFO - Setting next_dagrun for tutorial to 2023-02-10T07:11:17.820238+00:00
[2023-02-11 00:08:20,721] {processor.py:171} INFO - Processing /opt/airflow/dags/reddit_ingestion_dag.py took 0.341 seconds
[2023-02-11 00:08:50,845] {processor.py:163} INFO - Started process (PID=4015) to work on /opt/airflow/dags/reddit_ingestion_dag.py
[2023-02-11 00:08:50,849] {processor.py:642} INFO - Processing file /opt/airflow/dags/reddit_ingestion_dag.py for tasks to queue
[2023-02-11 00:08:50,852] {logging_mixin.py:109} INFO - [2023-02-11 00:08:50,852] {dagbag.py:500} INFO - Filling up the DagBag from /opt/airflow/dags/reddit_ingestion_dag.py
[2023-02-11 00:08:51,043] {processor.py:654} INFO - DAG(s) dict_keys(['tutorial']) retrieved from /opt/airflow/dags/reddit_ingestion_dag.py
[2023-02-11 00:08:51,064] {logging_mixin.py:109} INFO - [2023-02-11 00:08:51,064] {dag.py:2396} INFO - Sync 1 DAGs
[2023-02-11 00:08:51,111] {logging_mixin.py:109} INFO - [2023-02-11 00:08:51,110] {dag.py:2935} INFO - Setting next_dagrun for tutorial to 2023-02-10T07:11:17.820238+00:00
[2023-02-11 00:08:51,139] {processor.py:171} INFO - Processing /opt/airflow/dags/reddit_ingestion_dag.py took 0.303 seconds
[2023-02-11 00:09:21,230] {processor.py:163} INFO - Started process (PID=4036) to work on /opt/airflow/dags/reddit_ingestion_dag.py
[2023-02-11 00:09:21,233] {processor.py:642} INFO - Processing file /opt/airflow/dags/reddit_ingestion_dag.py for tasks to queue
[2023-02-11 00:09:21,235] {logging_mixin.py:109} INFO - [2023-02-11 00:09:21,235] {dagbag.py:500} INFO - Filling up the DagBag from /opt/airflow/dags/reddit_ingestion_dag.py
[2023-02-11 00:09:21,465] {processor.py:654} INFO - DAG(s) dict_keys(['tutorial']) retrieved from /opt/airflow/dags/reddit_ingestion_dag.py
[2023-02-11 00:09:21,494] {logging_mixin.py:109} INFO - [2023-02-11 00:09:21,494] {dag.py:2396} INFO - Sync 1 DAGs
[2023-02-11 00:09:21,530] {logging_mixin.py:109} INFO - [2023-02-11 00:09:21,530] {dag.py:2935} INFO - Setting next_dagrun for tutorial to 2023-02-10T07:11:17.820238+00:00
[2023-02-11 00:09:21,542] {processor.py:171} INFO - Processing /opt/airflow/dags/reddit_ingestion_dag.py took 0.317 seconds
[2023-02-11 00:09:51,618] {processor.py:163} INFO - Started process (PID=4055) to work on /opt/airflow/dags/reddit_ingestion_dag.py
[2023-02-11 00:09:51,621] {processor.py:642} INFO - Processing file /opt/airflow/dags/reddit_ingestion_dag.py for tasks to queue
[2023-02-11 00:09:51,624] {logging_mixin.py:109} INFO - [2023-02-11 00:09:51,623] {dagbag.py:500} INFO - Filling up the DagBag from /opt/airflow/dags/reddit_ingestion_dag.py
[2023-02-11 00:09:51,928] {processor.py:654} INFO - DAG(s) dict_keys(['tutorial']) retrieved from /opt/airflow/dags/reddit_ingestion_dag.py
[2023-02-11 00:09:51,953] {logging_mixin.py:109} INFO - [2023-02-11 00:09:51,953] {dag.py:2396} INFO - Sync 1 DAGs
[2023-02-11 00:09:51,980] {logging_mixin.py:109} INFO - [2023-02-11 00:09:51,980] {dag.py:2935} INFO - Setting next_dagrun for tutorial to 2023-02-10T07:11:17.820238+00:00
[2023-02-11 00:09:51,994] {processor.py:171} INFO - Processing /opt/airflow/dags/reddit_ingestion_dag.py took 0.383 seconds
[2023-02-11 00:10:22,090] {processor.py:163} INFO - Started process (PID=4075) to work on /opt/airflow/dags/reddit_ingestion_dag.py
[2023-02-11 00:10:22,093] {processor.py:642} INFO - Processing file /opt/airflow/dags/reddit_ingestion_dag.py for tasks to queue
[2023-02-11 00:10:22,095] {logging_mixin.py:109} INFO - [2023-02-11 00:10:22,094] {dagbag.py:500} INFO - Filling up the DagBag from /opt/airflow/dags/reddit_ingestion_dag.py
[2023-02-11 00:10:22,266] {processor.py:654} INFO - DAG(s) dict_keys(['tutorial']) retrieved from /opt/airflow/dags/reddit_ingestion_dag.py
[2023-02-11 00:10:22,286] {logging_mixin.py:109} INFO - [2023-02-11 00:10:22,286] {dag.py:2396} INFO - Sync 1 DAGs
[2023-02-11 00:10:22,326] {logging_mixin.py:109} INFO - [2023-02-11 00:10:22,326] {dag.py:2935} INFO - Setting next_dagrun for tutorial to 2023-02-10T07:11:17.820238+00:00
[2023-02-11 00:10:22,343] {processor.py:171} INFO - Processing /opt/airflow/dags/reddit_ingestion_dag.py took 0.259 seconds
[2023-02-11 00:10:52,424] {processor.py:163} INFO - Started process (PID=4094) to work on /opt/airflow/dags/reddit_ingestion_dag.py
[2023-02-11 00:10:52,427] {processor.py:642} INFO - Processing file /opt/airflow/dags/reddit_ingestion_dag.py for tasks to queue
[2023-02-11 00:10:52,429] {logging_mixin.py:109} INFO - [2023-02-11 00:10:52,429] {dagbag.py:500} INFO - Filling up the DagBag from /opt/airflow/dags/reddit_ingestion_dag.py
[2023-02-11 00:10:52,595] {processor.py:654} INFO - DAG(s) dict_keys(['tutorial']) retrieved from /opt/airflow/dags/reddit_ingestion_dag.py
[2023-02-11 00:10:52,611] {logging_mixin.py:109} INFO - [2023-02-11 00:10:52,611] {dag.py:2396} INFO - Sync 1 DAGs
[2023-02-11 00:10:52,645] {logging_mixin.py:109} INFO - [2023-02-11 00:10:52,645] {dag.py:2935} INFO - Setting next_dagrun for tutorial to 2023-02-10T07:11:17.820238+00:00
[2023-02-11 00:10:52,676] {processor.py:171} INFO - Processing /opt/airflow/dags/reddit_ingestion_dag.py took 0.258 seconds
[2023-02-11 00:11:22,762] {processor.py:163} INFO - Started process (PID=4113) to work on /opt/airflow/dags/reddit_ingestion_dag.py
[2023-02-11 00:11:22,765] {processor.py:642} INFO - Processing file /opt/airflow/dags/reddit_ingestion_dag.py for tasks to queue
[2023-02-11 00:11:22,767] {logging_mixin.py:109} INFO - [2023-02-11 00:11:22,767] {dagbag.py:500} INFO - Filling up the DagBag from /opt/airflow/dags/reddit_ingestion_dag.py
[2023-02-11 00:11:22,975] {processor.py:654} INFO - DAG(s) dict_keys(['tutorial']) retrieved from /opt/airflow/dags/reddit_ingestion_dag.py
[2023-02-11 00:11:22,995] {logging_mixin.py:109} INFO - [2023-02-11 00:11:22,995] {dag.py:2396} INFO - Sync 1 DAGs
[2023-02-11 00:11:23,034] {logging_mixin.py:109} INFO - [2023-02-11 00:11:23,034] {dag.py:2935} INFO - Setting next_dagrun for tutorial to 2023-02-10T07:11:17.820238+00:00
[2023-02-11 00:11:23,058] {processor.py:171} INFO - Processing /opt/airflow/dags/reddit_ingestion_dag.py took 0.301 seconds
[2023-02-11 00:11:53,152] {processor.py:163} INFO - Started process (PID=4139) to work on /opt/airflow/dags/reddit_ingestion_dag.py
[2023-02-11 00:11:53,156] {processor.py:642} INFO - Processing file /opt/airflow/dags/reddit_ingestion_dag.py for tasks to queue
[2023-02-11 00:11:53,158] {logging_mixin.py:109} INFO - [2023-02-11 00:11:53,158] {dagbag.py:500} INFO - Filling up the DagBag from /opt/airflow/dags/reddit_ingestion_dag.py
[2023-02-11 00:11:53,322] {processor.py:654} INFO - DAG(s) dict_keys(['tutorial']) retrieved from /opt/airflow/dags/reddit_ingestion_dag.py
[2023-02-11 00:11:53,339] {logging_mixin.py:109} INFO - [2023-02-11 00:11:53,339] {dag.py:2396} INFO - Sync 1 DAGs
[2023-02-11 00:11:53,383] {logging_mixin.py:109} INFO - [2023-02-11 00:11:53,383] {dag.py:2935} INFO - Setting next_dagrun for tutorial to 2023-02-10T07:11:17.820238+00:00
[2023-02-11 00:11:53,431] {processor.py:171} INFO - Processing /opt/airflow/dags/reddit_ingestion_dag.py took 0.284 seconds
[2023-02-11 00:12:23,550] {processor.py:163} INFO - Started process (PID=4161) to work on /opt/airflow/dags/reddit_ingestion_dag.py
[2023-02-11 00:12:23,556] {processor.py:642} INFO - Processing file /opt/airflow/dags/reddit_ingestion_dag.py for tasks to queue
[2023-02-11 00:12:23,560] {logging_mixin.py:109} INFO - [2023-02-11 00:12:23,559] {dagbag.py:500} INFO - Filling up the DagBag from /opt/airflow/dags/reddit_ingestion_dag.py
[2023-02-11 00:12:23,892] {processor.py:654} INFO - DAG(s) dict_keys(['tutorial']) retrieved from /opt/airflow/dags/reddit_ingestion_dag.py
[2023-02-11 00:12:23,954] {logging_mixin.py:109} INFO - [2023-02-11 00:12:23,952] {dag.py:2396} INFO - Sync 1 DAGs
[2023-02-11 00:12:24,010] {logging_mixin.py:109} INFO - [2023-02-11 00:12:24,010] {dag.py:2935} INFO - Setting next_dagrun for tutorial to 2023-02-10T07:11:17.820238+00:00
[2023-02-11 00:12:24,053] {processor.py:171} INFO - Processing /opt/airflow/dags/reddit_ingestion_dag.py took 0.513 seconds
[2023-02-11 00:12:54,281] {processor.py:163} INFO - Started process (PID=4171) to work on /opt/airflow/dags/reddit_ingestion_dag.py
[2023-02-11 00:12:54,284] {processor.py:642} INFO - Processing file /opt/airflow/dags/reddit_ingestion_dag.py for tasks to queue
[2023-02-11 00:12:54,286] {logging_mixin.py:109} INFO - [2023-02-11 00:12:54,286] {dagbag.py:500} INFO - Filling up the DagBag from /opt/airflow/dags/reddit_ingestion_dag.py
[2023-02-11 00:12:54,432] {processor.py:654} INFO - DAG(s) dict_keys(['tutorial']) retrieved from /opt/airflow/dags/reddit_ingestion_dag.py
[2023-02-11 00:12:54,448] {logging_mixin.py:109} INFO - [2023-02-11 00:12:54,448] {dag.py:2396} INFO - Sync 1 DAGs
[2023-02-11 00:12:54,471] {logging_mixin.py:109} INFO - [2023-02-11 00:12:54,471] {dag.py:2935} INFO - Setting next_dagrun for tutorial to 2023-02-10T07:11:17.820238+00:00
[2023-02-11 00:12:54,486] {processor.py:171} INFO - Processing /opt/airflow/dags/reddit_ingestion_dag.py took 0.210 seconds
[2023-02-11 00:13:24,585] {processor.py:163} INFO - Started process (PID=4199) to work on /opt/airflow/dags/reddit_ingestion_dag.py
[2023-02-11 00:13:24,589] {processor.py:642} INFO - Processing file /opt/airflow/dags/reddit_ingestion_dag.py for tasks to queue
[2023-02-11 00:13:24,591] {logging_mixin.py:109} INFO - [2023-02-11 00:13:24,590] {dagbag.py:500} INFO - Filling up the DagBag from /opt/airflow/dags/reddit_ingestion_dag.py
[2023-02-11 00:13:24,772] {processor.py:654} INFO - DAG(s) dict_keys(['tutorial']) retrieved from /opt/airflow/dags/reddit_ingestion_dag.py
[2023-02-11 00:13:24,790] {logging_mixin.py:109} INFO - [2023-02-11 00:13:24,790] {dag.py:2396} INFO - Sync 1 DAGs
[2023-02-11 00:13:24,822] {logging_mixin.py:109} INFO - [2023-02-11 00:13:24,822] {dag.py:2935} INFO - Setting next_dagrun for tutorial to 2023-02-10T07:11:17.820238+00:00
[2023-02-11 00:13:24,837] {processor.py:171} INFO - Processing /opt/airflow/dags/reddit_ingestion_dag.py took 0.258 seconds
[2023-02-11 00:13:54,975] {processor.py:163} INFO - Started process (PID=4219) to work on /opt/airflow/dags/reddit_ingestion_dag.py
[2023-02-11 00:13:54,982] {processor.py:642} INFO - Processing file /opt/airflow/dags/reddit_ingestion_dag.py for tasks to queue
[2023-02-11 00:13:54,989] {logging_mixin.py:109} INFO - [2023-02-11 00:13:54,988] {dagbag.py:500} INFO - Filling up the DagBag from /opt/airflow/dags/reddit_ingestion_dag.py
[2023-02-11 00:13:55,471] {processor.py:654} INFO - DAG(s) dict_keys(['tutorial']) retrieved from /opt/airflow/dags/reddit_ingestion_dag.py
[2023-02-11 00:13:55,506] {logging_mixin.py:109} INFO - [2023-02-11 00:13:55,506] {dag.py:2396} INFO - Sync 1 DAGs
[2023-02-11 00:13:55,627] {logging_mixin.py:109} INFO - [2023-02-11 00:13:55,627] {dag.py:2935} INFO - Setting next_dagrun for tutorial to 2023-02-10T07:11:17.820238+00:00
[2023-02-11 00:13:55,669] {processor.py:171} INFO - Processing /opt/airflow/dags/reddit_ingestion_dag.py took 0.717 seconds
[2023-02-11 00:14:25,796] {processor.py:163} INFO - Started process (PID=4239) to work on /opt/airflow/dags/reddit_ingestion_dag.py
[2023-02-11 00:14:25,800] {processor.py:642} INFO - Processing file /opt/airflow/dags/reddit_ingestion_dag.py for tasks to queue
[2023-02-11 00:14:25,802] {logging_mixin.py:109} INFO - [2023-02-11 00:14:25,802] {dagbag.py:500} INFO - Filling up the DagBag from /opt/airflow/dags/reddit_ingestion_dag.py
[2023-02-11 00:14:25,968] {processor.py:654} INFO - DAG(s) dict_keys(['tutorial']) retrieved from /opt/airflow/dags/reddit_ingestion_dag.py
[2023-02-11 00:14:25,989] {logging_mixin.py:109} INFO - [2023-02-11 00:14:25,989] {dag.py:2396} INFO - Sync 1 DAGs
[2023-02-11 00:14:26,038] {logging_mixin.py:109} INFO - [2023-02-11 00:14:26,038] {dag.py:2935} INFO - Setting next_dagrun for tutorial to 2023-02-10T07:11:17.820238+00:00
[2023-02-11 00:14:26,071] {processor.py:171} INFO - Processing /opt/airflow/dags/reddit_ingestion_dag.py took 0.282 seconds
[2023-02-11 00:14:56,133] {processor.py:163} INFO - Started process (PID=4258) to work on /opt/airflow/dags/reddit_ingestion_dag.py
[2023-02-11 00:14:56,136] {processor.py:642} INFO - Processing file /opt/airflow/dags/reddit_ingestion_dag.py for tasks to queue
[2023-02-11 00:14:56,139] {logging_mixin.py:109} INFO - [2023-02-11 00:14:56,138] {dagbag.py:500} INFO - Filling up the DagBag from /opt/airflow/dags/reddit_ingestion_dag.py
[2023-02-11 00:14:56,288] {processor.py:654} INFO - DAG(s) dict_keys(['tutorial']) retrieved from /opt/airflow/dags/reddit_ingestion_dag.py
[2023-02-11 00:14:56,305] {logging_mixin.py:109} INFO - [2023-02-11 00:14:56,305] {dag.py:2396} INFO - Sync 1 DAGs
[2023-02-11 00:14:56,329] {logging_mixin.py:109} INFO - [2023-02-11 00:14:56,329] {dag.py:2935} INFO - Setting next_dagrun for tutorial to 2023-02-10T07:11:17.820238+00:00
[2023-02-11 00:14:56,344] {processor.py:171} INFO - Processing /opt/airflow/dags/reddit_ingestion_dag.py took 0.216 seconds
[2023-02-11 00:15:26,455] {processor.py:163} INFO - Started process (PID=4277) to work on /opt/airflow/dags/reddit_ingestion_dag.py
[2023-02-11 00:15:26,458] {processor.py:642} INFO - Processing file /opt/airflow/dags/reddit_ingestion_dag.py for tasks to queue
[2023-02-11 00:15:26,461] {logging_mixin.py:109} INFO - [2023-02-11 00:15:26,461] {dagbag.py:500} INFO - Filling up the DagBag from /opt/airflow/dags/reddit_ingestion_dag.py
[2023-02-11 00:15:26,612] {processor.py:654} INFO - DAG(s) dict_keys(['tutorial']) retrieved from /opt/airflow/dags/reddit_ingestion_dag.py
[2023-02-11 00:15:26,628] {logging_mixin.py:109} INFO - [2023-02-11 00:15:26,628] {dag.py:2396} INFO - Sync 1 DAGs
[2023-02-11 00:15:26,653] {logging_mixin.py:109} INFO - [2023-02-11 00:15:26,652] {dag.py:2935} INFO - Setting next_dagrun for tutorial to 2023-02-10T07:11:17.820238+00:00
[2023-02-11 00:15:26,670] {processor.py:171} INFO - Processing /opt/airflow/dags/reddit_ingestion_dag.py took 0.221 seconds
[2023-02-11 00:15:51,761] {processor.py:163} INFO - Started process (PID=4297) to work on /opt/airflow/dags/reddit_ingestion_dag.py
[2023-02-11 00:15:51,768] {processor.py:642} INFO - Processing file /opt/airflow/dags/reddit_ingestion_dag.py for tasks to queue
[2023-02-11 00:15:51,776] {logging_mixin.py:109} INFO - [2023-02-11 00:15:51,775] {dagbag.py:500} INFO - Filling up the DagBag from /opt/airflow/dags/reddit_ingestion_dag.py
[2023-02-11 00:15:52,316] {processor.py:654} INFO - DAG(s) dict_keys(['tutorial']) retrieved from /opt/airflow/dags/reddit_ingestion_dag.py
[2023-02-11 00:15:52,354] {logging_mixin.py:109} INFO - [2023-02-11 00:15:52,352] {dag.py:2396} INFO - Sync 1 DAGs
[2023-02-11 00:15:52,411] {logging_mixin.py:109} INFO - [2023-02-11 00:15:52,410] {dag.py:2935} INFO - Setting next_dagrun for tutorial to 2023-02-10T07:11:17.820238+00:00
[2023-02-11 00:15:52,469] {processor.py:171} INFO - Processing /opt/airflow/dags/reddit_ingestion_dag.py took 0.718 seconds
[2023-02-11 00:15:52,784] {processor.py:163} INFO - Started process (PID=4298) to work on /opt/airflow/dags/reddit_ingestion_dag.py
[2023-02-11 00:15:52,791] {processor.py:642} INFO - Processing file /opt/airflow/dags/reddit_ingestion_dag.py for tasks to queue
[2023-02-11 00:15:52,795] {logging_mixin.py:109} INFO - [2023-02-11 00:15:52,795] {dagbag.py:500} INFO - Filling up the DagBag from /opt/airflow/dags/reddit_ingestion_dag.py
[2023-02-11 00:15:53,321] {processor.py:654} INFO - DAG(s) dict_keys(['tutorial']) retrieved from /opt/airflow/dags/reddit_ingestion_dag.py
[2023-02-11 00:15:53,344] {logging_mixin.py:109} INFO - [2023-02-11 00:15:53,344] {dag.py:2396} INFO - Sync 1 DAGs
[2023-02-11 00:15:53,388] {logging_mixin.py:109} INFO - [2023-02-11 00:15:53,388] {dag.py:2935} INFO - Setting next_dagrun for tutorial to 2023-02-10T07:11:17.820238+00:00
[2023-02-11 00:15:53,452] {processor.py:171} INFO - Processing /opt/airflow/dags/reddit_ingestion_dag.py took 0.684 seconds
[2023-02-11 00:16:23,622] {processor.py:163} INFO - Started process (PID=4317) to work on /opt/airflow/dags/reddit_ingestion_dag.py
[2023-02-11 00:16:23,626] {processor.py:642} INFO - Processing file /opt/airflow/dags/reddit_ingestion_dag.py for tasks to queue
[2023-02-11 00:16:23,628] {logging_mixin.py:109} INFO - [2023-02-11 00:16:23,628] {dagbag.py:500} INFO - Filling up the DagBag from /opt/airflow/dags/reddit_ingestion_dag.py
[2023-02-11 00:16:23,815] {processor.py:654} INFO - DAG(s) dict_keys(['tutorial']) retrieved from /opt/airflow/dags/reddit_ingestion_dag.py
[2023-02-11 00:16:23,845] {logging_mixin.py:109} INFO - [2023-02-11 00:16:23,844] {dag.py:2396} INFO - Sync 1 DAGs
[2023-02-11 00:16:23,885] {logging_mixin.py:109} INFO - [2023-02-11 00:16:23,885] {dag.py:2935} INFO - Setting next_dagrun for tutorial to 2023-02-10T07:11:17.820238+00:00
[2023-02-11 00:16:23,904] {processor.py:171} INFO - Processing /opt/airflow/dags/reddit_ingestion_dag.py took 0.288 seconds
[2023-02-11 00:16:53,953] {processor.py:163} INFO - Started process (PID=4337) to work on /opt/airflow/dags/reddit_ingestion_dag.py
[2023-02-11 00:16:53,955] {processor.py:642} INFO - Processing file /opt/airflow/dags/reddit_ingestion_dag.py for tasks to queue
[2023-02-11 00:16:53,957] {logging_mixin.py:109} INFO - [2023-02-11 00:16:53,957] {dagbag.py:500} INFO - Filling up the DagBag from /opt/airflow/dags/reddit_ingestion_dag.py
[2023-02-11 00:16:54,104] {processor.py:654} INFO - DAG(s) dict_keys(['tutorial']) retrieved from /opt/airflow/dags/reddit_ingestion_dag.py
[2023-02-11 00:16:54,119] {logging_mixin.py:109} INFO - [2023-02-11 00:16:54,119] {dag.py:2396} INFO - Sync 1 DAGs
[2023-02-11 00:16:54,143] {logging_mixin.py:109} INFO - [2023-02-11 00:16:54,143] {dag.py:2935} INFO - Setting next_dagrun for tutorial to 2023-02-10T07:11:17.820238+00:00
[2023-02-11 00:16:54,156] {processor.py:171} INFO - Processing /opt/airflow/dags/reddit_ingestion_dag.py took 0.209 seconds
[2023-02-11 00:17:24,246] {processor.py:163} INFO - Started process (PID=4357) to work on /opt/airflow/dags/reddit_ingestion_dag.py
[2023-02-11 00:17:24,249] {processor.py:642} INFO - Processing file /opt/airflow/dags/reddit_ingestion_dag.py for tasks to queue
[2023-02-11 00:17:24,251] {logging_mixin.py:109} INFO - [2023-02-11 00:17:24,250] {dagbag.py:500} INFO - Filling up the DagBag from /opt/airflow/dags/reddit_ingestion_dag.py
[2023-02-11 00:17:24,390] {processor.py:654} INFO - DAG(s) dict_keys(['tutorial']) retrieved from /opt/airflow/dags/reddit_ingestion_dag.py
[2023-02-11 00:17:24,405] {logging_mixin.py:109} INFO - [2023-02-11 00:17:24,405] {dag.py:2396} INFO - Sync 1 DAGs
[2023-02-11 00:17:24,428] {logging_mixin.py:109} INFO - [2023-02-11 00:17:24,428] {dag.py:2935} INFO - Setting next_dagrun for tutorial to 2023-02-10T07:11:17.820238+00:00
[2023-02-11 00:17:24,443] {processor.py:171} INFO - Processing /opt/airflow/dags/reddit_ingestion_dag.py took 0.202 seconds
[2023-02-11 00:17:54,542] {processor.py:163} INFO - Started process (PID=4376) to work on /opt/airflow/dags/reddit_ingestion_dag.py
[2023-02-11 00:17:54,545] {processor.py:642} INFO - Processing file /opt/airflow/dags/reddit_ingestion_dag.py for tasks to queue
[2023-02-11 00:17:54,548] {logging_mixin.py:109} INFO - [2023-02-11 00:17:54,548] {dagbag.py:500} INFO - Filling up the DagBag from /opt/airflow/dags/reddit_ingestion_dag.py
[2023-02-11 00:17:54,734] {processor.py:654} INFO - DAG(s) dict_keys(['tutorial']) retrieved from /opt/airflow/dags/reddit_ingestion_dag.py
[2023-02-11 00:17:54,755] {logging_mixin.py:109} INFO - [2023-02-11 00:17:54,754] {dag.py:2396} INFO - Sync 1 DAGs
[2023-02-11 00:17:54,791] {logging_mixin.py:109} INFO - [2023-02-11 00:17:54,790] {dag.py:2935} INFO - Setting next_dagrun for tutorial to 2023-02-10T07:11:17.820238+00:00
[2023-02-11 00:17:54,815] {processor.py:171} INFO - Processing /opt/airflow/dags/reddit_ingestion_dag.py took 0.278 seconds
[2023-02-11 00:18:25,245] {processor.py:163} INFO - Started process (PID=4395) to work on /opt/airflow/dags/reddit_ingestion_dag.py
[2023-02-11 00:18:25,248] {processor.py:642} INFO - Processing file /opt/airflow/dags/reddit_ingestion_dag.py for tasks to queue
[2023-02-11 00:18:25,250] {logging_mixin.py:109} INFO - [2023-02-11 00:18:25,250] {dagbag.py:500} INFO - Filling up the DagBag from /opt/airflow/dags/reddit_ingestion_dag.py
[2023-02-11 00:18:25,390] {processor.py:654} INFO - DAG(s) dict_keys(['tutorial']) retrieved from /opt/airflow/dags/reddit_ingestion_dag.py
[2023-02-11 00:18:25,406] {logging_mixin.py:109} INFO - [2023-02-11 00:18:25,406] {dag.py:2396} INFO - Sync 1 DAGs
[2023-02-11 00:18:25,430] {logging_mixin.py:109} INFO - [2023-02-11 00:18:25,430] {dag.py:2935} INFO - Setting next_dagrun for tutorial to 2023-02-10T07:11:17.820238+00:00
[2023-02-11 00:18:25,446] {processor.py:171} INFO - Processing /opt/airflow/dags/reddit_ingestion_dag.py took 0.207 seconds
[2023-02-11 00:18:55,537] {processor.py:163} INFO - Started process (PID=4415) to work on /opt/airflow/dags/reddit_ingestion_dag.py
[2023-02-11 00:18:55,540] {processor.py:642} INFO - Processing file /opt/airflow/dags/reddit_ingestion_dag.py for tasks to queue
[2023-02-11 00:18:55,542] {logging_mixin.py:109} INFO - [2023-02-11 00:18:55,542] {dagbag.py:500} INFO - Filling up the DagBag from /opt/airflow/dags/reddit_ingestion_dag.py
[2023-02-11 00:18:55,773] {processor.py:654} INFO - DAG(s) dict_keys(['tutorial']) retrieved from /opt/airflow/dags/reddit_ingestion_dag.py
[2023-02-11 00:18:55,798] {logging_mixin.py:109} INFO - [2023-02-11 00:18:55,798] {dag.py:2396} INFO - Sync 1 DAGs
[2023-02-11 00:18:55,839] {logging_mixin.py:109} INFO - [2023-02-11 00:18:55,839] {dag.py:2935} INFO - Setting next_dagrun for tutorial to 2023-02-10T07:11:17.820238+00:00
[2023-02-11 00:18:55,869] {processor.py:171} INFO - Processing /opt/airflow/dags/reddit_ingestion_dag.py took 0.337 seconds
[2023-02-11 00:19:25,990] {processor.py:163} INFO - Started process (PID=4435) to work on /opt/airflow/dags/reddit_ingestion_dag.py
[2023-02-11 00:19:25,993] {processor.py:642} INFO - Processing file /opt/airflow/dags/reddit_ingestion_dag.py for tasks to queue
[2023-02-11 00:19:25,995] {logging_mixin.py:109} INFO - [2023-02-11 00:19:25,995] {dagbag.py:500} INFO - Filling up the DagBag from /opt/airflow/dags/reddit_ingestion_dag.py
[2023-02-11 00:19:26,144] {processor.py:654} INFO - DAG(s) dict_keys(['tutorial']) retrieved from /opt/airflow/dags/reddit_ingestion_dag.py
[2023-02-11 00:19:26,160] {logging_mixin.py:109} INFO - [2023-02-11 00:19:26,159] {dag.py:2396} INFO - Sync 1 DAGs
[2023-02-11 00:19:26,184] {logging_mixin.py:109} INFO - [2023-02-11 00:19:26,183] {dag.py:2935} INFO - Setting next_dagrun for tutorial to 2023-02-10T07:11:17.820238+00:00
[2023-02-11 00:19:26,202] {processor.py:171} INFO - Processing /opt/airflow/dags/reddit_ingestion_dag.py took 0.217 seconds
[2023-02-11 00:19:56,322] {processor.py:163} INFO - Started process (PID=4455) to work on /opt/airflow/dags/reddit_ingestion_dag.py
[2023-02-11 00:19:56,325] {processor.py:642} INFO - Processing file /opt/airflow/dags/reddit_ingestion_dag.py for tasks to queue
[2023-02-11 00:19:56,327] {logging_mixin.py:109} INFO - [2023-02-11 00:19:56,327] {dagbag.py:500} INFO - Filling up the DagBag from /opt/airflow/dags/reddit_ingestion_dag.py
[2023-02-11 00:19:56,495] {processor.py:654} INFO - DAG(s) dict_keys(['tutorial']) retrieved from /opt/airflow/dags/reddit_ingestion_dag.py
[2023-02-11 00:19:56,509] {logging_mixin.py:109} INFO - [2023-02-11 00:19:56,509] {dag.py:2396} INFO - Sync 1 DAGs
[2023-02-11 00:19:56,532] {logging_mixin.py:109} INFO - [2023-02-11 00:19:56,532] {dag.py:2935} INFO - Setting next_dagrun for tutorial to 2023-02-10T07:11:17.820238+00:00
[2023-02-11 00:19:56,548] {processor.py:171} INFO - Processing /opt/airflow/dags/reddit_ingestion_dag.py took 0.232 seconds
[2023-02-11 00:20:26,638] {processor.py:163} INFO - Started process (PID=4483) to work on /opt/airflow/dags/reddit_ingestion_dag.py
[2023-02-11 00:20:26,643] {processor.py:642} INFO - Processing file /opt/airflow/dags/reddit_ingestion_dag.py for tasks to queue
[2023-02-11 00:20:26,647] {logging_mixin.py:109} INFO - [2023-02-11 00:20:26,646] {dagbag.py:500} INFO - Filling up the DagBag from /opt/airflow/dags/reddit_ingestion_dag.py
[2023-02-11 00:20:26,857] {processor.py:654} INFO - DAG(s) dict_keys(['tutorial']) retrieved from /opt/airflow/dags/reddit_ingestion_dag.py
[2023-02-11 00:20:26,873] {logging_mixin.py:109} INFO - [2023-02-11 00:20:26,873] {dag.py:2396} INFO - Sync 1 DAGs
[2023-02-11 00:20:26,896] {logging_mixin.py:109} INFO - [2023-02-11 00:20:26,896] {dag.py:2935} INFO - Setting next_dagrun for tutorial to 2023-02-10T07:11:17.820238+00:00
[2023-02-11 00:20:26,911] {processor.py:171} INFO - Processing /opt/airflow/dags/reddit_ingestion_dag.py took 0.285 seconds
[2023-02-11 00:20:57,007] {processor.py:163} INFO - Started process (PID=4502) to work on /opt/airflow/dags/reddit_ingestion_dag.py
[2023-02-11 00:20:57,012] {processor.py:642} INFO - Processing file /opt/airflow/dags/reddit_ingestion_dag.py for tasks to queue
[2023-02-11 00:20:57,015] {logging_mixin.py:109} INFO - [2023-02-11 00:20:57,014] {dagbag.py:500} INFO - Filling up the DagBag from /opt/airflow/dags/reddit_ingestion_dag.py
[2023-02-11 00:20:57,318] {processor.py:654} INFO - DAG(s) dict_keys(['tutorial']) retrieved from /opt/airflow/dags/reddit_ingestion_dag.py
[2023-02-11 00:20:57,345] {logging_mixin.py:109} INFO - [2023-02-11 00:20:57,345] {dag.py:2396} INFO - Sync 1 DAGs
[2023-02-11 00:20:57,399] {logging_mixin.py:109} INFO - [2023-02-11 00:20:57,398] {dag.py:2935} INFO - Setting next_dagrun for tutorial to 2023-02-10T07:11:17.820238+00:00
[2023-02-11 00:20:57,465] {processor.py:171} INFO - Processing /opt/airflow/dags/reddit_ingestion_dag.py took 0.468 seconds
[2023-02-11 00:21:27,603] {processor.py:163} INFO - Started process (PID=4512) to work on /opt/airflow/dags/reddit_ingestion_dag.py
[2023-02-11 00:21:27,608] {processor.py:642} INFO - Processing file /opt/airflow/dags/reddit_ingestion_dag.py for tasks to queue
[2023-02-11 00:21:27,612] {logging_mixin.py:109} INFO - [2023-02-11 00:21:27,611] {dagbag.py:500} INFO - Filling up the DagBag from /opt/airflow/dags/reddit_ingestion_dag.py
[2023-02-11 00:21:27,832] {processor.py:654} INFO - DAG(s) dict_keys(['tutorial']) retrieved from /opt/airflow/dags/reddit_ingestion_dag.py
[2023-02-11 00:21:27,865] {logging_mixin.py:109} INFO - [2023-02-11 00:21:27,865] {dag.py:2396} INFO - Sync 1 DAGs
[2023-02-11 00:21:27,902] {logging_mixin.py:109} INFO - [2023-02-11 00:21:27,902] {dag.py:2935} INFO - Setting next_dagrun for tutorial to 2023-02-10T07:11:17.820238+00:00
[2023-02-11 00:21:27,925] {processor.py:171} INFO - Processing /opt/airflow/dags/reddit_ingestion_dag.py took 0.329 seconds
[2023-02-11 00:21:58,030] {processor.py:163} INFO - Started process (PID=4531) to work on /opt/airflow/dags/reddit_ingestion_dag.py
[2023-02-11 00:21:58,033] {processor.py:642} INFO - Processing file /opt/airflow/dags/reddit_ingestion_dag.py for tasks to queue
[2023-02-11 00:21:58,036] {logging_mixin.py:109} INFO - [2023-02-11 00:21:58,035] {dagbag.py:500} INFO - Filling up the DagBag from /opt/airflow/dags/reddit_ingestion_dag.py
[2023-02-11 00:21:58,259] {processor.py:654} INFO - DAG(s) dict_keys(['tutorial']) retrieved from /opt/airflow/dags/reddit_ingestion_dag.py
[2023-02-11 00:21:58,284] {logging_mixin.py:109} INFO - [2023-02-11 00:21:58,284] {dag.py:2396} INFO - Sync 1 DAGs
[2023-02-11 00:21:58,332] {logging_mixin.py:109} INFO - [2023-02-11 00:21:58,331] {dag.py:2935} INFO - Setting next_dagrun for tutorial to 2023-02-10T07:11:17.820238+00:00
[2023-02-11 00:21:58,365] {processor.py:171} INFO - Processing /opt/airflow/dags/reddit_ingestion_dag.py took 0.342 seconds
[2023-02-11 00:22:28,458] {processor.py:163} INFO - Started process (PID=4550) to work on /opt/airflow/dags/reddit_ingestion_dag.py
[2023-02-11 00:22:28,463] {processor.py:642} INFO - Processing file /opt/airflow/dags/reddit_ingestion_dag.py for tasks to queue
[2023-02-11 00:22:28,464] {logging_mixin.py:109} INFO - [2023-02-11 00:22:28,464] {dagbag.py:500} INFO - Filling up the DagBag from /opt/airflow/dags/reddit_ingestion_dag.py
[2023-02-11 00:22:28,615] {processor.py:654} INFO - DAG(s) dict_keys(['tutorial']) retrieved from /opt/airflow/dags/reddit_ingestion_dag.py
[2023-02-11 00:22:28,629] {logging_mixin.py:109} INFO - [2023-02-11 00:22:28,629] {dag.py:2396} INFO - Sync 1 DAGs
[2023-02-11 00:22:28,654] {logging_mixin.py:109} INFO - [2023-02-11 00:22:28,653] {dag.py:2935} INFO - Setting next_dagrun for tutorial to 2023-02-10T07:11:17.820238+00:00
[2023-02-11 00:22:28,668] {processor.py:171} INFO - Processing /opt/airflow/dags/reddit_ingestion_dag.py took 0.215 seconds
[2023-02-11 00:22:58,756] {processor.py:163} INFO - Started process (PID=4569) to work on /opt/airflow/dags/reddit_ingestion_dag.py
[2023-02-11 00:22:58,760] {processor.py:642} INFO - Processing file /opt/airflow/dags/reddit_ingestion_dag.py for tasks to queue
[2023-02-11 00:22:58,762] {logging_mixin.py:109} INFO - [2023-02-11 00:22:58,762] {dagbag.py:500} INFO - Filling up the DagBag from /opt/airflow/dags/reddit_ingestion_dag.py
[2023-02-11 00:22:58,930] {processor.py:654} INFO - DAG(s) dict_keys(['tutorial']) retrieved from /opt/airflow/dags/reddit_ingestion_dag.py
[2023-02-11 00:22:58,954] {logging_mixin.py:109} INFO - [2023-02-11 00:22:58,954] {dag.py:2396} INFO - Sync 1 DAGs
[2023-02-11 00:22:58,989] {logging_mixin.py:109} INFO - [2023-02-11 00:22:58,988] {dag.py:2935} INFO - Setting next_dagrun for tutorial to 2023-02-10T07:11:17.820238+00:00
[2023-02-11 00:22:59,022] {processor.py:171} INFO - Processing /opt/airflow/dags/reddit_ingestion_dag.py took 0.272 seconds
[2023-02-11 00:23:29,116] {processor.py:163} INFO - Started process (PID=4588) to work on /opt/airflow/dags/reddit_ingestion_dag.py
[2023-02-11 00:23:29,120] {processor.py:642} INFO - Processing file /opt/airflow/dags/reddit_ingestion_dag.py for tasks to queue
[2023-02-11 00:23:29,122] {logging_mixin.py:109} INFO - [2023-02-11 00:23:29,122] {dagbag.py:500} INFO - Filling up the DagBag from /opt/airflow/dags/reddit_ingestion_dag.py
[2023-02-11 00:23:29,324] {processor.py:654} INFO - DAG(s) dict_keys(['tutorial']) retrieved from /opt/airflow/dags/reddit_ingestion_dag.py
[2023-02-11 00:23:29,350] {logging_mixin.py:109} INFO - [2023-02-11 00:23:29,350] {dag.py:2396} INFO - Sync 1 DAGs
[2023-02-11 00:23:29,404] {logging_mixin.py:109} INFO - [2023-02-11 00:23:29,404] {dag.py:2935} INFO - Setting next_dagrun for tutorial to 2023-02-10T07:11:17.820238+00:00
[2023-02-11 00:23:29,431] {processor.py:171} INFO - Processing /opt/airflow/dags/reddit_ingestion_dag.py took 0.320 seconds
[2023-02-11 00:23:59,568] {processor.py:163} INFO - Started process (PID=4617) to work on /opt/airflow/dags/reddit_ingestion_dag.py
[2023-02-11 00:23:59,574] {processor.py:642} INFO - Processing file /opt/airflow/dags/reddit_ingestion_dag.py for tasks to queue
[2023-02-11 00:23:59,578] {logging_mixin.py:109} INFO - [2023-02-11 00:23:59,577] {dagbag.py:500} INFO - Filling up the DagBag from /opt/airflow/dags/reddit_ingestion_dag.py
[2023-02-11 00:23:59,761] {processor.py:654} INFO - DAG(s) dict_keys(['tutorial']) retrieved from /opt/airflow/dags/reddit_ingestion_dag.py
[2023-02-11 00:23:59,785] {logging_mixin.py:109} INFO - [2023-02-11 00:23:59,785] {dag.py:2396} INFO - Sync 1 DAGs
[2023-02-11 00:23:59,821] {logging_mixin.py:109} INFO - [2023-02-11 00:23:59,821] {dag.py:2935} INFO - Setting next_dagrun for tutorial to 2023-02-10T07:11:17.820238+00:00
[2023-02-11 00:23:59,844] {processor.py:171} INFO - Processing /opt/airflow/dags/reddit_ingestion_dag.py took 0.287 seconds
[2023-02-11 00:24:29,960] {processor.py:163} INFO - Started process (PID=4636) to work on /opt/airflow/dags/reddit_ingestion_dag.py
[2023-02-11 00:24:29,965] {processor.py:642} INFO - Processing file /opt/airflow/dags/reddit_ingestion_dag.py for tasks to queue
[2023-02-11 00:24:29,968] {logging_mixin.py:109} INFO - [2023-02-11 00:24:29,968] {dagbag.py:500} INFO - Filling up the DagBag from /opt/airflow/dags/reddit_ingestion_dag.py
[2023-02-11 00:24:30,140] {processor.py:654} INFO - DAG(s) dict_keys(['tutorial']) retrieved from /opt/airflow/dags/reddit_ingestion_dag.py
[2023-02-11 00:24:30,161] {logging_mixin.py:109} INFO - [2023-02-11 00:24:30,160] {dag.py:2396} INFO - Sync 1 DAGs
[2023-02-11 00:24:30,190] {logging_mixin.py:109} INFO - [2023-02-11 00:24:30,190] {dag.py:2935} INFO - Setting next_dagrun for tutorial to 2023-02-10T07:11:17.820238+00:00
[2023-02-11 00:24:30,211] {processor.py:171} INFO - Processing /opt/airflow/dags/reddit_ingestion_dag.py took 0.263 seconds
[2023-02-11 00:25:00,296] {processor.py:163} INFO - Started process (PID=4656) to work on /opt/airflow/dags/reddit_ingestion_dag.py
[2023-02-11 00:25:00,298] {processor.py:642} INFO - Processing file /opt/airflow/dags/reddit_ingestion_dag.py for tasks to queue
[2023-02-11 00:25:00,300] {logging_mixin.py:109} INFO - [2023-02-11 00:25:00,300] {dagbag.py:500} INFO - Filling up the DagBag from /opt/airflow/dags/reddit_ingestion_dag.py
[2023-02-11 00:25:00,447] {processor.py:654} INFO - DAG(s) dict_keys(['tutorial']) retrieved from /opt/airflow/dags/reddit_ingestion_dag.py
[2023-02-11 00:25:00,464] {logging_mixin.py:109} INFO - [2023-02-11 00:25:00,464] {dag.py:2396} INFO - Sync 1 DAGs
[2023-02-11 00:25:00,489] {logging_mixin.py:109} INFO - [2023-02-11 00:25:00,489] {dag.py:2935} INFO - Setting next_dagrun for tutorial to 2023-02-10T07:11:17.820238+00:00
[2023-02-11 00:25:00,504] {processor.py:171} INFO - Processing /opt/airflow/dags/reddit_ingestion_dag.py took 0.213 seconds
[2023-02-11 00:25:30,606] {processor.py:163} INFO - Started process (PID=4675) to work on /opt/airflow/dags/reddit_ingestion_dag.py
[2023-02-11 00:25:30,609] {processor.py:642} INFO - Processing file /opt/airflow/dags/reddit_ingestion_dag.py for tasks to queue
[2023-02-11 00:25:30,611] {logging_mixin.py:109} INFO - [2023-02-11 00:25:30,610] {dagbag.py:500} INFO - Filling up the DagBag from /opt/airflow/dags/reddit_ingestion_dag.py
[2023-02-11 00:25:30,771] {processor.py:654} INFO - DAG(s) dict_keys(['tutorial']) retrieved from /opt/airflow/dags/reddit_ingestion_dag.py
[2023-02-11 00:25:30,791] {logging_mixin.py:109} INFO - [2023-02-11 00:25:30,791] {dag.py:2396} INFO - Sync 1 DAGs
[2023-02-11 00:25:30,819] {logging_mixin.py:109} INFO - [2023-02-11 00:25:30,819] {dag.py:2935} INFO - Setting next_dagrun for tutorial to 2023-02-10T07:11:17.820238+00:00
[2023-02-11 00:25:30,835] {processor.py:171} INFO - Processing /opt/airflow/dags/reddit_ingestion_dag.py took 0.235 seconds
[2023-02-11 00:26:00,913] {processor.py:163} INFO - Started process (PID=4694) to work on /opt/airflow/dags/reddit_ingestion_dag.py
[2023-02-11 00:26:00,916] {processor.py:642} INFO - Processing file /opt/airflow/dags/reddit_ingestion_dag.py for tasks to queue
[2023-02-11 00:26:00,918] {logging_mixin.py:109} INFO - [2023-02-11 00:26:00,918] {dagbag.py:500} INFO - Filling up the DagBag from /opt/airflow/dags/reddit_ingestion_dag.py
[2023-02-11 00:26:01,060] {processor.py:654} INFO - DAG(s) dict_keys(['tutorial']) retrieved from /opt/airflow/dags/reddit_ingestion_dag.py
[2023-02-11 00:26:01,076] {logging_mixin.py:109} INFO - [2023-02-11 00:26:01,075] {dag.py:2396} INFO - Sync 1 DAGs
[2023-02-11 00:26:01,099] {logging_mixin.py:109} INFO - [2023-02-11 00:26:01,099] {dag.py:2935} INFO - Setting next_dagrun for tutorial to 2023-02-10T07:11:17.820238+00:00
[2023-02-11 00:26:01,113] {processor.py:171} INFO - Processing /opt/airflow/dags/reddit_ingestion_dag.py took 0.206 seconds
[2023-02-11 00:26:31,201] {processor.py:163} INFO - Started process (PID=4713) to work on /opt/airflow/dags/reddit_ingestion_dag.py
[2023-02-11 00:26:31,204] {processor.py:642} INFO - Processing file /opt/airflow/dags/reddit_ingestion_dag.py for tasks to queue
[2023-02-11 00:26:31,206] {logging_mixin.py:109} INFO - [2023-02-11 00:26:31,206] {dagbag.py:500} INFO - Filling up the DagBag from /opt/airflow/dags/reddit_ingestion_dag.py
[2023-02-11 00:26:31,362] {processor.py:654} INFO - DAG(s) dict_keys(['tutorial']) retrieved from /opt/airflow/dags/reddit_ingestion_dag.py
[2023-02-11 00:26:31,380] {logging_mixin.py:109} INFO - [2023-02-11 00:26:31,380] {dag.py:2396} INFO - Sync 1 DAGs
[2023-02-11 00:26:31,403] {logging_mixin.py:109} INFO - [2023-02-11 00:26:31,403] {dag.py:2935} INFO - Setting next_dagrun for tutorial to 2023-02-10T07:11:17.820238+00:00
[2023-02-11 00:26:31,419] {processor.py:171} INFO - Processing /opt/airflow/dags/reddit_ingestion_dag.py took 0.224 seconds
[2023-02-11 00:27:01,517] {processor.py:163} INFO - Started process (PID=4734) to work on /opt/airflow/dags/reddit_ingestion_dag.py
[2023-02-11 00:27:01,521] {processor.py:642} INFO - Processing file /opt/airflow/dags/reddit_ingestion_dag.py for tasks to queue
[2023-02-11 00:27:01,523] {logging_mixin.py:109} INFO - [2023-02-11 00:27:01,522] {dagbag.py:500} INFO - Filling up the DagBag from /opt/airflow/dags/reddit_ingestion_dag.py
[2023-02-11 00:27:01,667] {processor.py:654} INFO - DAG(s) dict_keys(['tutorial']) retrieved from /opt/airflow/dags/reddit_ingestion_dag.py
[2023-02-11 00:27:01,683] {logging_mixin.py:109} INFO - [2023-02-11 00:27:01,683] {dag.py:2396} INFO - Sync 1 DAGs
[2023-02-11 00:27:01,710] {logging_mixin.py:109} INFO - [2023-02-11 00:27:01,710] {dag.py:2935} INFO - Setting next_dagrun for tutorial to 2023-02-10T07:11:17.820238+00:00
[2023-02-11 00:27:01,726] {processor.py:171} INFO - Processing /opt/airflow/dags/reddit_ingestion_dag.py took 0.215 seconds
[2023-02-11 00:27:31,854] {processor.py:163} INFO - Started process (PID=4761) to work on /opt/airflow/dags/reddit_ingestion_dag.py
[2023-02-11 00:27:31,860] {processor.py:642} INFO - Processing file /opt/airflow/dags/reddit_ingestion_dag.py for tasks to queue
[2023-02-11 00:27:31,865] {logging_mixin.py:109} INFO - [2023-02-11 00:27:31,865] {dagbag.py:500} INFO - Filling up the DagBag from /opt/airflow/dags/reddit_ingestion_dag.py
[2023-02-11 00:27:32,046] {processor.py:654} INFO - DAG(s) dict_keys(['tutorial']) retrieved from /opt/airflow/dags/reddit_ingestion_dag.py
[2023-02-11 00:27:32,062] {logging_mixin.py:109} INFO - [2023-02-11 00:27:32,061] {dag.py:2396} INFO - Sync 1 DAGs
[2023-02-11 00:27:32,098] {logging_mixin.py:109} INFO - [2023-02-11 00:27:32,098] {dag.py:2935} INFO - Setting next_dagrun for tutorial to 2023-02-10T07:11:17.820238+00:00
[2023-02-11 00:27:32,117] {processor.py:171} INFO - Processing /opt/airflow/dags/reddit_ingestion_dag.py took 0.277 seconds
[2023-02-11 00:28:02,219] {processor.py:163} INFO - Started process (PID=4782) to work on /opt/airflow/dags/reddit_ingestion_dag.py
[2023-02-11 00:28:02,222] {processor.py:642} INFO - Processing file /opt/airflow/dags/reddit_ingestion_dag.py for tasks to queue
[2023-02-11 00:28:02,224] {logging_mixin.py:109} INFO - [2023-02-11 00:28:02,224] {dagbag.py:500} INFO - Filling up the DagBag from /opt/airflow/dags/reddit_ingestion_dag.py
[2023-02-11 00:28:02,425] {processor.py:654} INFO - DAG(s) dict_keys(['tutorial']) retrieved from /opt/airflow/dags/reddit_ingestion_dag.py
[2023-02-11 00:28:02,457] {logging_mixin.py:109} INFO - [2023-02-11 00:28:02,456] {dag.py:2396} INFO - Sync 1 DAGs
[2023-02-11 00:28:02,508] {logging_mixin.py:109} INFO - [2023-02-11 00:28:02,507] {dag.py:2935} INFO - Setting next_dagrun for tutorial to 2023-02-10T07:11:17.820238+00:00
[2023-02-11 00:28:02,537] {processor.py:171} INFO - Processing /opt/airflow/dags/reddit_ingestion_dag.py took 0.325 seconds
[2023-02-11 00:28:32,639] {processor.py:163} INFO - Started process (PID=4800) to work on /opt/airflow/dags/reddit_ingestion_dag.py
[2023-02-11 00:28:32,643] {processor.py:642} INFO - Processing file /opt/airflow/dags/reddit_ingestion_dag.py for tasks to queue
[2023-02-11 00:28:32,647] {logging_mixin.py:109} INFO - [2023-02-11 00:28:32,647] {dagbag.py:500} INFO - Filling up the DagBag from /opt/airflow/dags/reddit_ingestion_dag.py
[2023-02-11 00:28:32,897] {processor.py:654} INFO - DAG(s) dict_keys(['tutorial']) retrieved from /opt/airflow/dags/reddit_ingestion_dag.py
[2023-02-11 00:28:32,922] {logging_mixin.py:109} INFO - [2023-02-11 00:28:32,922] {dag.py:2396} INFO - Sync 1 DAGs
[2023-02-11 00:28:32,962] {logging_mixin.py:109} INFO - [2023-02-11 00:28:32,962] {dag.py:2935} INFO - Setting next_dagrun for tutorial to 2023-02-10T07:11:17.820238+00:00
[2023-02-11 00:28:32,991] {processor.py:171} INFO - Processing /opt/airflow/dags/reddit_ingestion_dag.py took 0.361 seconds
[2023-02-11 00:29:03,258] {processor.py:163} INFO - Started process (PID=4819) to work on /opt/airflow/dags/reddit_ingestion_dag.py
[2023-02-11 00:29:03,262] {processor.py:642} INFO - Processing file /opt/airflow/dags/reddit_ingestion_dag.py for tasks to queue
[2023-02-11 00:29:03,267] {logging_mixin.py:109} INFO - [2023-02-11 00:29:03,267] {dagbag.py:500} INFO - Filling up the DagBag from /opt/airflow/dags/reddit_ingestion_dag.py
[2023-02-11 00:29:03,527] {processor.py:654} INFO - DAG(s) dict_keys(['tutorial']) retrieved from /opt/airflow/dags/reddit_ingestion_dag.py
[2023-02-11 00:29:03,549] {logging_mixin.py:109} INFO - [2023-02-11 00:29:03,549] {dag.py:2396} INFO - Sync 1 DAGs
[2023-02-11 00:29:03,590] {logging_mixin.py:109} INFO - [2023-02-11 00:29:03,590] {dag.py:2935} INFO - Setting next_dagrun for tutorial to 2023-02-10T07:11:17.820238+00:00
[2023-02-11 00:29:03,625] {processor.py:171} INFO - Processing /opt/airflow/dags/reddit_ingestion_dag.py took 0.422 seconds
[2023-02-11 00:29:33,775] {processor.py:163} INFO - Started process (PID=4838) to work on /opt/airflow/dags/reddit_ingestion_dag.py
[2023-02-11 00:29:33,789] {processor.py:642} INFO - Processing file /opt/airflow/dags/reddit_ingestion_dag.py for tasks to queue
[2023-02-11 00:29:33,793] {logging_mixin.py:109} INFO - [2023-02-11 00:29:33,793] {dagbag.py:500} INFO - Filling up the DagBag from /opt/airflow/dags/reddit_ingestion_dag.py
[2023-02-11 00:29:33,993] {processor.py:654} INFO - DAG(s) dict_keys(['tutorial']) retrieved from /opt/airflow/dags/reddit_ingestion_dag.py
[2023-02-11 00:29:34,028] {logging_mixin.py:109} INFO - [2023-02-11 00:29:34,027] {dag.py:2396} INFO - Sync 1 DAGs
[2023-02-11 00:29:34,089] {logging_mixin.py:109} INFO - [2023-02-11 00:29:34,089] {dag.py:2935} INFO - Setting next_dagrun for tutorial to 2023-02-10T07:11:17.820238+00:00
[2023-02-11 00:29:34,174] {processor.py:171} INFO - Processing /opt/airflow/dags/reddit_ingestion_dag.py took 0.406 seconds
[2023-02-11 00:30:04,347] {processor.py:163} INFO - Started process (PID=4858) to work on /opt/airflow/dags/reddit_ingestion_dag.py
[2023-02-11 00:30:04,354] {processor.py:642} INFO - Processing file /opt/airflow/dags/reddit_ingestion_dag.py for tasks to queue
[2023-02-11 00:30:04,358] {logging_mixin.py:109} INFO - [2023-02-11 00:30:04,358] {dagbag.py:500} INFO - Filling up the DagBag from /opt/airflow/dags/reddit_ingestion_dag.py
[2023-02-11 00:30:04,548] {processor.py:654} INFO - DAG(s) dict_keys(['tutorial']) retrieved from /opt/airflow/dags/reddit_ingestion_dag.py
[2023-02-11 00:30:04,568] {logging_mixin.py:109} INFO - [2023-02-11 00:30:04,568] {dag.py:2396} INFO - Sync 1 DAGs
[2023-02-11 00:30:04,602] {logging_mixin.py:109} INFO - [2023-02-11 00:30:04,601] {dag.py:2935} INFO - Setting next_dagrun for tutorial to 2023-02-10T07:11:17.820238+00:00
[2023-02-11 00:30:04,619] {processor.py:171} INFO - Processing /opt/airflow/dags/reddit_ingestion_dag.py took 0.283 seconds
[2023-02-11 00:30:34,707] {processor.py:163} INFO - Started process (PID=4877) to work on /opt/airflow/dags/reddit_ingestion_dag.py
[2023-02-11 00:30:34,711] {processor.py:642} INFO - Processing file /opt/airflow/dags/reddit_ingestion_dag.py for tasks to queue
[2023-02-11 00:30:34,714] {logging_mixin.py:109} INFO - [2023-02-11 00:30:34,713] {dagbag.py:500} INFO - Filling up the DagBag from /opt/airflow/dags/reddit_ingestion_dag.py
[2023-02-11 00:30:34,918] {processor.py:654} INFO - DAG(s) dict_keys(['tutorial']) retrieved from /opt/airflow/dags/reddit_ingestion_dag.py
[2023-02-11 00:30:34,938] {logging_mixin.py:109} INFO - [2023-02-11 00:30:34,938] {dag.py:2396} INFO - Sync 1 DAGs
[2023-02-11 00:30:34,968] {logging_mixin.py:109} INFO - [2023-02-11 00:30:34,968] {dag.py:2935} INFO - Setting next_dagrun for tutorial to 2023-02-10T07:11:17.820238+00:00
[2023-02-11 00:30:34,984] {processor.py:171} INFO - Processing /opt/airflow/dags/reddit_ingestion_dag.py took 0.284 seconds
[2023-02-11 00:31:05,097] {processor.py:163} INFO - Started process (PID=4896) to work on /opt/airflow/dags/reddit_ingestion_dag.py
[2023-02-11 00:31:05,101] {processor.py:642} INFO - Processing file /opt/airflow/dags/reddit_ingestion_dag.py for tasks to queue
[2023-02-11 00:31:05,105] {logging_mixin.py:109} INFO - [2023-02-11 00:31:05,104] {dagbag.py:500} INFO - Filling up the DagBag from /opt/airflow/dags/reddit_ingestion_dag.py
[2023-02-11 00:31:05,311] {processor.py:654} INFO - DAG(s) dict_keys(['tutorial']) retrieved from /opt/airflow/dags/reddit_ingestion_dag.py
[2023-02-11 00:31:05,329] {logging_mixin.py:109} INFO - [2023-02-11 00:31:05,329] {dag.py:2396} INFO - Sync 1 DAGs
[2023-02-11 00:31:05,356] {logging_mixin.py:109} INFO - [2023-02-11 00:31:05,356] {dag.py:2935} INFO - Setting next_dagrun for tutorial to 2023-02-10T07:11:17.820238+00:00
[2023-02-11 00:31:05,373] {processor.py:171} INFO - Processing /opt/airflow/dags/reddit_ingestion_dag.py took 0.290 seconds
[2023-02-11 00:31:35,459] {processor.py:163} INFO - Started process (PID=4915) to work on /opt/airflow/dags/reddit_ingestion_dag.py
[2023-02-11 00:31:35,462] {processor.py:642} INFO - Processing file /opt/airflow/dags/reddit_ingestion_dag.py for tasks to queue
[2023-02-11 00:31:35,464] {logging_mixin.py:109} INFO - [2023-02-11 00:31:35,464] {dagbag.py:500} INFO - Filling up the DagBag from /opt/airflow/dags/reddit_ingestion_dag.py
[2023-02-11 00:31:35,622] {processor.py:654} INFO - DAG(s) dict_keys(['tutorial']) retrieved from /opt/airflow/dags/reddit_ingestion_dag.py
[2023-02-11 00:31:35,641] {logging_mixin.py:109} INFO - [2023-02-11 00:31:35,641] {dag.py:2396} INFO - Sync 1 DAGs
[2023-02-11 00:31:35,669] {logging_mixin.py:109} INFO - [2023-02-11 00:31:35,669] {dag.py:2935} INFO - Setting next_dagrun for tutorial to 2023-02-10T07:11:17.820238+00:00
[2023-02-11 00:31:35,689] {processor.py:171} INFO - Processing /opt/airflow/dags/reddit_ingestion_dag.py took 0.236 seconds
[2023-02-11 00:32:05,780] {processor.py:163} INFO - Started process (PID=4935) to work on /opt/airflow/dags/reddit_ingestion_dag.py
[2023-02-11 00:32:05,784] {processor.py:642} INFO - Processing file /opt/airflow/dags/reddit_ingestion_dag.py for tasks to queue
[2023-02-11 00:32:05,786] {logging_mixin.py:109} INFO - [2023-02-11 00:32:05,786] {dagbag.py:500} INFO - Filling up the DagBag from /opt/airflow/dags/reddit_ingestion_dag.py
[2023-02-11 00:32:05,940] {processor.py:654} INFO - DAG(s) dict_keys(['tutorial']) retrieved from /opt/airflow/dags/reddit_ingestion_dag.py
[2023-02-11 00:32:05,963] {logging_mixin.py:109} INFO - [2023-02-11 00:32:05,963] {dag.py:2396} INFO - Sync 1 DAGs
[2023-02-11 00:32:05,992] {logging_mixin.py:109} INFO - [2023-02-11 00:32:05,992] {dag.py:2935} INFO - Setting next_dagrun for tutorial to 2023-02-10T07:11:17.820238+00:00
[2023-02-11 00:32:06,011] {processor.py:171} INFO - Processing /opt/airflow/dags/reddit_ingestion_dag.py took 0.240 seconds
[2023-02-11 00:32:36,094] {processor.py:163} INFO - Started process (PID=4954) to work on /opt/airflow/dags/reddit_ingestion_dag.py
[2023-02-11 00:32:36,097] {processor.py:642} INFO - Processing file /opt/airflow/dags/reddit_ingestion_dag.py for tasks to queue
[2023-02-11 00:32:36,098] {logging_mixin.py:109} INFO - [2023-02-11 00:32:36,098] {dagbag.py:500} INFO - Filling up the DagBag from /opt/airflow/dags/reddit_ingestion_dag.py
[2023-02-11 00:32:36,249] {processor.py:654} INFO - DAG(s) dict_keys(['tutorial']) retrieved from /opt/airflow/dags/reddit_ingestion_dag.py
[2023-02-11 00:32:36,270] {logging_mixin.py:109} INFO - [2023-02-11 00:32:36,270] {dag.py:2396} INFO - Sync 1 DAGs
[2023-02-11 00:32:36,298] {logging_mixin.py:109} INFO - [2023-02-11 00:32:36,298] {dag.py:2935} INFO - Setting next_dagrun for tutorial to 2023-02-10T07:11:17.820238+00:00
[2023-02-11 00:32:36,312] {processor.py:171} INFO - Processing /opt/airflow/dags/reddit_ingestion_dag.py took 0.223 seconds
[2023-02-11 00:33:06,395] {processor.py:163} INFO - Started process (PID=4974) to work on /opt/airflow/dags/reddit_ingestion_dag.py
[2023-02-11 00:33:06,399] {processor.py:642} INFO - Processing file /opt/airflow/dags/reddit_ingestion_dag.py for tasks to queue
[2023-02-11 00:33:06,401] {logging_mixin.py:109} INFO - [2023-02-11 00:33:06,401] {dagbag.py:500} INFO - Filling up the DagBag from /opt/airflow/dags/reddit_ingestion_dag.py
[2023-02-11 00:33:06,530] {processor.py:654} INFO - DAG(s) dict_keys(['tutorial']) retrieved from /opt/airflow/dags/reddit_ingestion_dag.py
[2023-02-11 00:33:06,544] {logging_mixin.py:109} INFO - [2023-02-11 00:33:06,543] {dag.py:2396} INFO - Sync 1 DAGs
[2023-02-11 00:33:06,564] {logging_mixin.py:109} INFO - [2023-02-11 00:33:06,564] {dag.py:2935} INFO - Setting next_dagrun for tutorial to 2023-02-10T07:11:17.820238+00:00
[2023-02-11 00:33:06,578] {processor.py:171} INFO - Processing /opt/airflow/dags/reddit_ingestion_dag.py took 0.192 seconds
[2023-02-11 00:33:36,682] {processor.py:163} INFO - Started process (PID=5000) to work on /opt/airflow/dags/reddit_ingestion_dag.py
[2023-02-11 00:33:36,686] {processor.py:642} INFO - Processing file /opt/airflow/dags/reddit_ingestion_dag.py for tasks to queue
[2023-02-11 00:33:36,689] {logging_mixin.py:109} INFO - [2023-02-11 00:33:36,688] {dagbag.py:500} INFO - Filling up the DagBag from /opt/airflow/dags/reddit_ingestion_dag.py
[2023-02-11 00:33:36,940] {processor.py:654} INFO - DAG(s) dict_keys(['tutorial']) retrieved from /opt/airflow/dags/reddit_ingestion_dag.py
[2023-02-11 00:33:36,963] {logging_mixin.py:109} INFO - [2023-02-11 00:33:36,962] {dag.py:2396} INFO - Sync 1 DAGs
[2023-02-11 00:33:36,995] {logging_mixin.py:109} INFO - [2023-02-11 00:33:36,994] {dag.py:2935} INFO - Setting next_dagrun for tutorial to 2023-02-10T07:11:17.820238+00:00
[2023-02-11 00:33:37,014] {processor.py:171} INFO - Processing /opt/airflow/dags/reddit_ingestion_dag.py took 0.344 seconds
[2023-02-11 00:34:07,113] {processor.py:163} INFO - Started process (PID=5021) to work on /opt/airflow/dags/reddit_ingestion_dag.py
[2023-02-11 00:34:07,117] {processor.py:642} INFO - Processing file /opt/airflow/dags/reddit_ingestion_dag.py for tasks to queue
[2023-02-11 00:34:07,119] {logging_mixin.py:109} INFO - [2023-02-11 00:34:07,118] {dagbag.py:500} INFO - Filling up the DagBag from /opt/airflow/dags/reddit_ingestion_dag.py
[2023-02-11 00:34:07,312] {processor.py:654} INFO - DAG(s) dict_keys(['tutorial']) retrieved from /opt/airflow/dags/reddit_ingestion_dag.py
[2023-02-11 00:34:07,334] {logging_mixin.py:109} INFO - [2023-02-11 00:34:07,334] {dag.py:2396} INFO - Sync 1 DAGs
[2023-02-11 00:34:07,367] {logging_mixin.py:109} INFO - [2023-02-11 00:34:07,367] {dag.py:2935} INFO - Setting next_dagrun for tutorial to 2023-02-10T07:11:17.820238+00:00
[2023-02-11 00:34:07,389] {processor.py:171} INFO - Processing /opt/airflow/dags/reddit_ingestion_dag.py took 0.283 seconds
[2023-02-11 00:34:37,672] {processor.py:163} INFO - Started process (PID=5040) to work on /opt/airflow/dags/reddit_ingestion_dag.py
[2023-02-11 00:34:37,677] {processor.py:642} INFO - Processing file /opt/airflow/dags/reddit_ingestion_dag.py for tasks to queue
[2023-02-11 00:34:37,680] {logging_mixin.py:109} INFO - [2023-02-11 00:34:37,680] {dagbag.py:500} INFO - Filling up the DagBag from /opt/airflow/dags/reddit_ingestion_dag.py
[2023-02-11 00:34:37,830] {processor.py:654} INFO - DAG(s) dict_keys(['tutorial']) retrieved from /opt/airflow/dags/reddit_ingestion_dag.py
[2023-02-11 00:34:37,843] {logging_mixin.py:109} INFO - [2023-02-11 00:34:37,843] {dag.py:2396} INFO - Sync 1 DAGs
[2023-02-11 00:34:37,864] {logging_mixin.py:109} INFO - [2023-02-11 00:34:37,864] {dag.py:2935} INFO - Setting next_dagrun for tutorial to 2023-02-10T07:11:17.820238+00:00
[2023-02-11 00:34:37,877] {processor.py:171} INFO - Processing /opt/airflow/dags/reddit_ingestion_dag.py took 0.210 seconds
[2023-02-11 00:35:07,957] {processor.py:163} INFO - Started process (PID=5059) to work on /opt/airflow/dags/reddit_ingestion_dag.py
[2023-02-11 00:35:07,960] {processor.py:642} INFO - Processing file /opt/airflow/dags/reddit_ingestion_dag.py for tasks to queue
[2023-02-11 00:35:07,962] {logging_mixin.py:109} INFO - [2023-02-11 00:35:07,962] {dagbag.py:500} INFO - Filling up the DagBag from /opt/airflow/dags/reddit_ingestion_dag.py
[2023-02-11 00:35:08,095] {processor.py:654} INFO - DAG(s) dict_keys(['tutorial']) retrieved from /opt/airflow/dags/reddit_ingestion_dag.py
[2023-02-11 00:35:08,108] {logging_mixin.py:109} INFO - [2023-02-11 00:35:08,108] {dag.py:2396} INFO - Sync 1 DAGs
[2023-02-11 00:35:08,129] {logging_mixin.py:109} INFO - [2023-02-11 00:35:08,129] {dag.py:2935} INFO - Setting next_dagrun for tutorial to 2023-02-10T07:11:17.820238+00:00
[2023-02-11 00:35:08,142] {processor.py:171} INFO - Processing /opt/airflow/dags/reddit_ingestion_dag.py took 0.190 seconds
[2023-02-11 00:35:38,236] {processor.py:163} INFO - Started process (PID=5078) to work on /opt/airflow/dags/reddit_ingestion_dag.py
[2023-02-11 00:35:38,239] {processor.py:642} INFO - Processing file /opt/airflow/dags/reddit_ingestion_dag.py for tasks to queue
[2023-02-11 00:35:38,242] {logging_mixin.py:109} INFO - [2023-02-11 00:35:38,241] {dagbag.py:500} INFO - Filling up the DagBag from /opt/airflow/dags/reddit_ingestion_dag.py
[2023-02-11 00:35:38,381] {processor.py:654} INFO - DAG(s) dict_keys(['tutorial']) retrieved from /opt/airflow/dags/reddit_ingestion_dag.py
[2023-02-11 00:35:38,395] {logging_mixin.py:109} INFO - [2023-02-11 00:35:38,395] {dag.py:2396} INFO - Sync 1 DAGs
[2023-02-11 00:35:38,417] {logging_mixin.py:109} INFO - [2023-02-11 00:35:38,417] {dag.py:2935} INFO - Setting next_dagrun for tutorial to 2023-02-10T07:11:17.820238+00:00
[2023-02-11 00:35:38,432] {processor.py:171} INFO - Processing /opt/airflow/dags/reddit_ingestion_dag.py took 0.202 seconds
