[2023-02-20 21:50:40,452] {taskinstance.py:1032} INFO - Dependencies all met for <TaskInstance: tutorial.say_id manual__2023-02-20T21:50:38.686279+00:00 [queued]>
[2023-02-20 21:50:40,472] {taskinstance.py:1032} INFO - Dependencies all met for <TaskInstance: tutorial.say_id manual__2023-02-20T21:50:38.686279+00:00 [queued]>
[2023-02-20 21:50:40,474] {taskinstance.py:1238} INFO - 
--------------------------------------------------------------------------------
[2023-02-20 21:50:40,475] {taskinstance.py:1239} INFO - Starting attempt 1 of 2
[2023-02-20 21:50:40,477] {taskinstance.py:1240} INFO - 
--------------------------------------------------------------------------------
[2023-02-20 21:50:40,498] {taskinstance.py:1259} INFO - Executing <Task(_PythonDecoratedOperator): say_id> on 2023-02-20 21:50:38.686279+00:00
[2023-02-20 21:50:40,506] {standard_task_runner.py:52} INFO - Started process 654 to run task
[2023-02-20 21:50:40,513] {standard_task_runner.py:76} INFO - Running: ['***', 'tasks', 'run', 'tutorial', 'say_id', 'manual__2023-02-20T21:50:38.686279+00:00', '--job-id', '136', '--raw', '--subdir', 'DAGS_FOLDER/reddit_ingestion_dag.py', '--cfg-path', '/tmp/tmpmx_ks8nj', '--error-file', '/tmp/tmpj36hhouu']
[2023-02-20 21:50:40,515] {standard_task_runner.py:77} INFO - Job 136: Subtask say_id
[2023-02-20 21:50:40,607] {logging_mixin.py:109} INFO - Running <TaskInstance: tutorial.say_id manual__2023-02-20T21:50:38.686279+00:00 [running]> on host 1b319cb4c67b
[2023-02-20 21:50:40,718] {taskinstance.py:1426} INFO - Exporting the following env vars:
AIRFLOW_CTX_DAG_EMAIL=***@example.com
AIRFLOW_CTX_DAG_OWNER=***
AIRFLOW_CTX_DAG_ID=tutorial
AIRFLOW_CTX_TASK_ID=say_id
AIRFLOW_CTX_EXECUTION_DATE=2023-02-20T21:50:38.686279+00:00
AIRFLOW_CTX_DAG_RUN_ID=manual__2023-02-20T21:50:38.686279+00:00
[2023-02-20 21:50:40,723] {logging_mixin.py:109} INFO - Hi
[2023-02-20 21:50:40,725] {python.py:175} INFO - Done. Returned value was: None
[2023-02-20 21:50:40,745] {taskinstance.py:1277} INFO - Marking task as SUCCESS. dag_id=tutorial, task_id=say_id, execution_date=20230220T215038, start_date=20230220T215040, end_date=20230220T215040
[2023-02-20 21:50:40,809] {local_task_job.py:154} INFO - Task exited with return code 0
[2023-02-20 21:50:40,868] {local_task_job.py:264} INFO - 1 downstream tasks scheduled from follow-on schedule check
