[2023-02-10 08:58:04,902] {taskinstance.py:1032} INFO - Dependencies all met for <TaskInstance: tutorial.say_id manual__2023-02-10T08:58:02.805941+00:00 [queued]>
[2023-02-10 08:58:04,926] {taskinstance.py:1032} INFO - Dependencies all met for <TaskInstance: tutorial.say_id manual__2023-02-10T08:58:02.805941+00:00 [queued]>
[2023-02-10 08:58:04,928] {taskinstance.py:1238} INFO - 
--------------------------------------------------------------------------------
[2023-02-10 08:58:04,930] {taskinstance.py:1239} INFO - Starting attempt 1 of 2
[2023-02-10 08:58:04,934] {taskinstance.py:1240} INFO - 
--------------------------------------------------------------------------------
[2023-02-10 08:58:04,975] {taskinstance.py:1259} INFO - Executing <Task(_PythonDecoratedOperator): say_id> on 2023-02-10 08:58:02.805941+00:00
[2023-02-10 08:58:04,989] {standard_task_runner.py:52} INFO - Started process 949 to run task
[2023-02-10 08:58:05,013] {standard_task_runner.py:76} INFO - Running: ['***', 'tasks', 'run', 'tutorial', 'say_id', 'manual__2023-02-10T08:58:02.805941+00:00', '--job-id', '45', '--raw', '--subdir', 'DAGS_FOLDER/reddit_ingestion_dag.py', '--cfg-path', '/tmp/tmpe7imt66_', '--error-file', '/tmp/tmp0gwvm5ln']
[2023-02-10 08:58:05,015] {standard_task_runner.py:77} INFO - Job 45: Subtask say_id
[2023-02-10 08:58:05,174] {logging_mixin.py:109} INFO - Running <TaskInstance: tutorial.say_id manual__2023-02-10T08:58:02.805941+00:00 [running]> on host b700b67c38c5
[2023-02-10 08:58:05,276] {taskinstance.py:1426} INFO - Exporting the following env vars:
AIRFLOW_CTX_DAG_EMAIL=***@example.com
AIRFLOW_CTX_DAG_OWNER=***
AIRFLOW_CTX_DAG_ID=tutorial
AIRFLOW_CTX_TASK_ID=say_id
AIRFLOW_CTX_EXECUTION_DATE=2023-02-10T08:58:02.805941+00:00
AIRFLOW_CTX_DAG_RUN_ID=manual__2023-02-10T08:58:02.805941+00:00
[2023-02-10 08:58:05,278] {logging_mixin.py:109} INFO - Hi
[2023-02-10 08:58:05,280] {python.py:175} INFO - Done. Returned value was: None
[2023-02-10 08:58:05,301] {taskinstance.py:1277} INFO - Marking task as SUCCESS. dag_id=tutorial, task_id=say_id, execution_date=20230210T085802, start_date=20230210T085804, end_date=20230210T085805
[2023-02-10 08:58:05,353] {local_task_job.py:154} INFO - Task exited with return code 0
[2023-02-10 08:58:05,435] {local_task_job.py:264} INFO - 1 downstream tasks scheduled from follow-on schedule check
