[2023-02-21 21:10:06,299] {taskinstance.py:1032} INFO - Dependencies all met for <TaskInstance: tutorial.say_id manual__2023-02-21T21:10:04.688442+00:00 [queued]>
[2023-02-21 21:10:06,320] {taskinstance.py:1032} INFO - Dependencies all met for <TaskInstance: tutorial.say_id manual__2023-02-21T21:10:04.688442+00:00 [queued]>
[2023-02-21 21:10:06,322] {taskinstance.py:1238} INFO - 
--------------------------------------------------------------------------------
[2023-02-21 21:10:06,323] {taskinstance.py:1239} INFO - Starting attempt 1 of 2
[2023-02-21 21:10:06,325] {taskinstance.py:1240} INFO - 
--------------------------------------------------------------------------------
[2023-02-21 21:10:06,348] {taskinstance.py:1259} INFO - Executing <Task(_PythonDecoratedOperator): say_id> on 2023-02-21 21:10:04.688442+00:00
[2023-02-21 21:10:06,359] {standard_task_runner.py:52} INFO - Started process 623 to run task
[2023-02-21 21:10:06,366] {standard_task_runner.py:76} INFO - Running: ['***', 'tasks', 'run', 'tutorial', 'say_id', 'manual__2023-02-21T21:10:04.688442+00:00', '--job-id', '11', '--raw', '--subdir', 'DAGS_FOLDER/reddit_ingestion_dag.py', '--cfg-path', '/tmp/tmpzz62c9q2', '--error-file', '/tmp/tmp_jsxjht1']
[2023-02-21 21:10:06,368] {standard_task_runner.py:77} INFO - Job 11: Subtask say_id
[2023-02-21 21:10:06,472] {logging_mixin.py:109} INFO - Running <TaskInstance: tutorial.say_id manual__2023-02-21T21:10:04.688442+00:00 [running]> on host b46f753f04a9
[2023-02-21 21:10:06,814] {taskinstance.py:1426} INFO - Exporting the following env vars:
AIRFLOW_CTX_DAG_EMAIL=***@example.com
AIRFLOW_CTX_DAG_OWNER=***
AIRFLOW_CTX_DAG_ID=tutorial
AIRFLOW_CTX_TASK_ID=say_id
AIRFLOW_CTX_EXECUTION_DATE=2023-02-21T21:10:04.688442+00:00
AIRFLOW_CTX_DAG_RUN_ID=manual__2023-02-21T21:10:04.688442+00:00
[2023-02-21 21:10:06,816] {logging_mixin.py:109} INFO - Hi
[2023-02-21 21:10:06,817] {python.py:175} INFO - Done. Returned value was: None
[2023-02-21 21:10:06,855] {taskinstance.py:1277} INFO - Marking task as SUCCESS. dag_id=tutorial, task_id=say_id, execution_date=20230221T211004, start_date=20230221T211006, end_date=20230221T211006
[2023-02-21 21:10:06,942] {local_task_job.py:154} INFO - Task exited with return code 0
[2023-02-21 21:10:07,008] {local_task_job.py:264} INFO - 1 downstream tasks scheduled from follow-on schedule check
