[2023-02-10 09:16:50,031] {taskinstance.py:1032} INFO - Dependencies all met for <TaskInstance: tutorial.say_id manual__2023-02-10T09:16:48.246924+00:00 [queued]>
[2023-02-10 09:16:50,054] {taskinstance.py:1032} INFO - Dependencies all met for <TaskInstance: tutorial.say_id manual__2023-02-10T09:16:48.246924+00:00 [queued]>
[2023-02-10 09:16:50,055] {taskinstance.py:1238} INFO - 
--------------------------------------------------------------------------------
[2023-02-10 09:16:50,057] {taskinstance.py:1239} INFO - Starting attempt 1 of 2
[2023-02-10 09:16:50,058] {taskinstance.py:1240} INFO - 
--------------------------------------------------------------------------------
[2023-02-10 09:16:50,079] {taskinstance.py:1259} INFO - Executing <Task(_PythonDecoratedOperator): say_id> on 2023-02-10 09:16:48.246924+00:00
[2023-02-10 09:16:50,088] {standard_task_runner.py:52} INFO - Started process 1719 to run task
[2023-02-10 09:16:50,106] {standard_task_runner.py:76} INFO - Running: ['***', 'tasks', 'run', 'tutorial', 'say_id', 'manual__2023-02-10T09:16:48.246924+00:00', '--job-id', '63', '--raw', '--subdir', 'DAGS_FOLDER/reddit_ingestion_dag.py', '--cfg-path', '/tmp/tmpmo373fxq', '--error-file', '/tmp/tmpnsy6oj2n']
[2023-02-10 09:16:50,108] {standard_task_runner.py:77} INFO - Job 63: Subtask say_id
[2023-02-10 09:16:50,225] {logging_mixin.py:109} INFO - Running <TaskInstance: tutorial.say_id manual__2023-02-10T09:16:48.246924+00:00 [running]> on host b700b67c38c5
[2023-02-10 09:16:50,373] {taskinstance.py:1426} INFO - Exporting the following env vars:
AIRFLOW_CTX_DAG_EMAIL=***@example.com
AIRFLOW_CTX_DAG_OWNER=***
AIRFLOW_CTX_DAG_ID=tutorial
AIRFLOW_CTX_TASK_ID=say_id
AIRFLOW_CTX_EXECUTION_DATE=2023-02-10T09:16:48.246924+00:00
AIRFLOW_CTX_DAG_RUN_ID=manual__2023-02-10T09:16:48.246924+00:00
[2023-02-10 09:16:50,375] {logging_mixin.py:109} INFO - Hi
[2023-02-10 09:16:50,377] {python.py:175} INFO - Done. Returned value was: None
[2023-02-10 09:16:50,401] {taskinstance.py:1277} INFO - Marking task as SUCCESS. dag_id=tutorial, task_id=say_id, execution_date=20230210T091648, start_date=20230210T091650, end_date=20230210T091650
[2023-02-10 09:16:50,446] {local_task_job.py:154} INFO - Task exited with return code 0
[2023-02-10 09:16:50,526] {local_task_job.py:264} INFO - 1 downstream tasks scheduled from follow-on schedule check
