[2023-02-21 22:16:00,291] {taskinstance.py:1032} INFO - Dependencies all met for <TaskInstance: tutorial.say_id manual__2023-02-21T22:15:58.837431+00:00 [queued]>
[2023-02-21 22:16:00,307] {taskinstance.py:1032} INFO - Dependencies all met for <TaskInstance: tutorial.say_id manual__2023-02-21T22:15:58.837431+00:00 [queued]>
[2023-02-21 22:16:00,308] {taskinstance.py:1238} INFO - 
--------------------------------------------------------------------------------
[2023-02-21 22:16:00,309] {taskinstance.py:1239} INFO - Starting attempt 1 of 2
[2023-02-21 22:16:00,310] {taskinstance.py:1240} INFO - 
--------------------------------------------------------------------------------
[2023-02-21 22:16:00,327] {taskinstance.py:1259} INFO - Executing <Task(_PythonDecoratedOperator): say_id> on 2023-02-21 22:15:58.837431+00:00
[2023-02-21 22:16:00,336] {standard_task_runner.py:52} INFO - Started process 1125 to run task
[2023-02-21 22:16:00,342] {standard_task_runner.py:76} INFO - Running: ['***', 'tasks', 'run', 'tutorial', 'say_id', 'manual__2023-02-21T22:15:58.837431+00:00', '--job-id', '31', '--raw', '--subdir', 'DAGS_FOLDER/reddit_ingestion_dag.py', '--cfg-path', '/tmp/tmpje9kqg19', '--error-file', '/tmp/tmp84rqhndj']
[2023-02-21 22:16:00,344] {standard_task_runner.py:77} INFO - Job 31: Subtask say_id
[2023-02-21 22:16:00,432] {logging_mixin.py:109} INFO - Running <TaskInstance: tutorial.say_id manual__2023-02-21T22:15:58.837431+00:00 [running]> on host 541881d0ad34
[2023-02-21 22:16:00,695] {taskinstance.py:1426} INFO - Exporting the following env vars:
AIRFLOW_CTX_DAG_EMAIL=***@example.com
AIRFLOW_CTX_DAG_OWNER=***
AIRFLOW_CTX_DAG_ID=tutorial
AIRFLOW_CTX_TASK_ID=say_id
AIRFLOW_CTX_EXECUTION_DATE=2023-02-21T22:15:58.837431+00:00
AIRFLOW_CTX_DAG_RUN_ID=manual__2023-02-21T22:15:58.837431+00:00
[2023-02-21 22:16:00,698] {logging_mixin.py:109} INFO - Hi
[2023-02-21 22:16:00,700] {python.py:175} INFO - Done. Returned value was: None
[2023-02-21 22:16:00,721] {taskinstance.py:1277} INFO - Marking task as SUCCESS. dag_id=tutorial, task_id=say_id, execution_date=20230221T221558, start_date=20230221T221600, end_date=20230221T221600
[2023-02-21 22:16:00,798] {local_task_job.py:154} INFO - Task exited with return code 0
[2023-02-21 22:16:00,847] {local_task_job.py:264} INFO - 1 downstream tasks scheduled from follow-on schedule check
