[2023-02-21 20:49:18,554] {taskinstance.py:1032} INFO - Dependencies all met for <TaskInstance: tutorial.say_id manual__2023-02-21T20:48:51.095161+00:00 [queued]>
[2023-02-21 20:49:19,677] {taskinstance.py:1032} INFO - Dependencies all met for <TaskInstance: tutorial.say_id manual__2023-02-21T20:48:51.095161+00:00 [queued]>
[2023-02-21 20:49:19,688] {taskinstance.py:1238} INFO - 
--------------------------------------------------------------------------------
[2023-02-21 20:49:19,711] {taskinstance.py:1239} INFO - Starting attempt 1 of 2
[2023-02-21 20:49:19,745] {taskinstance.py:1240} INFO - 
--------------------------------------------------------------------------------
[2023-02-21 20:49:20,531] {taskinstance.py:1259} INFO - Executing <Task(_PythonDecoratedOperator): say_id> on 2023-02-21 20:48:51.095161+00:00
[2023-02-21 20:49:21,042] {standard_task_runner.py:52} INFO - Started process 315 to run task
[2023-02-21 20:49:25,765] {standard_task_runner.py:76} INFO - Running: ['***', 'tasks', 'run', 'tutorial', 'say_id', 'manual__2023-02-21T20:48:51.095161+00:00', '--job-id', '4', '--raw', '--subdir', 'DAGS_FOLDER/reddit_ingestion_dag.py', '--cfg-path', '/tmp/tmp_zkz9t_g', '--error-file', '/tmp/tmp4m3z23qf']
[2023-02-21 20:49:25,943] {standard_task_runner.py:77} INFO - Job 4: Subtask say_id
[2023-02-21 20:49:52,632] {logging_mixin.py:109} INFO - Running <TaskInstance: tutorial.say_id manual__2023-02-21T20:48:51.095161+00:00 [running]> on host 625cc9e8ccd2
[2023-02-21 20:50:00,743] {taskinstance.py:1426} INFO - Exporting the following env vars:
AIRFLOW_CTX_DAG_EMAIL=***@example.com
AIRFLOW_CTX_DAG_OWNER=***
AIRFLOW_CTX_DAG_ID=tutorial
AIRFLOW_CTX_TASK_ID=say_id
AIRFLOW_CTX_EXECUTION_DATE=2023-02-21T20:48:51.095161+00:00
AIRFLOW_CTX_DAG_RUN_ID=manual__2023-02-21T20:48:51.095161+00:00
[2023-02-21 20:50:00,865] {logging_mixin.py:109} INFO - Hi
[2023-02-21 20:50:00,924] {python.py:175} INFO - Done. Returned value was: None
[2023-02-21 20:50:02,123] {taskinstance.py:1277} INFO - Marking task as SUCCESS. dag_id=tutorial, task_id=say_id, execution_date=20230221T204851, start_date=20230221T204918, end_date=20230221T205002
[2023-02-21 20:50:03,986] {local_task_job.py:154} INFO - Task exited with return code 0
[2023-02-21 20:50:06,573] {local_task_job.py:264} INFO - 1 downstream tasks scheduled from follow-on schedule check
