[2023-02-21 20:49:19,810] {taskinstance.py:1032} INFO - Dependencies all met for <TaskInstance: tutorial.say_id scheduled__2023-02-20T20:48:30.663472+00:00 [queued]>
[2023-02-21 20:49:20,461] {taskinstance.py:1032} INFO - Dependencies all met for <TaskInstance: tutorial.say_id scheduled__2023-02-20T20:48:30.663472+00:00 [queued]>
[2023-02-21 20:49:20,475] {taskinstance.py:1238} INFO - 
--------------------------------------------------------------------------------
[2023-02-21 20:49:20,484] {taskinstance.py:1239} INFO - Starting attempt 1 of 2
[2023-02-21 20:49:20,490] {taskinstance.py:1240} INFO - 
--------------------------------------------------------------------------------
[2023-02-21 20:49:22,046] {taskinstance.py:1259} INFO - Executing <Task(_PythonDecoratedOperator): say_id> on 2023-02-20 20:48:30.663472+00:00
[2023-02-21 20:49:22,438] {standard_task_runner.py:52} INFO - Started process 316 to run task
[2023-02-21 20:49:26,150] {standard_task_runner.py:76} INFO - Running: ['***', 'tasks', 'run', 'tutorial', 'say_id', 'scheduled__2023-02-20T20:48:30.663472+00:00', '--job-id', '3', '--raw', '--subdir', 'DAGS_FOLDER/reddit_ingestion_dag.py', '--cfg-path', '/tmp/tmpj_68qng5', '--error-file', '/tmp/tmp2488aknx']
[2023-02-21 20:49:26,380] {standard_task_runner.py:77} INFO - Job 3: Subtask say_id
[2023-02-21 20:49:53,828] {logging_mixin.py:109} INFO - Running <TaskInstance: tutorial.say_id scheduled__2023-02-20T20:48:30.663472+00:00 [running]> on host 625cc9e8ccd2
[2023-02-21 20:50:01,850] {taskinstance.py:1426} INFO - Exporting the following env vars:
AIRFLOW_CTX_DAG_EMAIL=***@example.com
AIRFLOW_CTX_DAG_OWNER=***
AIRFLOW_CTX_DAG_ID=tutorial
AIRFLOW_CTX_TASK_ID=say_id
AIRFLOW_CTX_EXECUTION_DATE=2023-02-20T20:48:30.663472+00:00
AIRFLOW_CTX_DAG_RUN_ID=scheduled__2023-02-20T20:48:30.663472+00:00
[2023-02-21 20:50:01,970] {logging_mixin.py:109} INFO - Hi
[2023-02-21 20:50:01,974] {python.py:175} INFO - Done. Returned value was: None
[2023-02-21 20:50:03,236] {taskinstance.py:1277} INFO - Marking task as SUCCESS. dag_id=tutorial, task_id=say_id, execution_date=20230220T204830, start_date=20230221T204919, end_date=20230221T205003
[2023-02-21 20:50:05,316] {local_task_job.py:154} INFO - Task exited with return code 0
[2023-02-21 20:50:08,498] {local_task_job.py:264} INFO - 1 downstream tasks scheduled from follow-on schedule check
