[2023-02-20 22:00:37,061] {taskinstance.py:1032} INFO - Dependencies all met for <TaskInstance: tutorial.say_id manual__2023-02-20T22:00:34.885215+00:00 [queued]>
[2023-02-20 22:00:37,105] {taskinstance.py:1032} INFO - Dependencies all met for <TaskInstance: tutorial.say_id manual__2023-02-20T22:00:34.885215+00:00 [queued]>
[2023-02-20 22:00:37,107] {taskinstance.py:1238} INFO - 
--------------------------------------------------------------------------------
[2023-02-20 22:00:37,108] {taskinstance.py:1239} INFO - Starting attempt 1 of 2
[2023-02-20 22:00:37,119] {taskinstance.py:1240} INFO - 
--------------------------------------------------------------------------------
[2023-02-20 22:00:37,191] {taskinstance.py:1259} INFO - Executing <Task(_PythonDecoratedOperator): say_id> on 2023-02-20 22:00:34.885215+00:00
[2023-02-20 22:00:37,226] {standard_task_runner.py:52} INFO - Started process 1517 to run task
[2023-02-20 22:00:37,240] {standard_task_runner.py:76} INFO - Running: ['***', 'tasks', 'run', 'tutorial', 'say_id', 'manual__2023-02-20T22:00:34.885215+00:00', '--job-id', '143', '--raw', '--subdir', 'DAGS_FOLDER/reddit_ingestion_dag.py', '--cfg-path', '/tmp/tmp_moj6u11', '--error-file', '/tmp/tmpd8_t7mtm']
[2023-02-20 22:00:37,244] {standard_task_runner.py:77} INFO - Job 143: Subtask say_id
[2023-02-20 22:00:37,526] {logging_mixin.py:109} INFO - Running <TaskInstance: tutorial.say_id manual__2023-02-20T22:00:34.885215+00:00 [running]> on host 1b319cb4c67b
[2023-02-20 22:00:37,693] {taskinstance.py:1426} INFO - Exporting the following env vars:
AIRFLOW_CTX_DAG_EMAIL=***@example.com
AIRFLOW_CTX_DAG_OWNER=***
AIRFLOW_CTX_DAG_ID=tutorial
AIRFLOW_CTX_TASK_ID=say_id
AIRFLOW_CTX_EXECUTION_DATE=2023-02-20T22:00:34.885215+00:00
AIRFLOW_CTX_DAG_RUN_ID=manual__2023-02-20T22:00:34.885215+00:00
[2023-02-20 22:00:37,700] {logging_mixin.py:109} INFO - Hi
[2023-02-20 22:00:37,701] {python.py:175} INFO - Done. Returned value was: None
[2023-02-20 22:00:37,724] {taskinstance.py:1277} INFO - Marking task as SUCCESS. dag_id=tutorial, task_id=say_id, execution_date=20230220T220034, start_date=20230220T220037, end_date=20230220T220037
[2023-02-20 22:00:37,794] {local_task_job.py:154} INFO - Task exited with return code 0
[2023-02-20 22:00:37,899] {local_task_job.py:264} INFO - 1 downstream tasks scheduled from follow-on schedule check
