[2023-02-21 22:00:37,498] {taskinstance.py:1032} INFO - Dependencies all met for <TaskInstance: tutorial.say_id manual__2023-02-21T22:00:33.857277+00:00 [queued]>
[2023-02-21 22:00:37,540] {taskinstance.py:1032} INFO - Dependencies all met for <TaskInstance: tutorial.say_id manual__2023-02-21T22:00:33.857277+00:00 [queued]>
[2023-02-21 22:00:37,541] {taskinstance.py:1238} INFO - 
--------------------------------------------------------------------------------
[2023-02-21 22:00:37,543] {taskinstance.py:1239} INFO - Starting attempt 1 of 2
[2023-02-21 22:00:37,545] {taskinstance.py:1240} INFO - 
--------------------------------------------------------------------------------
[2023-02-21 22:00:37,578] {taskinstance.py:1259} INFO - Executing <Task(_PythonDecoratedOperator): say_id> on 2023-02-21 22:00:33.857277+00:00
[2023-02-21 22:00:37,596] {standard_task_runner.py:52} INFO - Started process 252 to run task
[2023-02-21 22:00:37,606] {standard_task_runner.py:76} INFO - Running: ['***', 'tasks', 'run', 'tutorial', 'say_id', 'manual__2023-02-21T22:00:33.857277+00:00', '--job-id', '27', '--raw', '--subdir', 'DAGS_FOLDER/reddit_ingestion_dag.py', '--cfg-path', '/tmp/tmp5jh9nftd', '--error-file', '/tmp/tmprx_rtzqu']
[2023-02-21 22:00:37,609] {standard_task_runner.py:77} INFO - Job 27: Subtask say_id
[2023-02-21 22:00:37,760] {logging_mixin.py:109} INFO - Running <TaskInstance: tutorial.say_id manual__2023-02-21T22:00:33.857277+00:00 [running]> on host 541881d0ad34
[2023-02-21 22:00:38,247] {taskinstance.py:1426} INFO - Exporting the following env vars:
AIRFLOW_CTX_DAG_EMAIL=***@example.com
AIRFLOW_CTX_DAG_OWNER=***
AIRFLOW_CTX_DAG_ID=tutorial
AIRFLOW_CTX_TASK_ID=say_id
AIRFLOW_CTX_EXECUTION_DATE=2023-02-21T22:00:33.857277+00:00
AIRFLOW_CTX_DAG_RUN_ID=manual__2023-02-21T22:00:33.857277+00:00
[2023-02-21 22:00:38,249] {logging_mixin.py:109} INFO - Hi
[2023-02-21 22:00:38,251] {python.py:175} INFO - Done. Returned value was: None
[2023-02-21 22:00:38,275] {taskinstance.py:1277} INFO - Marking task as SUCCESS. dag_id=tutorial, task_id=say_id, execution_date=20230221T220033, start_date=20230221T220037, end_date=20230221T220038
[2023-02-21 22:00:38,356] {local_task_job.py:154} INFO - Task exited with return code 0
[2023-02-21 22:00:38,410] {local_task_job.py:264} INFO - 1 downstream tasks scheduled from follow-on schedule check
