[2023-02-24 00:45:59,290] {processor.py:163} INFO - Started process (PID=94028) to work on /opt/airflow/dags/reddit_ingestion_dag.py
[2023-02-24 00:45:59,297] {processor.py:642} INFO - Processing file /opt/airflow/dags/reddit_ingestion_dag.py for tasks to queue
[2023-02-24 00:45:59,301] {logging_mixin.py:109} INFO - [2023-02-24 00:45:59,301] {dagbag.py:500} INFO - Filling up the DagBag from /opt/airflow/dags/reddit_ingestion_dag.py
[2023-02-24 00:46:00,980] {processor.py:654} INFO - DAG(s) dict_keys(['tutorial']) retrieved from /opt/airflow/dags/reddit_ingestion_dag.py
[2023-02-24 00:46:01,439] {processor.py:608} INFO - Executed failure callback for <TaskInstance: tutorial.scraping scheduled__2023-02-22T20:48:30.663472+00:00 [up_for_retry]> in state up_for_retry
[2023-02-24 00:46:01,801] {logging_mixin.py:109} INFO - [2023-02-24 00:46:01,796] {dag.py:2396} INFO - Sync 1 DAGs
[2023-02-24 00:46:02,032] {logging_mixin.py:109} INFO - [2023-02-24 00:46:02,032] {dag.py:2935} INFO - Setting next_dagrun for tutorial to 2023-02-23T20:48:30.663472+00:00
[2023-02-24 00:46:02,064] {processor.py:171} INFO - Processing /opt/airflow/dags/reddit_ingestion_dag.py took 2.787 seconds
[2023-02-24 08:46:24,962] {processor.py:163} INFO - Started process (PID=94042) to work on /opt/airflow/dags/reddit_ingestion_dag.py
[2023-02-24 08:46:24,985] {processor.py:642} INFO - Processing file /opt/airflow/dags/reddit_ingestion_dag.py for tasks to queue
[2023-02-24 08:46:24,996] {logging_mixin.py:109} INFO - [2023-02-24 08:46:24,995] {dagbag.py:500} INFO - Filling up the DagBag from /opt/airflow/dags/reddit_ingestion_dag.py
[2023-02-24 08:46:34,948] {processor.py:654} INFO - DAG(s) dict_keys(['tutorial']) retrieved from /opt/airflow/dags/reddit_ingestion_dag.py
[2023-02-24 08:46:35,162] {logging_mixin.py:109} INFO - [2023-02-24 08:46:35,161] {dag.py:2396} INFO - Sync 1 DAGs
[2023-02-24 08:46:35,414] {logging_mixin.py:109} INFO - [2023-02-24 08:46:35,413] {dag.py:2935} INFO - Setting next_dagrun for tutorial to 2023-02-23T20:48:30.663472+00:00
[2023-02-24 08:46:35,514] {processor.py:171} INFO - Processing /opt/airflow/dags/reddit_ingestion_dag.py took 10.601 seconds
[2023-02-24 13:42:59,810] {processor.py:163} INFO - Started process (PID=94063) to work on /opt/airflow/dags/reddit_ingestion_dag.py
[2023-02-24 13:42:59,816] {processor.py:642} INFO - Processing file /opt/airflow/dags/reddit_ingestion_dag.py for tasks to queue
[2023-02-24 13:42:59,821] {logging_mixin.py:109} INFO - [2023-02-24 13:42:59,821] {dagbag.py:500} INFO - Filling up the DagBag from /opt/airflow/dags/reddit_ingestion_dag.py
[2023-02-24 13:43:13,058] {processor.py:654} INFO - DAG(s) dict_keys(['tutorial']) retrieved from /opt/airflow/dags/reddit_ingestion_dag.py
[2023-02-24 13:43:13,083] {logging_mixin.py:109} INFO - [2023-02-24 13:43:13,082] {dag.py:2396} INFO - Sync 1 DAGs
[2023-02-24 13:43:13,129] {logging_mixin.py:109} INFO - [2023-02-24 13:43:13,128] {dag.py:2935} INFO - Setting next_dagrun for tutorial to 2023-02-23T20:48:30.663472+00:00
[2023-02-24 13:43:13,162] {processor.py:171} INFO - Processing /opt/airflow/dags/reddit_ingestion_dag.py took 13.378 seconds
[2023-02-24 20:11:29,956] {processor.py:163} INFO - Started process (PID=94070) to work on /opt/airflow/dags/reddit_ingestion_dag.py
[2023-02-24 20:11:29,968] {processor.py:642} INFO - Processing file /opt/airflow/dags/reddit_ingestion_dag.py for tasks to queue
[2023-02-24 20:11:29,980] {logging_mixin.py:109} INFO - [2023-02-24 20:11:29,978] {dagbag.py:500} INFO - Filling up the DagBag from /opt/airflow/dags/reddit_ingestion_dag.py
[2023-02-24 20:11:31,598] {processor.py:654} INFO - DAG(s) dict_keys(['tutorial']) retrieved from /opt/airflow/dags/reddit_ingestion_dag.py
[2023-02-24 20:11:31,622] {logging_mixin.py:109} INFO - [2023-02-24 20:11:31,620] {dag.py:2396} INFO - Sync 1 DAGs
[2023-02-24 20:11:31,664] {logging_mixin.py:109} INFO - [2023-02-24 20:11:31,664] {dag.py:2935} INFO - Setting next_dagrun for tutorial to 2023-02-23T20:48:30.663472+00:00
[2023-02-24 20:11:31,684] {processor.py:171} INFO - Processing /opt/airflow/dags/reddit_ingestion_dag.py took 1.759 seconds
[2023-02-24 20:12:02,770] {processor.py:163} INFO - Started process (PID=94093) to work on /opt/airflow/dags/reddit_ingestion_dag.py
[2023-02-24 20:12:02,774] {processor.py:642} INFO - Processing file /opt/airflow/dags/reddit_ingestion_dag.py for tasks to queue
[2023-02-24 20:12:02,781] {logging_mixin.py:109} INFO - [2023-02-24 20:12:02,780] {dagbag.py:500} INFO - Filling up the DagBag from /opt/airflow/dags/reddit_ingestion_dag.py
[2023-02-24 20:12:07,642] {processor.py:654} INFO - DAG(s) dict_keys(['tutorial']) retrieved from /opt/airflow/dags/reddit_ingestion_dag.py
[2023-02-24 20:12:07,684] {logging_mixin.py:109} INFO - [2023-02-24 20:12:07,679] {dag.py:2396} INFO - Sync 1 DAGs
[2023-02-24 20:12:07,734] {logging_mixin.py:109} INFO - [2023-02-24 20:12:07,734] {dag.py:2935} INFO - Setting next_dagrun for tutorial to 2023-02-23T20:48:30.663472+00:00
[2023-02-24 20:12:07,761] {processor.py:171} INFO - Processing /opt/airflow/dags/reddit_ingestion_dag.py took 4.999 seconds
[2023-02-24 20:24:26,331] {processor.py:163} INFO - Started process (PID=94116) to work on /opt/airflow/dags/reddit_ingestion_dag.py
[2023-02-24 20:24:26,333] {processor.py:642} INFO - Processing file /opt/airflow/dags/reddit_ingestion_dag.py for tasks to queue
[2023-02-24 20:24:26,335] {logging_mixin.py:109} INFO - [2023-02-24 20:24:26,335] {dagbag.py:500} INFO - Filling up the DagBag from /opt/airflow/dags/reddit_ingestion_dag.py
[2023-02-24 20:24:28,142] {processor.py:654} INFO - DAG(s) dict_keys(['tutorial']) retrieved from /opt/airflow/dags/reddit_ingestion_dag.py
[2023-02-24 20:24:28,171] {logging_mixin.py:109} INFO - [2023-02-24 20:24:28,169] {dag.py:2396} INFO - Sync 1 DAGs
[2023-02-24 20:24:28,218] {logging_mixin.py:109} INFO - [2023-02-24 20:24:28,218] {dag.py:2935} INFO - Setting next_dagrun for tutorial to 2023-02-23T20:48:30.663472+00:00
[2023-02-24 20:24:28,241] {processor.py:171} INFO - Processing /opt/airflow/dags/reddit_ingestion_dag.py took 1.916 seconds
[2023-02-24 20:24:58,488] {processor.py:163} INFO - Started process (PID=94140) to work on /opt/airflow/dags/reddit_ingestion_dag.py
[2023-02-24 20:24:58,492] {processor.py:642} INFO - Processing file /opt/airflow/dags/reddit_ingestion_dag.py for tasks to queue
[2023-02-24 20:24:58,495] {logging_mixin.py:109} INFO - [2023-02-24 20:24:58,495] {dagbag.py:500} INFO - Filling up the DagBag from /opt/airflow/dags/reddit_ingestion_dag.py
[2023-02-24 20:24:59,436] {processor.py:654} INFO - DAG(s) dict_keys(['tutorial']) retrieved from /opt/airflow/dags/reddit_ingestion_dag.py
[2023-02-24 20:24:59,456] {logging_mixin.py:109} INFO - [2023-02-24 20:24:59,455] {dag.py:2396} INFO - Sync 1 DAGs
[2023-02-24 20:24:59,490] {logging_mixin.py:109} INFO - [2023-02-24 20:24:59,490] {dag.py:2935} INFO - Setting next_dagrun for tutorial to 2023-02-23T20:48:30.663472+00:00
[2023-02-24 20:24:59,522] {processor.py:171} INFO - Processing /opt/airflow/dags/reddit_ingestion_dag.py took 1.042 seconds
[2023-02-24 20:25:29,600] {processor.py:163} INFO - Started process (PID=94162) to work on /opt/airflow/dags/reddit_ingestion_dag.py
[2023-02-24 20:25:29,603] {processor.py:642} INFO - Processing file /opt/airflow/dags/reddit_ingestion_dag.py for tasks to queue
[2023-02-24 20:25:29,606] {logging_mixin.py:109} INFO - [2023-02-24 20:25:29,606] {dagbag.py:500} INFO - Filling up the DagBag from /opt/airflow/dags/reddit_ingestion_dag.py
[2023-02-24 20:25:30,548] {processor.py:654} INFO - DAG(s) dict_keys(['tutorial']) retrieved from /opt/airflow/dags/reddit_ingestion_dag.py
[2023-02-24 20:25:30,561] {logging_mixin.py:109} INFO - [2023-02-24 20:25:30,560] {dag.py:2396} INFO - Sync 1 DAGs
[2023-02-24 20:25:30,581] {logging_mixin.py:109} INFO - [2023-02-24 20:25:30,581] {dag.py:2935} INFO - Setting next_dagrun for tutorial to 2023-02-23T20:48:30.663472+00:00
[2023-02-24 20:25:30,594] {processor.py:171} INFO - Processing /opt/airflow/dags/reddit_ingestion_dag.py took 1.001 seconds
[2023-02-24 20:26:01,588] {processor.py:163} INFO - Started process (PID=94184) to work on /opt/airflow/dags/reddit_ingestion_dag.py
[2023-02-24 20:26:01,595] {processor.py:642} INFO - Processing file /opt/airflow/dags/reddit_ingestion_dag.py for tasks to queue
[2023-02-24 20:26:01,599] {logging_mixin.py:109} INFO - [2023-02-24 20:26:01,598] {dagbag.py:500} INFO - Filling up the DagBag from /opt/airflow/dags/reddit_ingestion_dag.py
[2023-02-24 20:26:02,775] {processor.py:654} INFO - DAG(s) dict_keys(['tutorial']) retrieved from /opt/airflow/dags/reddit_ingestion_dag.py
[2023-02-24 20:26:02,793] {logging_mixin.py:109} INFO - [2023-02-24 20:26:02,792] {dag.py:2396} INFO - Sync 1 DAGs
[2023-02-24 20:26:02,820] {logging_mixin.py:109} INFO - [2023-02-24 20:26:02,820] {dag.py:2935} INFO - Setting next_dagrun for tutorial to 2023-02-23T20:48:30.663472+00:00
[2023-02-24 20:26:02,840] {processor.py:171} INFO - Processing /opt/airflow/dags/reddit_ingestion_dag.py took 1.261 seconds
[2023-02-24 20:26:33,056] {processor.py:163} INFO - Started process (PID=94216) to work on /opt/airflow/dags/reddit_ingestion_dag.py
[2023-02-24 20:26:33,059] {processor.py:642} INFO - Processing file /opt/airflow/dags/reddit_ingestion_dag.py for tasks to queue
[2023-02-24 20:26:33,061] {logging_mixin.py:109} INFO - [2023-02-24 20:26:33,061] {dagbag.py:500} INFO - Filling up the DagBag from /opt/airflow/dags/reddit_ingestion_dag.py
[2023-02-24 20:26:33,938] {processor.py:654} INFO - DAG(s) dict_keys(['tutorial']) retrieved from /opt/airflow/dags/reddit_ingestion_dag.py
[2023-02-24 20:26:33,953] {logging_mixin.py:109} INFO - [2023-02-24 20:26:33,952] {dag.py:2396} INFO - Sync 1 DAGs
[2023-02-24 20:26:33,975] {logging_mixin.py:109} INFO - [2023-02-24 20:26:33,975] {dag.py:2935} INFO - Setting next_dagrun for tutorial to 2023-02-23T20:48:30.663472+00:00
[2023-02-24 20:26:33,989] {processor.py:171} INFO - Processing /opt/airflow/dags/reddit_ingestion_dag.py took 0.939 seconds
[2023-02-24 21:45:53,383] {processor.py:163} INFO - Started process (PID=94230) to work on /opt/airflow/dags/reddit_ingestion_dag.py
[2023-02-24 21:45:53,404] {processor.py:642} INFO - Processing file /opt/airflow/dags/reddit_ingestion_dag.py for tasks to queue
[2023-02-24 21:45:53,461] {logging_mixin.py:109} INFO - [2023-02-24 21:45:53,458] {dagbag.py:500} INFO - Filling up the DagBag from /opt/airflow/dags/reddit_ingestion_dag.py
[2023-02-24 21:45:58,722] {processor.py:654} INFO - DAG(s) dict_keys(['tutorial']) retrieved from /opt/airflow/dags/reddit_ingestion_dag.py
[2023-02-24 21:45:58,801] {logging_mixin.py:109} INFO - [2023-02-24 21:45:58,800] {dag.py:2396} INFO - Sync 1 DAGs
[2023-02-24 21:45:58,873] {logging_mixin.py:109} INFO - [2023-02-24 21:45:58,872] {dag.py:2935} INFO - Setting next_dagrun for tutorial to 2023-02-24T20:48:30.663472+00:00
[2023-02-24 21:45:58,913] {processor.py:171} INFO - Processing /opt/airflow/dags/reddit_ingestion_dag.py took 5.583 seconds
[2023-02-24 23:04:35,128] {processor.py:163} INFO - Started process (PID=94253) to work on /opt/airflow/dags/reddit_ingestion_dag.py
[2023-02-24 23:04:35,158] {processor.py:642} INFO - Processing file /opt/airflow/dags/reddit_ingestion_dag.py for tasks to queue
[2023-02-24 23:04:35,163] {logging_mixin.py:109} INFO - [2023-02-24 23:04:35,163] {dagbag.py:500} INFO - Filling up the DagBag from /opt/airflow/dags/reddit_ingestion_dag.py
[2023-02-24 23:04:43,096] {processor.py:654} INFO - DAG(s) dict_keys(['tutorial']) retrieved from /opt/airflow/dags/reddit_ingestion_dag.py
[2023-02-24 23:04:43,774] {processor.py:608} INFO - Executed failure callback for <TaskInstance: tutorial.scraping scheduled__2023-02-23T20:48:30.663472+00:00 [up_for_retry]> in state up_for_retry
[2023-02-24 23:04:43,948] {logging_mixin.py:109} INFO - [2023-02-24 23:04:43,947] {dag.py:2396} INFO - Sync 1 DAGs
[2023-02-24 23:04:44,150] {logging_mixin.py:109} INFO - [2023-02-24 23:04:44,149] {dag.py:2935} INFO - Setting next_dagrun for tutorial to 2023-02-24T20:48:30.663472+00:00
[2023-02-24 23:04:44,260] {processor.py:171} INFO - Processing /opt/airflow/dags/reddit_ingestion_dag.py took 9.162 seconds
[2023-02-24 23:05:15,735] {processor.py:163} INFO - Started process (PID=94267) to work on /opt/airflow/dags/reddit_ingestion_dag.py
[2023-02-24 23:05:15,797] {processor.py:642} INFO - Processing file /opt/airflow/dags/reddit_ingestion_dag.py for tasks to queue
[2023-02-24 23:05:15,817] {logging_mixin.py:109} INFO - [2023-02-24 23:05:15,807] {dagbag.py:500} INFO - Filling up the DagBag from /opt/airflow/dags/reddit_ingestion_dag.py
[2023-02-24 23:05:22,231] {processor.py:654} INFO - DAG(s) dict_keys(['tutorial']) retrieved from /opt/airflow/dags/reddit_ingestion_dag.py
[2023-02-24 23:05:22,291] {logging_mixin.py:109} INFO - [2023-02-24 23:05:22,289] {dag.py:2396} INFO - Sync 1 DAGs
[2023-02-24 23:05:22,356] {logging_mixin.py:109} INFO - [2023-02-24 23:05:22,356] {dag.py:2935} INFO - Setting next_dagrun for tutorial to 2023-02-24T20:48:30.663472+00:00
[2023-02-24 23:05:22,410] {processor.py:171} INFO - Processing /opt/airflow/dags/reddit_ingestion_dag.py took 6.769 seconds
[2023-02-24 23:58:41,646] {processor.py:163} INFO - Started process (PID=94272) to work on /opt/airflow/dags/reddit_ingestion_dag.py
[2023-02-24 23:58:41,654] {processor.py:642} INFO - Processing file /opt/airflow/dags/reddit_ingestion_dag.py for tasks to queue
[2023-02-24 23:58:41,659] {logging_mixin.py:109} INFO - [2023-02-24 23:58:41,658] {dagbag.py:500} INFO - Filling up the DagBag from /opt/airflow/dags/reddit_ingestion_dag.py
[2023-02-24 23:58:45,682] {processor.py:654} INFO - DAG(s) dict_keys(['tutorial']) retrieved from /opt/airflow/dags/reddit_ingestion_dag.py
[2023-02-24 23:58:45,711] {logging_mixin.py:109} INFO - [2023-02-24 23:58:45,710] {dag.py:2396} INFO - Sync 1 DAGs
[2023-02-24 23:58:45,760] {logging_mixin.py:109} INFO - [2023-02-24 23:58:45,760] {dag.py:2935} INFO - Setting next_dagrun for tutorial to 2023-02-24T20:48:30.663472+00:00
[2023-02-24 23:58:45,793] {processor.py:171} INFO - Processing /opt/airflow/dags/reddit_ingestion_dag.py took 4.159 seconds
