[2023-02-20 21:08:55,345] {taskinstance.py:1032} INFO - Dependencies all met for <TaskInstance: tutorial.say_id manual__2023-02-20T21:08:54.129960+00:00 [queued]>
[2023-02-20 21:08:55,364] {taskinstance.py:1032} INFO - Dependencies all met for <TaskInstance: tutorial.say_id manual__2023-02-20T21:08:54.129960+00:00 [queued]>
[2023-02-20 21:08:55,365] {taskinstance.py:1238} INFO - 
--------------------------------------------------------------------------------
[2023-02-20 21:08:55,367] {taskinstance.py:1239} INFO - Starting attempt 1 of 2
[2023-02-20 21:08:55,369] {taskinstance.py:1240} INFO - 
--------------------------------------------------------------------------------
[2023-02-20 21:08:55,394] {taskinstance.py:1259} INFO - Executing <Task(_PythonDecoratedOperator): say_id> on 2023-02-20 21:08:54.129960+00:00
[2023-02-20 21:08:55,401] {standard_task_runner.py:52} INFO - Started process 159 to run task
[2023-02-20 21:08:55,410] {standard_task_runner.py:76} INFO - Running: ['***', 'tasks', 'run', 'tutorial', 'say_id', 'manual__2023-02-20T21:08:54.129960+00:00', '--job-id', '120', '--raw', '--subdir', 'DAGS_FOLDER/reddit_ingestion_dag.py', '--cfg-path', '/tmp/tmpabcaoxdl', '--error-file', '/tmp/tmpj2iag14v']
[2023-02-20 21:08:55,412] {standard_task_runner.py:77} INFO - Job 120: Subtask say_id
[2023-02-20 21:08:55,497] {logging_mixin.py:109} INFO - Running <TaskInstance: tutorial.say_id manual__2023-02-20T21:08:54.129960+00:00 [running]> on host 204ab6debc05
[2023-02-20 21:08:55,568] {taskinstance.py:1426} INFO - Exporting the following env vars:
AIRFLOW_CTX_DAG_EMAIL=***@example.com
AIRFLOW_CTX_DAG_OWNER=***
AIRFLOW_CTX_DAG_ID=tutorial
AIRFLOW_CTX_TASK_ID=say_id
AIRFLOW_CTX_EXECUTION_DATE=2023-02-20T21:08:54.129960+00:00
AIRFLOW_CTX_DAG_RUN_ID=manual__2023-02-20T21:08:54.129960+00:00
[2023-02-20 21:08:55,570] {logging_mixin.py:109} INFO - Hi
[2023-02-20 21:08:55,571] {python.py:175} INFO - Done. Returned value was: None
[2023-02-20 21:08:55,587] {taskinstance.py:1277} INFO - Marking task as SUCCESS. dag_id=tutorial, task_id=say_id, execution_date=20230220T210854, start_date=20230220T210855, end_date=20230220T210855
[2023-02-20 21:08:55,622] {local_task_job.py:154} INFO - Task exited with return code 0
[2023-02-20 21:08:55,668] {local_task_job.py:264} INFO - 1 downstream tasks scheduled from follow-on schedule check
