[2023-02-20 21:46:13,769] {taskinstance.py:1032} INFO - Dependencies all met for <TaskInstance: tutorial.say_id manual__2023-02-20T21:46:11.850921+00:00 [queued]>
[2023-02-20 21:46:13,800] {taskinstance.py:1032} INFO - Dependencies all met for <TaskInstance: tutorial.say_id manual__2023-02-20T21:46:11.850921+00:00 [queued]>
[2023-02-20 21:46:13,802] {taskinstance.py:1238} INFO - 
--------------------------------------------------------------------------------
[2023-02-20 21:46:13,804] {taskinstance.py:1239} INFO - Starting attempt 1 of 2
[2023-02-20 21:46:13,805] {taskinstance.py:1240} INFO - 
--------------------------------------------------------------------------------
[2023-02-20 21:46:13,830] {taskinstance.py:1259} INFO - Executing <Task(_PythonDecoratedOperator): say_id> on 2023-02-20 21:46:11.850921+00:00
[2023-02-20 21:46:13,841] {standard_task_runner.py:52} INFO - Started process 387 to run task
[2023-02-20 21:46:13,850] {standard_task_runner.py:76} INFO - Running: ['***', 'tasks', 'run', 'tutorial', 'say_id', 'manual__2023-02-20T21:46:11.850921+00:00', '--job-id', '134', '--raw', '--subdir', 'DAGS_FOLDER/reddit_ingestion_dag.py', '--cfg-path', '/tmp/tmp7b5k15tr', '--error-file', '/tmp/tmpb3n4a4wr']
[2023-02-20 21:46:13,853] {standard_task_runner.py:77} INFO - Job 134: Subtask say_id
[2023-02-20 21:46:13,972] {logging_mixin.py:109} INFO - Running <TaskInstance: tutorial.say_id manual__2023-02-20T21:46:11.850921+00:00 [running]> on host 1b319cb4c67b
[2023-02-20 21:46:14,063] {taskinstance.py:1426} INFO - Exporting the following env vars:
AIRFLOW_CTX_DAG_EMAIL=***@example.com
AIRFLOW_CTX_DAG_OWNER=***
AIRFLOW_CTX_DAG_ID=tutorial
AIRFLOW_CTX_TASK_ID=say_id
AIRFLOW_CTX_EXECUTION_DATE=2023-02-20T21:46:11.850921+00:00
AIRFLOW_CTX_DAG_RUN_ID=manual__2023-02-20T21:46:11.850921+00:00
[2023-02-20 21:46:14,066] {logging_mixin.py:109} INFO - Hi
[2023-02-20 21:46:14,068] {python.py:175} INFO - Done. Returned value was: None
[2023-02-20 21:46:14,086] {taskinstance.py:1277} INFO - Marking task as SUCCESS. dag_id=tutorial, task_id=say_id, execution_date=20230220T214611, start_date=20230220T214613, end_date=20230220T214614
[2023-02-20 21:46:14,152] {local_task_job.py:154} INFO - Task exited with return code 0
[2023-02-20 21:46:14,207] {local_task_job.py:264} INFO - 1 downstream tasks scheduled from follow-on schedule check
