[2023-02-10 08:24:53,235] {taskinstance.py:1032} INFO - Dependencies all met for <TaskInstance: tutorial.say_id manual__2023-02-10T08:24:51.404515+00:00 [queued]>
[2023-02-10 08:24:53,355] {taskinstance.py:1032} INFO - Dependencies all met for <TaskInstance: tutorial.say_id manual__2023-02-10T08:24:51.404515+00:00 [queued]>
[2023-02-10 08:24:53,362] {taskinstance.py:1238} INFO - 
--------------------------------------------------------------------------------
[2023-02-10 08:24:53,369] {taskinstance.py:1239} INFO - Starting attempt 1 of 2
[2023-02-10 08:24:53,394] {taskinstance.py:1240} INFO - 
--------------------------------------------------------------------------------
[2023-02-10 08:24:53,486] {taskinstance.py:1259} INFO - Executing <Task(_PythonDecoratedOperator): say_id> on 2023-02-10 08:24:51.404515+00:00
[2023-02-10 08:24:53,509] {standard_task_runner.py:52} INFO - Started process 849 to run task
[2023-02-10 08:24:53,541] {standard_task_runner.py:76} INFO - Running: ['***', 'tasks', 'run', 'tutorial', 'say_id', 'manual__2023-02-10T08:24:51.404515+00:00', '--job-id', '31', '--raw', '--subdir', 'DAGS_FOLDER/reddit_ingestion_dag.py', '--cfg-path', '/tmp/tmpe3gkhbcn', '--error-file', '/tmp/tmptpdi_j85']
[2023-02-10 08:24:53,549] {standard_task_runner.py:77} INFO - Job 31: Subtask say_id
[2023-02-10 08:24:53,928] {logging_mixin.py:109} INFO - Running <TaskInstance: tutorial.say_id manual__2023-02-10T08:24:51.404515+00:00 [running]> on host 0d4e6ddbf377
[2023-02-10 08:24:54,208] {taskinstance.py:1426} INFO - Exporting the following env vars:
AIRFLOW_CTX_DAG_EMAIL=***@example.com
AIRFLOW_CTX_DAG_OWNER=***
AIRFLOW_CTX_DAG_ID=tutorial
AIRFLOW_CTX_TASK_ID=say_id
AIRFLOW_CTX_EXECUTION_DATE=2023-02-10T08:24:51.404515+00:00
AIRFLOW_CTX_DAG_RUN_ID=manual__2023-02-10T08:24:51.404515+00:00
[2023-02-10 08:24:54,211] {logging_mixin.py:109} INFO - Hi
[2023-02-10 08:24:54,212] {python.py:175} INFO - Done. Returned value was: None
[2023-02-10 08:24:54,236] {taskinstance.py:1277} INFO - Marking task as SUCCESS. dag_id=tutorial, task_id=say_id, execution_date=20230210T082451, start_date=20230210T082453, end_date=20230210T082454
[2023-02-10 08:24:54,275] {local_task_job.py:154} INFO - Task exited with return code 0
[2023-02-10 08:24:54,335] {local_task_job.py:264} INFO - 1 downstream tasks scheduled from follow-on schedule check
